ARM GAS  C:\Users\thoma\AppData\Local\Temp\ccBSONxe.s 			page 1


   1              		.syntax unified
   2              		.cpu cortex-m3
   3              		.fpu softvfp
   4              		.eabi_attribute 20, 1
   5              		.eabi_attribute 21, 1
   6              		.eabi_attribute 23, 3
   7              		.eabi_attribute 24, 1
   8              		.eabi_attribute 25, 1
   9              		.eabi_attribute 26, 1
  10              		.eabi_attribute 30, 1
  11              		.eabi_attribute 34, 1
  12              		.eabi_attribute 18, 4
  13              		.thumb
  14              		.syntax unified
  15              		.file	"cymetadata.c"
  16              		.text
  17              	.Ltext0:
  18              		.cfi_sections	.debug_frame
  19              		.global	cy_metadata
  20              		.global	cy_meta_flashprotect
  21              		.global	cy_meta_wonvl
  22              		.global	cy_meta_custnvl
  23              		.global	cy_meta_configecc
  24              		.section	.cyconfigecc,"a",%progbits
  25              		.align	2
  26              		.type	cy_meta_configecc, %object
  27              		.size	cy_meta_configecc, 212
  28              	cy_meta_configecc:
  29 0000 04       		.byte	4
  30 0001 4F       		.byte	79
  31 0002 00       		.byte	0
  32 0003 40       		.byte	64
  33 0004 01       		.byte	1
  34 0005 07       		.byte	7
  35 0006 01       		.byte	1
  36 0007 40       		.byte	64
  37 0008 03       		.byte	3
  38 0009 09       		.byte	9
  39 000a 01       		.byte	1
  40 000b 40       		.byte	64
  41 000c 04       		.byte	4
  42 000d 0A       		.byte	10
  43 000e 01       		.byte	1
  44 000f 40       		.byte	64
  45 0010 02       		.byte	2
  46 0011 0B       		.byte	11
  47 0012 01       		.byte	1
  48 0013 40       		.byte	64
  49 0014 01       		.byte	1
  50 0015 15       		.byte	21
  51 0016 01       		.byte	1
  52 0017 40       		.byte	64
  53 0018 01       		.byte	1
  54 0019 1B       		.byte	27
  55 001a 01       		.byte	1
  56 001b 40       		.byte	64
  57 001c 03       		.byte	3
ARM GAS  C:\Users\thoma\AppData\Local\Temp\ccBSONxe.s 			page 2


  58 001d 42       		.byte	66
  59 001e 01       		.byte	1
  60 001f 40       		.byte	64
  61 0020 03       		.byte	3
  62 0021 43       		.byte	67
  63 0022 01       		.byte	1
  64 0023 40       		.byte	64
  65 0024 02       		.byte	2
  66 0025 44       		.byte	68
  67 0026 01       		.byte	1
  68 0027 40       		.byte	64
  69 0028 01       		.byte	1
  70 0029 45       		.byte	69
  71 002a 01       		.byte	1
  72 002b 40       		.byte	64
  73 002c 03       		.byte	3
  74 002d 46       		.byte	70
  75 002e 01       		.byte	1
  76 002f 40       		.byte	64
  77 0030 03       		.byte	3
  78 0031 47       		.byte	71
  79 0032 01       		.byte	1
  80 0033 40       		.byte	64
  81 0034 02       		.byte	2
  82 0035 48       		.byte	72
  83 0036 01       		.byte	1
  84 0037 40       		.byte	64
  85 0038 01       		.byte	1
  86 0039 49       		.byte	73
  87 003a 01       		.byte	1
  88 003b 40       		.byte	64
  89 003c 01       		.byte	1
  90 003d 4C       		.byte	76
  91 003e 01       		.byte	1
  92 003f 40       		.byte	64
  93 0040 02       		.byte	2
  94 0041 4D       		.byte	77
  95 0042 01       		.byte	1
  96 0043 40       		.byte	64
  97 0044 01       		.byte	1
  98 0045 80       		.byte	-128
  99 0046 0A       		.byte	10
 100 0047 4B       		.byte	75
 101 0048 0D       		.byte	13
 102 0049 80       		.byte	-128
 103 004a 16       		.byte	22
 104 004b 4B       		.byte	75
 105 004c EE       		.byte	-18
 106 004d 0C       		.byte	12
 107 004e AB       		.byte	-85
 108 004f 20       		.byte	32
 109 0050 AF       		.byte	-81
 110 0051 20       		.byte	32
 111 0052 B5       		.byte	-75
 112 0053 02       		.byte	2
 113 0054 B8       		.byte	-72
 114 0055 22       		.byte	34
ARM GAS  C:\Users\thoma\AppData\Local\Temp\ccBSONxe.s 			page 3


 115 0056 BE       		.byte	-66
 116 0057 11       		.byte	17
 117 0058 D8       		.byte	-40
 118 0059 04       		.byte	4
 119 005a DF       		.byte	-33
 120 005b 01       		.byte	1
 121 005c 1D       		.byte	29
 122 005d 02       		.byte	2
 123 005e 1F       		.byte	31
 124 005f 20       		.byte	32
 125 0060 EC       		.byte	-20
 126 0061 10       		.byte	16
 127 0062 EC       		.byte	-20
 128 0063 10       		.byte	16
 129 0064 63       		.byte	99
 130 0065 02       		.byte	2
 131 0066 67       		.byte	103
 132 0067 02       		.byte	2
 133 0068 D6       		.byte	-42
 134 0069 C0       		.byte	-64
 135 006a AB       		.byte	-85
 136 006b 01       		.byte	1
 137 006c AF       		.byte	-81
 138 006d 01       		.byte	1
 139 006e EE       		.byte	-18
 140 006f 30       		.byte	48
 141 0070 7C       		.byte	124
 142 0071 01       		.byte	1
 143 0072 DE       		.byte	-34
 144 0073 01       		.byte	1
 145 0074 94       		.byte	-108
 146 0075 01       		.byte	1
 147 0076 45       		.byte	69
 148 0077 08       		.byte	8
 149 0078 94       		.byte	-108
 150 0079 01       		.byte	1
 151 007a D0       		.byte	-48
 152 007b 01       		.byte	1
 153 007c A5       		.byte	-91
 154 007d 08       		.byte	8
 155 007e B4       		.byte	-76
 156 007f 01       		.byte	1
 157 0080 EC       		.byte	-20
 158 0081 08       		.byte	8
 159 0082 25       		.byte	37
 160 0083 10       		.byte	16
 161 0084 C8       		.byte	-56
 162 0085 20       		.byte	32
 163 0086 B5       		.byte	-75
 164 0087 10       		.byte	16
 165 0088 A5       		.byte	-91
 166 0089 08       		.byte	8
 167 008a B5       		.byte	-75
 168 008b 08       		.byte	8
 169 008c EC       		.byte	-20
 170 008d 08       		.byte	8
 171 008e 00       		.byte	0
ARM GAS  C:\Users\thoma\AppData\Local\Temp\ccBSONxe.s 			page 4


 172 008f 00       		.byte	0
 173 0090 42       		.byte	66
 174 0091 00       		.byte	0
 175 0092 00       		.byte	0
 176 0093 63       		.byte	99
 177 0094 63       		.byte	99
 178 0095 00       		.byte	0
 179 0096 00       		.byte	0
 180 0097 00       		.byte	0
 181 0098 80       		.byte	-128
 182 0099 00       		.byte	0
 183 009a 00       		.byte	0
 184 009b 00       		.byte	0
 185 009c 3C       		.byte	60
 186 009d 00       		.byte	0
 187 009e 00       		.byte	0
 188 009f 00       		.byte	0
 189 00a0 00       		.byte	0
 190 00a1 00       		.byte	0
 191 00a2 00       		.byte	0
 192 00a3 00       		.byte	0
 193 00a4 01       		.byte	1
 194 00a5 00       		.byte	0
 195 00a6 00       		.byte	0
 196 00a7 01       		.byte	1
 197 00a8 00       		.byte	0
 198 00a9 00       		.byte	0
 199 00aa 00       		.byte	0
 200 00ab 00       		.byte	0
 201 00ac 22       		.byte	34
 202 00ad 00       		.byte	0
 203 00ae 00       		.byte	0
 204 00af 00       		.byte	0
 205 00b0 00       		.byte	0
 206 00b1 0B       		.byte	11
 207 00b2 0B       		.byte	11
 208 00b3 00       		.byte	0
 209 00b4 00       		.byte	0
 210 00b5 00       		.byte	0
 211 00b6 00       		.byte	0
 212 00b7 00       		.byte	0
 213 00b8 80       		.byte	-128
 214 00b9 00       		.byte	0
 215 00ba 00       		.byte	0
 216 00bb FF       		.byte	-1
 217 00bc 7F       		.byte	127
 218 00bd 00       		.byte	0
 219 00be 00       		.byte	0
 220 00bf 00       		.byte	0
 221 00c0 00       		.byte	0
 222 00c1 00       		.byte	0
 223 00c2 00       		.byte	0
 224 00c3 00       		.byte	0
 225 00c4 60       		.byte	96
 226 00c5 00       		.byte	0
 227 00c6 00       		.byte	0
 228 00c7 60       		.byte	96
ARM GAS  C:\Users\thoma\AppData\Local\Temp\ccBSONxe.s 			page 5


 229 00c8 1A       		.byte	26
 230 00c9 00       		.byte	0
 231 00ca 00       		.byte	0
 232 00cb 00       		.byte	0
 233 00cc 00       		.byte	0
 234 00cd 00       		.byte	0
 235 00ce 00       		.byte	0
 236 00cf 00       		.byte	0
 237 00d0 25       		.byte	37
 238 00d1 00       		.byte	0
 239 00d2 18       		.byte	24
 240 00d3 01       		.byte	1
 241              		.section	.cywolatch,"a",%progbits
 242              		.align	2
 243              		.type	cy_meta_wonvl, %object
 244              		.size	cy_meta_wonvl, 4
 245              	cy_meta_wonvl:
 246 0000 BC       		.byte	-68
 247 0001 90       		.byte	-112
 248 0002 AC       		.byte	-84
 249 0003 AF       		.byte	-81
 250              		.section	.cycustnvl,"a",%progbits
 251              		.align	2
 252              		.type	cy_meta_custnvl, %object
 253              		.size	cy_meta_custnvl, 4
 254              	cy_meta_custnvl:
 255 0000 00       		.byte	0
 256 0001 00       		.byte	0
 257 0002 40       		.byte	64
 258 0003 05       		.byte	5
 259              		.section	.cymeta,"a",%progbits
 260              		.align	2
 261              		.type	cy_metadata, %object
 262              		.size	cy_metadata, 12
 263              	cy_metadata:
 264 0000 00       		.byte	0
 265 0001 01       		.byte	1
 266 0002 2E       		.byte	46
 267 0003 16       		.byte	22
 268 0004 10       		.byte	16
 269 0005 69       		.byte	105
 270 0006 00       		.byte	0
 271 0007 01       		.byte	1
 272 0008 00       		.byte	0
 273 0009 00       		.byte	0
 274 000a 00       		.byte	0
 275 000b 00       		.byte	0
 276              		.section	.cyflashprotect,"a",%progbits
 277              		.align	2
 278              		.type	cy_meta_flashprotect, %object
 279              		.size	cy_meta_flashprotect, 256
 280              	cy_meta_flashprotect:
 281 0000 00000000 		.space	256
 281      00000000 
 281      00000000 
 281      00000000 
 281      00000000 
ARM GAS  C:\Users\thoma\AppData\Local\Temp\ccBSONxe.s 			page 6


 282              		.text
 283              	.Letext0:
 284              		.file 1 "d:\\psoc\\psoc creator\\4.4\\psoc creator\\import\\gnu\\arm\\5.4.1\\arm-none-eabi\\includ
 285              		.file 2 "d:\\psoc\\psoc creator\\4.4\\psoc creator\\import\\gnu\\arm\\5.4.1\\arm-none-eabi\\includ
 286              		.file 3 "Generated_Source\\PSoC5\\cymetadata.c"
 287              		.section	.debug_info,"",%progbits
 288              	.Ldebug_info0:
 289 0000 30010000 		.4byte	0x130
 290 0004 0400     		.2byte	0x4
 291 0006 00000000 		.4byte	.Ldebug_abbrev0
 292 000a 04       		.byte	0x4
 293 000b 01       		.uleb128 0x1
 294 000c 24000000 		.4byte	.LASF17
 295 0010 0C       		.byte	0xc
 296 0011 F3010000 		.4byte	.LASF18
 297 0015 06010000 		.4byte	.LASF19
 298 0019 00000000 		.4byte	.Ldebug_line0
 299 001d 02       		.uleb128 0x2
 300 001e 01       		.byte	0x1
 301 001f 06       		.byte	0x6
 302 0020 E7010000 		.4byte	.LASF0
 303 0024 03       		.uleb128 0x3
 304 0025 00000000 		.4byte	.LASF9
 305 0029 01       		.byte	0x1
 306 002a 1D       		.byte	0x1d
 307 002b 2F000000 		.4byte	0x2f
 308 002f 02       		.uleb128 0x2
 309 0030 01       		.byte	0x1
 310 0031 08       		.byte	0x8
 311 0032 16000000 		.4byte	.LASF1
 312 0036 02       		.uleb128 0x2
 313 0037 02       		.byte	0x2
 314 0038 05       		.byte	0x5
 315 0039 D4010000 		.4byte	.LASF2
 316 003d 02       		.uleb128 0x2
 317 003e 02       		.byte	0x2
 318 003f 07       		.byte	0x7
 319 0040 C4000000 		.4byte	.LASF3
 320 0044 02       		.uleb128 0x2
 321 0045 04       		.byte	0x4
 322 0046 05       		.byte	0x5
 323 0047 DE010000 		.4byte	.LASF4
 324 004b 02       		.uleb128 0x2
 325 004c 04       		.byte	0x4
 326 004d 07       		.byte	0x7
 327 004e B2000000 		.4byte	.LASF5
 328 0052 02       		.uleb128 0x2
 329 0053 08       		.byte	0x8
 330 0054 05       		.byte	0x5
 331 0055 C6010000 		.4byte	.LASF6
 332 0059 02       		.uleb128 0x2
 333 005a 08       		.byte	0x8
 334 005b 07       		.byte	0x7
 335 005c 7B010000 		.4byte	.LASF7
 336 0060 04       		.uleb128 0x4
 337 0061 04       		.byte	0x4
 338 0062 05       		.byte	0x5
ARM GAS  C:\Users\thoma\AppData\Local\Temp\ccBSONxe.s 			page 7


 339 0063 696E7400 		.ascii	"int\000"
 340 0067 02       		.uleb128 0x2
 341 0068 04       		.byte	0x4
 342 0069 07       		.byte	0x7
 343 006a F9000000 		.4byte	.LASF8
 344 006e 03       		.uleb128 0x3
 345 006f 92010000 		.4byte	.LASF10
 346 0073 02       		.byte	0x2
 347 0074 18       		.byte	0x18
 348 0075 24000000 		.4byte	0x24
 349 0079 05       		.uleb128 0x5
 350 007a 90000000 		.4byte	0x90
 351 007e 89000000 		.4byte	0x89
 352 0082 06       		.uleb128 0x6
 353 0083 89000000 		.4byte	0x89
 354 0087 D3       		.byte	0xd3
 355 0088 00       		.byte	0
 356 0089 02       		.uleb128 0x2
 357 008a 04       		.byte	0x4
 358 008b 07       		.byte	0x7
 359 008c BD010000 		.4byte	.LASF11
 360 0090 07       		.uleb128 0x7
 361 0091 6E000000 		.4byte	0x6e
 362 0095 08       		.uleb128 0x8
 363 0096 E7000000 		.4byte	.LASF12
 364 009a 03       		.byte	0x3
 365 009b 1F       		.byte	0x1f
 366 009c A6000000 		.4byte	0xa6
 367 00a0 05       		.uleb128 0x5
 368 00a1 03       		.byte	0x3
 369 00a2 00000000 		.4byte	cy_meta_configecc
 370 00a6 07       		.uleb128 0x7
 371 00a7 79000000 		.4byte	0x79
 372 00ab 05       		.uleb128 0x5
 373 00ac 90000000 		.4byte	0x90
 374 00b0 BB000000 		.4byte	0xbb
 375 00b4 06       		.uleb128 0x6
 376 00b5 89000000 		.4byte	0x89
 377 00b9 03       		.byte	0x3
 378 00ba 00       		.byte	0
 379 00bb 08       		.uleb128 0x8
 380 00bc D7000000 		.4byte	.LASF13
 381 00c0 03       		.byte	0x3
 382 00c1 47       		.byte	0x47
 383 00c2 CC000000 		.4byte	0xcc
 384 00c6 05       		.uleb128 0x5
 385 00c7 03       		.byte	0x3
 386 00c8 00000000 		.4byte	cy_meta_custnvl
 387 00cc 07       		.uleb128 0x7
 388 00cd AB000000 		.4byte	0xab
 389 00d1 08       		.uleb128 0x8
 390 00d2 AF010000 		.4byte	.LASF14
 391 00d6 03       		.byte	0x3
 392 00d7 55       		.byte	0x55
 393 00d8 E2000000 		.4byte	0xe2
 394 00dc 05       		.uleb128 0x5
 395 00dd 03       		.byte	0x3
ARM GAS  C:\Users\thoma\AppData\Local\Temp\ccBSONxe.s 			page 8


 396 00de 00000000 		.4byte	cy_meta_wonvl
 397 00e2 07       		.uleb128 0x7
 398 00e3 AB000000 		.4byte	0xab
 399 00e7 05       		.uleb128 0x5
 400 00e8 90000000 		.4byte	0x90
 401 00ec F7000000 		.4byte	0xf7
 402 00f0 06       		.uleb128 0x6
 403 00f1 89000000 		.4byte	0x89
 404 00f5 FF       		.byte	0xff
 405 00f6 00       		.byte	0
 406 00f7 08       		.uleb128 0x8
 407 00f8 9A010000 		.4byte	.LASF15
 408 00fc 03       		.byte	0x3
 409 00fd 63       		.byte	0x63
 410 00fe 08010000 		.4byte	0x108
 411 0102 05       		.uleb128 0x5
 412 0103 03       		.byte	0x3
 413 0104 00000000 		.4byte	cy_meta_flashprotect
 414 0108 07       		.uleb128 0x7
 415 0109 E7000000 		.4byte	0xe7
 416 010d 05       		.uleb128 0x5
 417 010e 90000000 		.4byte	0x90
 418 0112 1D010000 		.4byte	0x11d
 419 0116 06       		.uleb128 0x6
 420 0117 89000000 		.4byte	0x89
 421 011b 0B       		.byte	0xb
 422 011c 00       		.byte	0
 423 011d 08       		.uleb128 0x8
 424 011e 0A000000 		.4byte	.LASF16
 425 0122 03       		.byte	0x3
 426 0123 90       		.byte	0x90
 427 0124 2E010000 		.4byte	0x12e
 428 0128 05       		.uleb128 0x5
 429 0129 03       		.byte	0x3
 430 012a 00000000 		.4byte	cy_metadata
 431 012e 07       		.uleb128 0x7
 432 012f 0D010000 		.4byte	0x10d
 433 0133 00       		.byte	0
 434              		.section	.debug_abbrev,"",%progbits
 435              	.Ldebug_abbrev0:
 436 0000 01       		.uleb128 0x1
 437 0001 11       		.uleb128 0x11
 438 0002 01       		.byte	0x1
 439 0003 25       		.uleb128 0x25
 440 0004 0E       		.uleb128 0xe
 441 0005 13       		.uleb128 0x13
 442 0006 0B       		.uleb128 0xb
 443 0007 03       		.uleb128 0x3
 444 0008 0E       		.uleb128 0xe
 445 0009 1B       		.uleb128 0x1b
 446 000a 0E       		.uleb128 0xe
 447 000b 10       		.uleb128 0x10
 448 000c 17       		.uleb128 0x17
 449 000d 00       		.byte	0
 450 000e 00       		.byte	0
 451 000f 02       		.uleb128 0x2
 452 0010 24       		.uleb128 0x24
ARM GAS  C:\Users\thoma\AppData\Local\Temp\ccBSONxe.s 			page 9


 453 0011 00       		.byte	0
 454 0012 0B       		.uleb128 0xb
 455 0013 0B       		.uleb128 0xb
 456 0014 3E       		.uleb128 0x3e
 457 0015 0B       		.uleb128 0xb
 458 0016 03       		.uleb128 0x3
 459 0017 0E       		.uleb128 0xe
 460 0018 00       		.byte	0
 461 0019 00       		.byte	0
 462 001a 03       		.uleb128 0x3
 463 001b 16       		.uleb128 0x16
 464 001c 00       		.byte	0
 465 001d 03       		.uleb128 0x3
 466 001e 0E       		.uleb128 0xe
 467 001f 3A       		.uleb128 0x3a
 468 0020 0B       		.uleb128 0xb
 469 0021 3B       		.uleb128 0x3b
 470 0022 0B       		.uleb128 0xb
 471 0023 49       		.uleb128 0x49
 472 0024 13       		.uleb128 0x13
 473 0025 00       		.byte	0
 474 0026 00       		.byte	0
 475 0027 04       		.uleb128 0x4
 476 0028 24       		.uleb128 0x24
 477 0029 00       		.byte	0
 478 002a 0B       		.uleb128 0xb
 479 002b 0B       		.uleb128 0xb
 480 002c 3E       		.uleb128 0x3e
 481 002d 0B       		.uleb128 0xb
 482 002e 03       		.uleb128 0x3
 483 002f 08       		.uleb128 0x8
 484 0030 00       		.byte	0
 485 0031 00       		.byte	0
 486 0032 05       		.uleb128 0x5
 487 0033 01       		.uleb128 0x1
 488 0034 01       		.byte	0x1
 489 0035 49       		.uleb128 0x49
 490 0036 13       		.uleb128 0x13
 491 0037 01       		.uleb128 0x1
 492 0038 13       		.uleb128 0x13
 493 0039 00       		.byte	0
 494 003a 00       		.byte	0
 495 003b 06       		.uleb128 0x6
 496 003c 21       		.uleb128 0x21
 497 003d 00       		.byte	0
 498 003e 49       		.uleb128 0x49
 499 003f 13       		.uleb128 0x13
 500 0040 2F       		.uleb128 0x2f
 501 0041 0B       		.uleb128 0xb
 502 0042 00       		.byte	0
 503 0043 00       		.byte	0
 504 0044 07       		.uleb128 0x7
 505 0045 26       		.uleb128 0x26
 506 0046 00       		.byte	0
 507 0047 49       		.uleb128 0x49
 508 0048 13       		.uleb128 0x13
 509 0049 00       		.byte	0
ARM GAS  C:\Users\thoma\AppData\Local\Temp\ccBSONxe.s 			page 10


 510 004a 00       		.byte	0
 511 004b 08       		.uleb128 0x8
 512 004c 34       		.uleb128 0x34
 513 004d 00       		.byte	0
 514 004e 03       		.uleb128 0x3
 515 004f 0E       		.uleb128 0xe
 516 0050 3A       		.uleb128 0x3a
 517 0051 0B       		.uleb128 0xb
 518 0052 3B       		.uleb128 0x3b
 519 0053 0B       		.uleb128 0xb
 520 0054 49       		.uleb128 0x49
 521 0055 13       		.uleb128 0x13
 522 0056 3F       		.uleb128 0x3f
 523 0057 19       		.uleb128 0x19
 524 0058 02       		.uleb128 0x2
 525 0059 18       		.uleb128 0x18
 526 005a 00       		.byte	0
 527 005b 00       		.byte	0
 528 005c 00       		.byte	0
 529              		.section	.debug_aranges,"",%progbits
 530 0000 14000000 		.4byte	0x14
 531 0004 0200     		.2byte	0x2
 532 0006 00000000 		.4byte	.Ldebug_info0
 533 000a 04       		.byte	0x4
 534 000b 00       		.byte	0
 535 000c 0000     		.2byte	0
 536 000e 0000     		.2byte	0
 537 0010 00000000 		.4byte	0
 538 0014 00000000 		.4byte	0
 539              		.section	.debug_line,"",%progbits
 540              	.Ldebug_line0:
 541 0000 0F010000 		.section	.debug_str,"MS",%progbits,1
 541      02000901 
 541      00000201 
 541      FB0E0D00 
 541      01010101 
 542              	.LASF9:
 543 0000 5F5F7569 		.ascii	"__uint8_t\000"
 543      6E74385F 
 543      7400
 544              	.LASF16:
 545 000a 63795F6D 		.ascii	"cy_metadata\000"
 545      65746164 
 545      61746100 
 546              	.LASF1:
 547 0016 756E7369 		.ascii	"unsigned char\000"
 547      676E6564 
 547      20636861 
 547      7200
 548              	.LASF17:
 549 0024 474E5520 		.ascii	"GNU C11 5.4.1 20160609 (release) [ARM/embedded-5-br"
 549      43313120 
 549      352E342E 
 549      31203230 
 549      31363036 
 550 0057 616E6368 		.ascii	"anch revision 237715] -mcpu=cortex-m3 -mthumb -g -O"
 550      20726576 
ARM GAS  C:\Users\thoma\AppData\Local\Temp\ccBSONxe.s 			page 11


 550      6973696F 
 550      6E203233 
 550      37373135 
 551 008a 67202D66 		.ascii	"g -ffunction-sections -ffat-lto-objects\000"
 551      66756E63 
 551      74696F6E 
 551      2D736563 
 551      74696F6E 
 552              	.LASF5:
 553 00b2 6C6F6E67 		.ascii	"long unsigned int\000"
 553      20756E73 
 553      69676E65 
 553      6420696E 
 553      7400
 554              	.LASF3:
 555 00c4 73686F72 		.ascii	"short unsigned int\000"
 555      7420756E 
 555      7369676E 
 555      65642069 
 555      6E7400
 556              	.LASF13:
 557 00d7 63795F6D 		.ascii	"cy_meta_custnvl\000"
 557      6574615F 
 557      63757374 
 557      6E766C00 
 558              	.LASF12:
 559 00e7 63795F6D 		.ascii	"cy_meta_configecc\000"
 559      6574615F 
 559      636F6E66 
 559      69676563 
 559      6300
 560              	.LASF8:
 561 00f9 756E7369 		.ascii	"unsigned int\000"
 561      676E6564 
 561      20696E74 
 561      00
 562              	.LASF19:
 563 0106 443A5C50 		.ascii	"D:\\Polytech\\MA1 2022-2023 ULB\\Q2\\ELEC-H310 -- D"
 563      6F6C7974 
 563      6563685C 
 563      4D413120 
 563      32303232 
 564 0135 69676974 		.ascii	"igital Electronics\\Coding\\INFO_H310\\Lab02\\Lab02"
 564      616C2045 
 564      6C656374 
 564      726F6E69 
 564      63735C43 
 565 0164 5F4D7953 		.ascii	"_MySelf\\Design01.cydsn\000"
 565      656C665C 
 565      44657369 
 565      676E3031 
 565      2E637964 
 566              	.LASF7:
 567 017b 6C6F6E67 		.ascii	"long long unsigned int\000"
 567      206C6F6E 
 567      6720756E 
 567      7369676E 
ARM GAS  C:\Users\thoma\AppData\Local\Temp\ccBSONxe.s 			page 12


 567      65642069 
 568              	.LASF10:
 569 0192 75696E74 		.ascii	"uint8_t\000"
 569      385F7400 
 570              	.LASF15:
 571 019a 63795F6D 		.ascii	"cy_meta_flashprotect\000"
 571      6574615F 
 571      666C6173 
 571      6870726F 
 571      74656374 
 572              	.LASF14:
 573 01af 63795F6D 		.ascii	"cy_meta_wonvl\000"
 573      6574615F 
 573      776F6E76 
 573      6C00
 574              	.LASF11:
 575 01bd 73697A65 		.ascii	"sizetype\000"
 575      74797065 
 575      00
 576              	.LASF6:
 577 01c6 6C6F6E67 		.ascii	"long long int\000"
 577      206C6F6E 
 577      6720696E 
 577      7400
 578              	.LASF2:
 579 01d4 73686F72 		.ascii	"short int\000"
 579      7420696E 
 579      7400
 580              	.LASF4:
 581 01de 6C6F6E67 		.ascii	"long int\000"
 581      20696E74 
 581      00
 582              	.LASF0:
 583 01e7 7369676E 		.ascii	"signed char\000"
 583      65642063 
 583      68617200 
 584              	.LASF18:
 585 01f3 47656E65 		.ascii	"Generated_Source\\PSoC5\\cymetadata.c\000"
 585      72617465 
 585      645F536F 
 585      75726365 
 585      5C50536F 
 586              		.ident	"GCC: (GNU Tools for ARM Embedded Processors) 5.4.1 20160609 (release) [ARM/embedded-5-bran
