--------------- Build Started: 04/08/2023 12:53:07 Project: Design01, Configuration: ARM GCC 5.4-2016-q2-update Debug ---------------
cydsfit.exe -.appdatapath "C:\Users\thoma\AppData\Local\Cypress Semiconductor\PSoC Creator\4.4" -.fdsnotice -.fdswarpdepfile=warp_dependencies.txt -.fdselabdepfile=elab_dependencies.txt -.fdsbldfile=generated_files.txt -.fdsreffile=referenced_files.txt -p "D:\Polytech\MA1 2022-2023 ULB\Q2\ELEC-H310 -- Digital Electronics\Coding\INFO_H310\Lab01\Lab01_MySelf\Design01.cydsn\Design01.cyprj" -d CY8C5888LTI-LP097 -s "D:\Polytech\MA1 2022-2023 ULB\Q2\ELEC-H310 -- Digital Electronics\Coding\INFO_H310\Lab01\Lab01_MySelf\Design01.cydsn\Generated_Source\PSoC5" -- -yv2 -q10 -ygs -o2 -v3 -.fftcfgtype=LE
Elaborating Design...
HDL Generation...
Synthesis...
Tech Mapping...
Analog Placement...
Info: apr.M0002: Analog signal "\ADC:Net_35\" is connected to one terminal only. (App=cydsfit)
Analog Routing...
Analog Code Generation...
Digital Placement...
Digital Routing...
Bitstream Generation...
Bitstream Verification...
Static timing analysis...
API Generation...
Dependency Generation...
Cleanup...
Unable to add item 'COL1' to 'PSoC5'. 'A file of the given name already exists. Please enter a valid name.'
Unable to add item 'COL1' to 'PSoC5'. 'A file of the given name already exists. Please enter a valid name.'
Unable to add item 'COL1' to 'PSoC5'. 'A file of the given name already exists. Please enter a valid name.'
Unable to add item 'COL2' to 'PSoC5'. 'A file of the given name already exists. Please enter a valid name.'
Unable to add item 'COL2' to 'PSoC5'. 'A file of the given name already exists. Please enter a valid name.'
Unable to add item 'COL2' to 'PSoC5'. 'A file of the given name already exists. Please enter a valid name.'
Unable to add item 'COL3' to 'PSoC5'. 'A file of the given name already exists. Please enter a valid name.'
Unable to add item 'COL3' to 'PSoC5'. 'A file of the given name already exists. Please enter a valid name.'
Unable to add item 'COL3' to 'PSoC5'. 'A file of the given name already exists. Please enter a valid name.'
arm-none-eabi-gcc.exe -mcpu=cortex-m3 -mthumb -I. -IGenerated_Source\PSoC5 -Wa,-alh=.\CortexM3\ARM_GCC_541\Debug/main.lst -g -D DEBUG -D CY_CORE_ID=0 -Wall -ffunction-sections -ffat-lto-objects -Og -c main.c -o .\CortexM3\ARM_GCC_541\Debug\main.o
arm-none-eabi-gcc.exe -mcpu=cortex-m3 -mthumb -I. -IGenerated_Source\PSoC5 -Wa,-alh=.\CortexM3\ARM_GCC_541\Debug/keypad.lst -g -D DEBUG -D CY_CORE_ID=0 -Wall -ffunction-sections -ffat-lto-objects -Og -c keypad.c -o .\CortexM3\ARM_GCC_541\Debug\keypad.o
arm-none-eabi-gcc.exe -mcpu=cortex-m3 -mthumb -I. -IGenerated_Source\PSoC5 -Wa,-alh=.\CortexM3\ARM_GCC_541\Debug/COL1.lst -g -D DEBUG -D CY_CORE_ID=0 -Wall -ffunction-sections -ffat-lto-objects -Og -c Generated_Source\PSoC5\COL1.c -o .\CortexM3\ARM_GCC_541\Debug\COL1.o
arm-none-eabi-gcc.exe -mcpu=cortex-m3 -mthumb -I. -IGenerated_Source\PSoC5 -Wa,-alh=.\CortexM3\ARM_GCC_541\Debug/COL2.lst -g -D DEBUG -D CY_CORE_ID=0 -Wall -ffunction-sections -ffat-lto-objects -Og -c Generated_Source\PSoC5\COL2.c -o .\CortexM3\ARM_GCC_541\Debug\COL2.o
arm-none-eabi-gcc.exe -mcpu=cortex-m3 -mthumb -I. -IGenerated_Source\PSoC5 -Wa,-alh=.\CortexM3\ARM_GCC_541\Debug/COL3.lst -g -D DEBUG -D CY_CORE_ID=0 -Wall -ffunction-sections -ffat-lto-objects -Og -c Generated_Source\PSoC5\COL3.c -o .\CortexM3\ARM_GCC_541\Debug\COL3.o
arm-none-eabi-ar.exe -rs .\CortexM3\ARM_GCC_541\Debug\Design01.a .\CortexM3\ARM_GCC_541\Debug\LED01.o .\CortexM3\ARM_GCC_541\Debug\LED02.o .\CortexM3\ARM_GCC_541\Debug\CyDmac.o .\CortexM3\ARM_GCC_541\Debug\CyFlash.o .\CortexM3\ARM_GCC_541\Debug\CyLib.o .\CortexM3\ARM_GCC_541\Debug\cyPm.o .\CortexM3\ARM_GCC_541\Debug\CySpc.o .\CortexM3\ARM_GCC_541\Debug\cyutils.o .\CortexM3\ARM_GCC_541\Debug\cy_em_eeprom.o .\CortexM3\ARM_GCC_541\Debug\LEFT.o .\CortexM3\ARM_GCC_541\Debug\RIGHT.o .\CortexM3\ARM_GCC_541\Debug\LED03.o .\CortexM3\ARM_GCC_541\Debug\LED04.o .\CortexM3\ARM_GCC_541\Debug\TOP.o .\CortexM3\ARM_GCC_541\Debug\DOWN.o .\CortexM3\ARM_GCC_541\Debug\LCD.o .\CortexM3\ARM_GCC_541\Debug\LCD_PM.o .\CortexM3\ARM_GCC_541\Debug\LCD_LCDPort.o .\CortexM3\ARM_GCC_541\Debug\ROW0.o .\CortexM3\ARM_GCC_541\Debug\ROW1.o .\CortexM3\ARM_GCC_541\Debug\ROW2.o .\CortexM3\ARM_GCC_541\Debug\ROW3.o .\CortexM3\ARM_GCC_541\Debug\COL1.o .\CortexM3\ARM_GCC_541\Debug\COL2.o .\CortexM3\ARM_GCC_541\Debug\COL3.o .\CortexM3\ARM_GCC_541\Debug\POT.o .\CortexM3\ARM_GCC_541\Debug\ADC.o .\CortexM3\ARM_GCC_541\Debug\ADC_PM.o .\CortexM3\ARM_GCC_541\Debug\ADC_INT.o .\CortexM3\ARM_GCC_541\Debug\ADC_AMux.o .\CortexM3\ARM_GCC_541\Debug\ADC_Ext_CP_Clk.o .\CortexM3\ARM_GCC_541\Debug\ADC_IRQ.o .\CortexM3\ARM_GCC_541\Debug\ADC_theACLK.o .\CortexM3\ARM_GCC_541\Debug\CyBootAsmGnu.o
arm-none-eabi-ar.exe: creating .\CortexM3\ARM_GCC_541\Debug\Design01.a
arm-none-eabi-gcc.exe -Wl,--start-group -o "D:\Polytech\MA1 2022-2023 ULB\Q2\ELEC-H310 -- Digital Electronics\Coding\INFO_H310\Lab01\Lab01_MySelf\Design01.cydsn\CortexM3\ARM_GCC_541\Debug\Design01.elf" .\CortexM3\ARM_GCC_541\Debug\main.o .\CortexM3\ARM_GCC_541\Debug\keypad.o .\CortexM3\ARM_GCC_541\Debug\cyfitter_cfg.o .\CortexM3\ARM_GCC_541\Debug\cymetadata.o .\CortexM3\ARM_GCC_541\Debug\Cm3Start.o .\CortexM3\ARM_GCC_541\Debug\Design01.a "D:\PSoC\PSoC Creator\4.4\PSoC Creator\psoc\content\cycomponentlibrary\CyComponentLibrary.cylib\CortexM3\ARM_GCC_541\Debug\CyComponentLibrary.a" -mcpu=cortex-m3 -mthumb -L Generated_Source\PSoC5 -Wl,-Map,.\CortexM3\ARM_GCC_541\Debug/Design01.map -T Generated_Source\PSoC5\cm3gcc.ld -specs=nano.specs -Wl,--gc-sections -g -ffunction-sections -Og -ffat-lto-objects -Wl,--end-group
cyelftool.exe -C "D:\Polytech\MA1 2022-2023 ULB\Q2\ELEC-H310 -- Digital Electronics\Coding\INFO_H310\Lab01\Lab01_MySelf\Design01.cydsn\CortexM3\ARM_GCC_541\Debug\Design01.elf" --flash_row_size 256 --flash_size 262144 --flash_offset 0x00000000
No ELF section .cychecksum found, creating one
Application checksum calculated and stored in ELF section .cychecksum
Checksum calculated and stored in ELF section .cymeta
cyelftool.exe -S "D:\Polytech\MA1 2022-2023 ULB\Q2\ELEC-H310 -- Digital Electronics\Coding\INFO_H310\Lab01\Lab01_MySelf\Design01.cydsn\CortexM3\ARM_GCC_541\Debug\Design01.elf"
Flash used: 5190 of 262144 bytes (2,0 %).
SRAM used: 2561 of 65536 bytes (3,9 %). Stack: 2048 bytes. Heap: 128 bytes.
--------------- Build Succeeded: 04/08/2023 12:53:18 ---------------
