ARM GAS  C:\Users\thoma\AppData\Local\Temp\ccQGdvu7.s 			page 1


   1              		.syntax unified
   2              		.cpu cortex-m3
   3              		.fpu softvfp
   4              		.eabi_attribute 20, 1
   5              		.eabi_attribute 21, 1
   6              		.eabi_attribute 23, 3
   7              		.eabi_attribute 24, 1
   8              		.eabi_attribute 25, 1
   9              		.eabi_attribute 26, 1
  10              		.eabi_attribute 30, 1
  11              		.eabi_attribute 34, 1
  12              		.eabi_attribute 18, 4
  13              		.thumb
  14              		.syntax unified
  15              		.file	"main.c"
  16              		.text
  17              	.Ltext0:
  18              		.cfi_sections	.debug_frame
  19              		.section	.text.isr_uart_rx_Handler,"ax",%progbits
  20              		.align	2
  21              		.global	isr_uart_rx_Handler
  22              		.thumb
  23              		.thumb_func
  24              		.type	isr_uart_rx_Handler, %function
  25              	isr_uart_rx_Handler:
  26              	.LFB64:
  27              		.file 1 "main.c"
   1:main.c        **** /* ========================================
   2:main.c        ****  *
   3:main.c        ****  * Copyright YOUR COMPANY, THE YEAR
   4:main.c        ****  * All Rights Reserved
   5:main.c        ****  * UNPUBLISHED, LICENSED SOFTWARE.
   6:main.c        ****  *
   7:main.c        ****  * CONFIDENTIAL AND PROPRIETARY INFORMATION
   8:main.c        ****  * WHICH IS THE PROPERTY OF your company.
   9:main.c        ****  *
  10:main.c        ****  * ========================================
  11:main.c        **** */
  12:main.c        **** #include "project.h"
  13:main.c        **** 
  14:main.c        **** #define PI 3.14159
  15:main.c        **** #define N 7
  16:main.c        **** 
  17:main.c        **** int Start_F(){
  18:main.c        ****     
  19:main.c        ****     LCD_Start();
  20:main.c        ****     LCD_DisplayOn();
  21:main.c        ****     LCD_ClearDisplay();
  22:main.c        ****     //end for LCD
  23:main.c        ****     
  24:main.c        ****     ADC_Start();
  25:main.c        ****     //Timer_start(); 
  26:main.c        ****     return 0; 
  27:main.c        **** }
  28:main.c        **** 
  29:main.c        **** 
  30:main.c        **** int LED_off();
ARM GAS  C:\Users\thoma\AppData\Local\Temp\ccQGdvu7.s 			page 2


  31:main.c        **** 
  32:main.c        **** uint8 j = 0; 
  33:main.c        **** uint8 rxData;
  34:main.c        **** 
  35:main.c        **** CY_ISR ( isr_uart_rx_Handler ) {
  28              		.loc 1 35 0
  29              		.cfi_startproc
  30              		@ args = 0, pretend = 0, frame = 0
  31              		@ frame_needed = 0, uses_anonymous_args = 0
  32 0000 70B5     		push	{r4, r5, r6, lr}
  33              		.cfi_def_cfa_offset 16
  34              		.cfi_offset 4, -16
  35              		.cfi_offset 5, -12
  36              		.cfi_offset 6, -8
  37              		.cfi_offset 14, -4
  38              	.L4:
  36:main.c        **** uint8_t status = 0;
  37:main.c        **** do{
  38:main.c        ****     // Checks if no UART Rx errors
  39:main.c        ****     status = UART_ReadRxStatus ();
  39              		.loc 1 39 0
  40 0002 FFF7FEFF 		bl	UART_ReadRxStatus
  41              	.LVL0:
  42 0006 0446     		mov	r4, r0
  43              	.LVL1:
  40:main.c        ****     if (( status & UART_RX_STS_PAR_ERROR ) |
  44              		.loc 1 40 0
  45 0008 10F01E0F 		tst	r0, #30
  46 000c 06D0     		beq	.L2
  41:main.c        ****     ( status & UART_RX_STS_STOP_ERROR ) |
  42:main.c        ****     ( status & UART_RX_STS_BREAK ) |
  43:main.c        ****     ( status & UART_RX_STS_OVERRUN ) ) {
  44:main.c        ****         // Parity , framing , break or overrun error
  45:main.c        ****         LCD_Position (1 ,0);
  47              		.loc 1 45 0
  48 000e 0021     		movs	r1, #0
  49 0010 0120     		movs	r0, #1
  50              	.LVL2:
  51 0012 FFF7FEFF 		bl	LCD_Position
  52              	.LVL3:
  46:main.c        ****         LCD_PrintString (" UART err");
  53              		.loc 1 46 0
  54 0016 1748     		ldr	r0, .L6
  55 0018 FFF7FEFF 		bl	LCD_PrintString
  56              	.LVL4:
  57              	.L2:
  58 001c 04F02004 		and	r4, r4, #32
  47:main.c        ****     }
  48:main.c        ****     // Check that rx buffer is not empty and get rx data
  49:main.c        ****     if ( ( status & UART_RX_STS_FIFO_NOTEMPTY ) != 0){
  59              		.loc 1 49 0
  60 0020 04F0FF05 		and	r5, r4, #255
  61 0024 14B3     		cbz	r4, .L3
  50:main.c        ****             rxData = UART_ReadRxData();
  62              		.loc 1 50 0
  63 0026 FFF7FEFF 		bl	UART_ReadRxData
  64              	.LVL5:
ARM GAS  C:\Users\thoma\AppData\Local\Temp\ccQGdvu7.s 			page 3


  65 002a 134E     		ldr	r6, .L6+4
  66 002c 3070     		strb	r0, [r6]
  51:main.c        ****             UART_PutChar(rxData);
  67              		.loc 1 51 0
  68 002e FFF7FEFF 		bl	UART_PutChar
  69              	.LVL6:
  52:main.c        ****             LCD_Position(1,0);
  70              		.loc 1 52 0
  71 0032 0021     		movs	r1, #0
  72 0034 0120     		movs	r0, #1
  73 0036 FFF7FEFF 		bl	LCD_Position
  74              	.LVL7:
  53:main.c        ****             
  54:main.c        ****             LCD_Position(1,j);
  75              		.loc 1 54 0
  76 003a 104C     		ldr	r4, .L6+8
  77 003c 2178     		ldrb	r1, [r4]	@ zero_extendqisi2
  78 003e 0120     		movs	r0, #1
  79 0040 FFF7FEFF 		bl	LCD_Position
  80              	.LVL8:
  55:main.c        ****             LCD_PutChar(rxData);
  81              		.loc 1 55 0
  82 0044 3078     		ldrb	r0, [r6]	@ zero_extendqisi2
  83 0046 FFF7FEFF 		bl	LCD_PutChar
  84              	.LVL9:
  56:main.c        ****             LED01_Write(~LED01_Read());
  85              		.loc 1 56 0
  86 004a FFF7FEFF 		bl	LED01_Read
  87              	.LVL10:
  88 004e C043     		mvns	r0, r0
  89 0050 C0B2     		uxtb	r0, r0
  90 0052 FFF7FEFF 		bl	LED01_Write
  91              	.LVL11:
  57:main.c        ****             j++; 
  92              		.loc 1 57 0
  93 0056 2378     		ldrb	r3, [r4]	@ zero_extendqisi2
  94 0058 0133     		adds	r3, r3, #1
  95 005a DBB2     		uxtb	r3, r3
  96 005c 2370     		strb	r3, [r4]
  58:main.c        ****             if ( j == N){j = 0; LCD_PrintString("     ");}
  97              		.loc 1 58 0
  98 005e 072B     		cmp	r3, #7
  99 0060 04D1     		bne	.L3
 100              		.loc 1 58 0 is_stmt 0 discriminator 1
 101 0062 0022     		movs	r2, #0
 102 0064 2270     		strb	r2, [r4]
 103 0066 0648     		ldr	r0, .L6+12
 104 0068 FFF7FEFF 		bl	LCD_PrintString
 105              	.LVL12:
 106              	.L3:
  59:main.c        ****     }
  60:main.c        ****     } while (( status & UART_RX_STS_FIFO_NOTEMPTY ) != 0);
 107              		.loc 1 60 0 is_stmt 1
 108 006c 002D     		cmp	r5, #0
 109 006e C8D1     		bne	.L4
  61:main.c        **** }
 110              		.loc 1 61 0
ARM GAS  C:\Users\thoma\AppData\Local\Temp\ccQGdvu7.s 			page 4


 111 0070 70BD     		pop	{r4, r5, r6, pc}
 112              	.L7:
 113 0072 00BF     		.align	2
 114              	.L6:
 115 0074 00000000 		.word	.LC0
 116 0078 00000000 		.word	rxData
 117 007c 00000000 		.word	.LANCHOR0
 118 0080 0C000000 		.word	.LC1
 119              		.cfi_endproc
 120              	.LFE64:
 121              		.size	isr_uart_rx_Handler, .-isr_uart_rx_Handler
 122              		.section	.text.Start_F,"ax",%progbits
 123              		.align	2
 124              		.global	Start_F
 125              		.thumb
 126              		.thumb_func
 127              		.type	Start_F, %function
 128              	Start_F:
 129              	.LFB63:
  17:main.c        ****     
 130              		.loc 1 17 0
 131              		.cfi_startproc
 132              		@ args = 0, pretend = 0, frame = 0
 133              		@ frame_needed = 0, uses_anonymous_args = 0
 134 0000 08B5     		push	{r3, lr}
 135              		.cfi_def_cfa_offset 8
 136              		.cfi_offset 3, -8
 137              		.cfi_offset 14, -4
  19:main.c        ****     LCD_DisplayOn();
 138              		.loc 1 19 0
 139 0002 FFF7FEFF 		bl	LCD_Start
 140              	.LVL13:
  20:main.c        ****     LCD_ClearDisplay();
 141              		.loc 1 20 0
 142 0006 0C20     		movs	r0, #12
 143 0008 FFF7FEFF 		bl	LCD_WriteControl
 144              	.LVL14:
  21:main.c        ****     //end for LCD
 145              		.loc 1 21 0
 146 000c 0120     		movs	r0, #1
 147 000e FFF7FEFF 		bl	LCD_WriteControl
 148              	.LVL15:
  24:main.c        ****     //Timer_start(); 
 149              		.loc 1 24 0
 150 0012 FFF7FEFF 		bl	ADC_Start
 151              	.LVL16:
  27:main.c        **** 
 152              		.loc 1 27 0
 153 0016 0020     		movs	r0, #0
 154 0018 08BD     		pop	{r3, pc}
 155              		.cfi_endproc
 156              	.LFE63:
 157              		.size	Start_F, .-Start_F
 158 001a 00BF     		.section	.text.LED_off,"ax",%progbits
 159              		.align	2
 160              		.global	LED_off
 161              		.thumb
ARM GAS  C:\Users\thoma\AppData\Local\Temp\ccQGdvu7.s 			page 5


 162              		.thumb_func
 163              		.type	LED_off, %function
 164              	LED_off:
 165              	.LFB66:
  62:main.c        **** 
  63:main.c        **** int main(void)
  64:main.c        **** {
  65:main.c        ****     CyGlobalIntEnable; /* Enable global interrupts. */
  66:main.c        **** 
  67:main.c        ****     /* Place your initialization/startup code here (e.g. MyInst_Start()) */
  68:main.c        ****     
  69:main.c        ****     Start_F(); 
  70:main.c        ****     Timer_Start();
  71:main.c        ****     PWM_Start(); 
  72:main.c        ****     ADC_Start();
  73:main.c        ****     LCD_Start();
  74:main.c        ****     UART_Start(); 
  75:main.c        ****     
  76:main.c        ****     uint16_t pwm_period = 48000;
  77:main.c        ****     uint32_t val_CMP = 2400;
  78:main.c        ****     uint32_t val_adc;
  79:main.c        ****     ADC_StartConvert();
  80:main.c        ****     
  81:main.c        ****     PWM_WritePeriod(pwm_period); 
  82:main.c        ****     PWM_WriteCompare(val_CMP);
  83:main.c        **** 
  84:main.c        ****     LED_off();
  85:main.c        ****     isr_uart_rx_StartEx(isr_uart_rx_Handler);
  86:main.c        **** 
  87:main.c        ****     UART_PutString("Wesh drare\n"); 
  88:main.c        ****     LED03_Write(1);  
  89:main.c        ****  
  90:main.c        ****     for(;;)
  91:main.c        ****     {
  92:main.c        ****    
  93:main.c        ****         
  94:main.c        ****         /*
  95:main.c        ****         if (ADC_IsEndConversion(ADC_RETURN_STATUS)){
  96:main.c        ****             val_adc = ADC_GetResult32();
  97:main.c        ****             val_CMP = ((val_adc /(float)0xFFFF) + 1 ) * 2400; //Conversion from [0x0000,0xFFFF] to 
  98:main.c        ****             LCD_Position(0,0);
  99:main.c        ****             LCD_PrintNumber(val_CMP);
 100:main.c        ****             PWM_WriteCompare(val_CMP);
 101:main.c        ****             CyDelay(500);
 102:main.c        ****           
 103:main.c        ****         }*/
 104:main.c        ****         
 105:main.c        ****         
 106:main.c        ****     }
 107:main.c        **** }
 108:main.c        **** 
 109:main.c        **** 
 110:main.c        **** int LED_off(){
 166              		.loc 1 110 0
 167              		.cfi_startproc
 168              		@ args = 0, pretend = 0, frame = 0
 169              		@ frame_needed = 0, uses_anonymous_args = 0
ARM GAS  C:\Users\thoma\AppData\Local\Temp\ccQGdvu7.s 			page 6


 170 0000 08B5     		push	{r3, lr}
 171              		.cfi_def_cfa_offset 8
 172              		.cfi_offset 3, -8
 173              		.cfi_offset 14, -4
 111:main.c        ****     LED01_Write(0);
 174              		.loc 1 111 0
 175 0002 0020     		movs	r0, #0
 176 0004 FFF7FEFF 		bl	LED01_Write
 177              	.LVL17:
 112:main.c        ****     LED02_Write(0);
 178              		.loc 1 112 0
 179 0008 0020     		movs	r0, #0
 180 000a FFF7FEFF 		bl	LED02_Write
 181              	.LVL18:
 113:main.c        ****     LED03_Write(0);
 182              		.loc 1 113 0
 183 000e 0020     		movs	r0, #0
 184 0010 FFF7FEFF 		bl	LED03_Write
 185              	.LVL19:
 114:main.c        ****     LED04_Write(0);
 186              		.loc 1 114 0
 187 0014 0020     		movs	r0, #0
 188 0016 FFF7FEFF 		bl	LED04_Write
 189              	.LVL20:
 115:main.c        ****     
 116:main.c        ****     return 0; 
 117:main.c        **** }
 190              		.loc 1 117 0
 191 001a 0020     		movs	r0, #0
 192 001c 08BD     		pop	{r3, pc}
 193              		.cfi_endproc
 194              	.LFE66:
 195              		.size	LED_off, .-LED_off
 196 001e 00BF     		.section	.text.main,"ax",%progbits
 197              		.align	2
 198              		.global	main
 199              		.thumb
 200              		.thumb_func
 201              		.type	main, %function
 202              	main:
 203              	.LFB65:
  64:main.c        ****     CyGlobalIntEnable; /* Enable global interrupts. */
 204              		.loc 1 64 0
 205              		.cfi_startproc
 206              		@ args = 0, pretend = 0, frame = 0
 207              		@ frame_needed = 0, uses_anonymous_args = 0
 208 0000 08B5     		push	{r3, lr}
 209              		.cfi_def_cfa_offset 8
 210              		.cfi_offset 3, -8
 211              		.cfi_offset 14, -4
  65:main.c        **** 
 212              		.loc 1 65 0
 213              		.syntax unified
 214              	@ 65 "main.c" 1
 215 0002 62B6     		CPSIE   i
 216              	@ 0 "" 2
  69:main.c        ****     Timer_Start();
ARM GAS  C:\Users\thoma\AppData\Local\Temp\ccQGdvu7.s 			page 7


 217              		.loc 1 69 0
 218              		.thumb
 219              		.syntax unified
 220 0004 FFF7FEFF 		bl	Start_F
 221              	.LVL21:
  70:main.c        ****     PWM_Start(); 
 222              		.loc 1 70 0
 223 0008 FFF7FEFF 		bl	Timer_Start
 224              	.LVL22:
  71:main.c        ****     ADC_Start();
 225              		.loc 1 71 0
 226 000c FFF7FEFF 		bl	PWM_Start
 227              	.LVL23:
  72:main.c        ****     LCD_Start();
 228              		.loc 1 72 0
 229 0010 FFF7FEFF 		bl	ADC_Start
 230              	.LVL24:
  73:main.c        ****     UART_Start(); 
 231              		.loc 1 73 0
 232 0014 FFF7FEFF 		bl	LCD_Start
 233              	.LVL25:
  74:main.c        ****     
 234              		.loc 1 74 0
 235 0018 FFF7FEFF 		bl	UART_Start
 236              	.LVL26:
  79:main.c        ****     
 237              		.loc 1 79 0
 238 001c FFF7FEFF 		bl	ADC_StartConvert
 239              	.LVL27:
  81:main.c        ****     PWM_WriteCompare(val_CMP);
 240              		.loc 1 81 0
 241 0020 4BF68030 		movw	r0, #48000
 242 0024 FFF7FEFF 		bl	PWM_WritePeriod
 243              	.LVL28:
  82:main.c        **** 
 244              		.loc 1 82 0
 245 0028 4FF41660 		mov	r0, #2400
 246 002c FFF7FEFF 		bl	PWM_WriteCompare
 247              	.LVL29:
  84:main.c        ****     isr_uart_rx_StartEx(isr_uart_rx_Handler);
 248              		.loc 1 84 0
 249 0030 FFF7FEFF 		bl	LED_off
 250              	.LVL30:
  85:main.c        **** 
 251              		.loc 1 85 0
 252 0034 0448     		ldr	r0, .L15
 253 0036 FFF7FEFF 		bl	isr_uart_rx_StartEx
 254              	.LVL31:
  87:main.c        ****     LED03_Write(1);  
 255              		.loc 1 87 0
 256 003a 0448     		ldr	r0, .L15+4
 257 003c FFF7FEFF 		bl	UART_PutString
 258              	.LVL32:
  88:main.c        ****  
 259              		.loc 1 88 0
 260 0040 0120     		movs	r0, #1
 261 0042 FFF7FEFF 		bl	LED03_Write
ARM GAS  C:\Users\thoma\AppData\Local\Temp\ccQGdvu7.s 			page 8


 262              	.LVL33:
 263              	.L13:
 264 0046 FEE7     		b	.L13
 265              	.L16:
 266              		.align	2
 267              	.L15:
 268 0048 00000000 		.word	isr_uart_rx_Handler
 269 004c 14000000 		.word	.LC2
 270              		.cfi_endproc
 271              	.LFE65:
 272              		.size	main, .-main
 273              		.comm	rxData,1,1
 274              		.global	j
 275              		.section	.rodata.str1.4,"aMS",%progbits,1
 276              		.align	2
 277              	.LC0:
 278 0000 20554152 		.ascii	" UART err\000"
 278      54206572 
 278      7200
 279 000a 0000     		.space	2
 280              	.LC1:
 281 000c 20202020 		.ascii	"     \000"
 281      2000
 282 0012 0000     		.space	2
 283              	.LC2:
 284 0014 57657368 		.ascii	"Wesh drare\012\000"
 284      20647261 
 284      72650A00 
 285              		.bss
 286              		.set	.LANCHOR0,. + 0
 287              		.type	j, %object
 288              		.size	j, 1
 289              	j:
 290 0000 00       		.space	1
 291              		.text
 292              	.Letext0:
 293              		.file 2 "d:\\psoc\\psoc creator\\4.4\\psoc creator\\import\\gnu\\arm\\5.4.1\\arm-none-eabi\\includ
 294              		.file 3 "d:\\psoc\\psoc creator\\4.4\\psoc creator\\import\\gnu\\arm\\5.4.1\\arm-none-eabi\\includ
 295              		.file 4 "Generated_Source\\PSoC5/cytypes.h"
 296              		.file 5 "Generated_Source\\PSoC5/core_cm3.h"
 297              		.file 6 "Generated_Source\\PSoC5/UART.h"
 298              		.file 7 "Generated_Source\\PSoC5/LCD.h"
 299              		.file 8 "Generated_Source\\PSoC5/LED01.h"
 300              		.file 9 "Generated_Source\\PSoC5/ADC.h"
 301              		.file 10 "Generated_Source\\PSoC5/LED02.h"
 302              		.file 11 "Generated_Source\\PSoC5/LED03.h"
 303              		.file 12 "Generated_Source\\PSoC5/LED04.h"
 304              		.file 13 "Generated_Source\\PSoC5/Timer.h"
 305              		.file 14 "Generated_Source\\PSoC5/PWM.h"
 306              		.file 15 "Generated_Source\\PSoC5/isr_uart_rx.h"
 307              		.section	.debug_info,"",%progbits
 308              	.Ldebug_info0:
 309 0000 7D040000 		.4byte	0x47d
 310 0004 0400     		.2byte	0x4
 311 0006 00000000 		.4byte	.Ldebug_abbrev0
 312 000a 04       		.byte	0x4
 313 000b 01       		.uleb128 0x1
ARM GAS  C:\Users\thoma\AppData\Local\Temp\ccQGdvu7.s 			page 9


 314 000c 1C010000 		.4byte	.LASF53
 315 0010 0C       		.byte	0xc
 316 0011 0A030000 		.4byte	.LASF54
 317 0015 5E000000 		.4byte	.LASF55
 318 0019 00000000 		.4byte	.Ldebug_ranges0+0
 319 001d 00000000 		.4byte	0
 320 0021 00000000 		.4byte	.Ldebug_line0
 321 0025 02       		.uleb128 0x2
 322 0026 01       		.byte	0x1
 323 0027 06       		.byte	0x6
 324 0028 02010000 		.4byte	.LASF0
 325 002c 03       		.uleb128 0x3
 326 002d 20000000 		.4byte	.LASF3
 327 0031 02       		.byte	0x2
 328 0032 1D       		.byte	0x1d
 329 0033 37000000 		.4byte	0x37
 330 0037 02       		.uleb128 0x2
 331 0038 01       		.byte	0x1
 332 0039 08       		.byte	0x8
 333 003a 0E010000 		.4byte	.LASF1
 334 003e 02       		.uleb128 0x2
 335 003f 02       		.byte	0x2
 336 0040 05       		.byte	0x5
 337 0041 30030000 		.4byte	.LASF2
 338 0045 03       		.uleb128 0x3
 339 0046 05020000 		.4byte	.LASF4
 340 004a 02       		.byte	0x2
 341 004b 2B       		.byte	0x2b
 342 004c 50000000 		.4byte	0x50
 343 0050 02       		.uleb128 0x2
 344 0051 02       		.byte	0x2
 345 0052 07       		.byte	0x7
 346 0053 CD010000 		.4byte	.LASF5
 347 0057 03       		.uleb128 0x3
 348 0058 43000000 		.4byte	.LASF6
 349 005c 02       		.byte	0x2
 350 005d 3F       		.byte	0x3f
 351 005e 62000000 		.4byte	0x62
 352 0062 02       		.uleb128 0x2
 353 0063 04       		.byte	0x4
 354 0064 05       		.byte	0x5
 355 0065 4D000000 		.4byte	.LASF7
 356 0069 03       		.uleb128 0x3
 357 006a 28020000 		.4byte	.LASF8
 358 006e 02       		.byte	0x2
 359 006f 41       		.byte	0x41
 360 0070 74000000 		.4byte	0x74
 361 0074 02       		.uleb128 0x2
 362 0075 04       		.byte	0x4
 363 0076 07       		.byte	0x7
 364 0077 BB010000 		.4byte	.LASF9
 365 007b 02       		.uleb128 0x2
 366 007c 08       		.byte	0x8
 367 007d 05       		.byte	0x5
 368 007e FC020000 		.4byte	.LASF10
 369 0082 02       		.uleb128 0x2
 370 0083 08       		.byte	0x8
ARM GAS  C:\Users\thoma\AppData\Local\Temp\ccQGdvu7.s 			page 10


 371 0084 07       		.byte	0x7
 372 0085 6E020000 		.4byte	.LASF11
 373 0089 04       		.uleb128 0x4
 374 008a 04       		.byte	0x4
 375 008b 05       		.byte	0x5
 376 008c 696E7400 		.ascii	"int\000"
 377 0090 02       		.uleb128 0x2
 378 0091 04       		.byte	0x4
 379 0092 07       		.byte	0x7
 380 0093 61020000 		.4byte	.LASF12
 381 0097 03       		.uleb128 0x3
 382 0098 85020000 		.4byte	.LASF13
 383 009c 03       		.byte	0x3
 384 009d 18       		.byte	0x18
 385 009e 2C000000 		.4byte	0x2c
 386 00a2 03       		.uleb128 0x3
 387 00a3 27030000 		.4byte	.LASF14
 388 00a7 03       		.byte	0x3
 389 00a8 24       		.byte	0x24
 390 00a9 45000000 		.4byte	0x45
 391 00ad 03       		.uleb128 0x3
 392 00ae DE020000 		.4byte	.LASF15
 393 00b2 03       		.byte	0x3
 394 00b3 2C       		.byte	0x2c
 395 00b4 57000000 		.4byte	0x57
 396 00b8 03       		.uleb128 0x3
 397 00b9 50030000 		.4byte	.LASF16
 398 00bd 03       		.byte	0x3
 399 00be 30       		.byte	0x30
 400 00bf 69000000 		.4byte	0x69
 401 00c3 05       		.uleb128 0x5
 402 00c4 B0020000 		.4byte	.LASF17
 403 00c8 04       		.byte	0x4
 404 00c9 E801     		.2byte	0x1e8
 405 00cb 37000000 		.4byte	0x37
 406 00cf 02       		.uleb128 0x2
 407 00d0 04       		.byte	0x4
 408 00d1 04       		.byte	0x4
 409 00d2 F2000000 		.4byte	.LASF18
 410 00d6 02       		.uleb128 0x2
 411 00d7 08       		.byte	0x8
 412 00d8 04       		.byte	0x4
 413 00d9 10020000 		.4byte	.LASF19
 414 00dd 02       		.uleb128 0x2
 415 00de 01       		.byte	0x1
 416 00df 08       		.byte	0x8
 417 00e0 11030000 		.4byte	.LASF20
 418 00e4 02       		.uleb128 0x2
 419 00e5 08       		.byte	0x8
 420 00e6 04       		.byte	0x4
 421 00e7 61030000 		.4byte	.LASF21
 422 00eb 02       		.uleb128 0x2
 423 00ec 04       		.byte	0x4
 424 00ed 07       		.byte	0x7
 425 00ee F3020000 		.4byte	.LASF22
 426 00f2 06       		.uleb128 0x6
 427 00f3 DE000000 		.4byte	.LASF23
ARM GAS  C:\Users\thoma\AppData\Local\Temp\ccQGdvu7.s 			page 11


 428 00f7 01       		.byte	0x1
 429 00f8 23       		.byte	0x23
 430 00f9 00000000 		.4byte	.LFB64
 431 00fd 84000000 		.4byte	.LFE64-.LFB64
 432 0101 01       		.uleb128 0x1
 433 0102 9C       		.byte	0x9c
 434 0103 BA010000 		.4byte	0x1ba
 435 0107 07       		.uleb128 0x7
 436 0108 2A000000 		.4byte	.LASF26
 437 010c 01       		.byte	0x1
 438 010d 24       		.byte	0x24
 439 010e 97000000 		.4byte	0x97
 440 0112 00000000 		.4byte	.LLST0
 441 0116 08       		.uleb128 0x8
 442 0117 06000000 		.4byte	.LVL0
 443 011b 8E030000 		.4byte	0x38e
 444 011f 09       		.uleb128 0x9
 445 0120 16000000 		.4byte	.LVL3
 446 0124 99030000 		.4byte	0x399
 447 0128 37010000 		.4byte	0x137
 448 012c 0A       		.uleb128 0xa
 449 012d 01       		.uleb128 0x1
 450 012e 50       		.byte	0x50
 451 012f 01       		.uleb128 0x1
 452 0130 31       		.byte	0x31
 453 0131 0A       		.uleb128 0xa
 454 0132 01       		.uleb128 0x1
 455 0133 51       		.byte	0x51
 456 0134 01       		.uleb128 0x1
 457 0135 30       		.byte	0x30
 458 0136 00       		.byte	0
 459 0137 09       		.uleb128 0x9
 460 0138 1C000000 		.4byte	.LVL4
 461 013c A4030000 		.4byte	0x3a4
 462 0140 4E010000 		.4byte	0x14e
 463 0144 0A       		.uleb128 0xa
 464 0145 01       		.uleb128 0x1
 465 0146 50       		.byte	0x50
 466 0147 05       		.uleb128 0x5
 467 0148 03       		.byte	0x3
 468 0149 00000000 		.4byte	.LC0
 469 014d 00       		.byte	0
 470 014e 08       		.uleb128 0x8
 471 014f 2A000000 		.4byte	.LVL5
 472 0153 AF030000 		.4byte	0x3af
 473 0157 08       		.uleb128 0x8
 474 0158 32000000 		.4byte	.LVL6
 475 015c BA030000 		.4byte	0x3ba
 476 0160 09       		.uleb128 0x9
 477 0161 3A000000 		.4byte	.LVL7
 478 0165 99030000 		.4byte	0x399
 479 0169 78010000 		.4byte	0x178
 480 016d 0A       		.uleb128 0xa
 481 016e 01       		.uleb128 0x1
 482 016f 50       		.byte	0x50
 483 0170 01       		.uleb128 0x1
 484 0171 31       		.byte	0x31
ARM GAS  C:\Users\thoma\AppData\Local\Temp\ccQGdvu7.s 			page 12


 485 0172 0A       		.uleb128 0xa
 486 0173 01       		.uleb128 0x1
 487 0174 51       		.byte	0x51
 488 0175 01       		.uleb128 0x1
 489 0176 30       		.byte	0x30
 490 0177 00       		.byte	0
 491 0178 09       		.uleb128 0x9
 492 0179 44000000 		.4byte	.LVL8
 493 017d 99030000 		.4byte	0x399
 494 0181 8B010000 		.4byte	0x18b
 495 0185 0A       		.uleb128 0xa
 496 0186 01       		.uleb128 0x1
 497 0187 50       		.byte	0x50
 498 0188 01       		.uleb128 0x1
 499 0189 31       		.byte	0x31
 500 018a 00       		.byte	0
 501 018b 08       		.uleb128 0x8
 502 018c 4A000000 		.4byte	.LVL9
 503 0190 C5030000 		.4byte	0x3c5
 504 0194 08       		.uleb128 0x8
 505 0195 4E000000 		.4byte	.LVL10
 506 0199 D0030000 		.4byte	0x3d0
 507 019d 08       		.uleb128 0x8
 508 019e 56000000 		.4byte	.LVL11
 509 01a2 DB030000 		.4byte	0x3db
 510 01a6 0B       		.uleb128 0xb
 511 01a7 6C000000 		.4byte	.LVL12
 512 01ab A4030000 		.4byte	0x3a4
 513 01af 0A       		.uleb128 0xa
 514 01b0 01       		.uleb128 0x1
 515 01b1 50       		.byte	0x50
 516 01b2 05       		.uleb128 0x5
 517 01b3 03       		.byte	0x3
 518 01b4 0C000000 		.4byte	.LC1
 519 01b8 00       		.byte	0
 520 01b9 00       		.byte	0
 521 01ba 0C       		.uleb128 0xc
 522 01bb FD010000 		.4byte	.LASF24
 523 01bf 01       		.byte	0x1
 524 01c0 11       		.byte	0x11
 525 01c1 89000000 		.4byte	0x89
 526 01c5 00000000 		.4byte	.LFB63
 527 01c9 1A000000 		.4byte	.LFE63-.LFB63
 528 01cd 01       		.uleb128 0x1
 529 01ce 9C       		.byte	0x9c
 530 01cf 0C020000 		.4byte	0x20c
 531 01d3 08       		.uleb128 0x8
 532 01d4 06000000 		.4byte	.LVL13
 533 01d8 E6030000 		.4byte	0x3e6
 534 01dc 09       		.uleb128 0x9
 535 01dd 0C000000 		.4byte	.LVL14
 536 01e1 F1030000 		.4byte	0x3f1
 537 01e5 EF010000 		.4byte	0x1ef
 538 01e9 0A       		.uleb128 0xa
 539 01ea 01       		.uleb128 0x1
 540 01eb 50       		.byte	0x50
 541 01ec 01       		.uleb128 0x1
ARM GAS  C:\Users\thoma\AppData\Local\Temp\ccQGdvu7.s 			page 13


 542 01ed 3C       		.byte	0x3c
 543 01ee 00       		.byte	0
 544 01ef 09       		.uleb128 0x9
 545 01f0 12000000 		.4byte	.LVL15
 546 01f4 F1030000 		.4byte	0x3f1
 547 01f8 02020000 		.4byte	0x202
 548 01fc 0A       		.uleb128 0xa
 549 01fd 01       		.uleb128 0x1
 550 01fe 50       		.byte	0x50
 551 01ff 01       		.uleb128 0x1
 552 0200 31       		.byte	0x31
 553 0201 00       		.byte	0
 554 0202 08       		.uleb128 0x8
 555 0203 16000000 		.4byte	.LVL16
 556 0207 FC030000 		.4byte	0x3fc
 557 020b 00       		.byte	0
 558 020c 0C       		.uleb128 0xc
 559 020d B6020000 		.4byte	.LASF25
 560 0211 01       		.byte	0x1
 561 0212 6E       		.byte	0x6e
 562 0213 89000000 		.4byte	0x89
 563 0217 00000000 		.4byte	.LFB66
 564 021b 1E000000 		.4byte	.LFE66-.LFB66
 565 021f 01       		.uleb128 0x1
 566 0220 9C       		.byte	0x9c
 567 0221 6E020000 		.4byte	0x26e
 568 0225 09       		.uleb128 0x9
 569 0226 08000000 		.4byte	.LVL17
 570 022a DB030000 		.4byte	0x3db
 571 022e 38020000 		.4byte	0x238
 572 0232 0A       		.uleb128 0xa
 573 0233 01       		.uleb128 0x1
 574 0234 50       		.byte	0x50
 575 0235 01       		.uleb128 0x1
 576 0236 30       		.byte	0x30
 577 0237 00       		.byte	0
 578 0238 09       		.uleb128 0x9
 579 0239 0E000000 		.4byte	.LVL18
 580 023d 07040000 		.4byte	0x407
 581 0241 4B020000 		.4byte	0x24b
 582 0245 0A       		.uleb128 0xa
 583 0246 01       		.uleb128 0x1
 584 0247 50       		.byte	0x50
 585 0248 01       		.uleb128 0x1
 586 0249 30       		.byte	0x30
 587 024a 00       		.byte	0
 588 024b 09       		.uleb128 0x9
 589 024c 14000000 		.4byte	.LVL19
 590 0250 12040000 		.4byte	0x412
 591 0254 5E020000 		.4byte	0x25e
 592 0258 0A       		.uleb128 0xa
 593 0259 01       		.uleb128 0x1
 594 025a 50       		.byte	0x50
 595 025b 01       		.uleb128 0x1
 596 025c 30       		.byte	0x30
 597 025d 00       		.byte	0
 598 025e 0B       		.uleb128 0xb
ARM GAS  C:\Users\thoma\AppData\Local\Temp\ccQGdvu7.s 			page 14


 599 025f 1A000000 		.4byte	.LVL20
 600 0263 1D040000 		.4byte	0x41d
 601 0267 0A       		.uleb128 0xa
 602 0268 01       		.uleb128 0x1
 603 0269 50       		.byte	0x50
 604 026a 01       		.uleb128 0x1
 605 026b 30       		.byte	0x30
 606 026c 00       		.byte	0
 607 026d 00       		.byte	0
 608 026e 0D       		.uleb128 0xd
 609 026f 50020000 		.4byte	.LASF56
 610 0273 01       		.byte	0x1
 611 0274 3F       		.byte	0x3f
 612 0275 89000000 		.4byte	0x89
 613 0279 00000000 		.4byte	.LFB65
 614 027d 50000000 		.4byte	.LFE65-.LFB65
 615 0281 01       		.uleb128 0x1
 616 0282 9C       		.byte	0x9c
 617 0283 5D030000 		.4byte	0x35d
 618 0287 0E       		.uleb128 0xe
 619 0288 EB010000 		.4byte	.LASF27
 620 028c 01       		.byte	0x1
 621 028d 4C       		.byte	0x4c
 622 028e A2000000 		.4byte	0xa2
 623 0292 80F77E   		.sleb128 -17536
 624 0295 0F       		.uleb128 0xf
 625 0296 56000000 		.4byte	.LASF28
 626 029a 01       		.byte	0x1
 627 029b 4D       		.byte	0x4d
 628 029c B8000000 		.4byte	0xb8
 629 02a0 6009     		.2byte	0x960
 630 02a2 10       		.uleb128 0x10
 631 02a3 59030000 		.4byte	.LASF57
 632 02a7 01       		.byte	0x1
 633 02a8 4E       		.byte	0x4e
 634 02a9 B8000000 		.4byte	0xb8
 635 02ad 08       		.uleb128 0x8
 636 02ae 08000000 		.4byte	.LVL21
 637 02b2 BA010000 		.4byte	0x1ba
 638 02b6 08       		.uleb128 0x8
 639 02b7 0C000000 		.4byte	.LVL22
 640 02bb 28040000 		.4byte	0x428
 641 02bf 08       		.uleb128 0x8
 642 02c0 10000000 		.4byte	.LVL23
 643 02c4 33040000 		.4byte	0x433
 644 02c8 08       		.uleb128 0x8
 645 02c9 14000000 		.4byte	.LVL24
 646 02cd FC030000 		.4byte	0x3fc
 647 02d1 08       		.uleb128 0x8
 648 02d2 18000000 		.4byte	.LVL25
 649 02d6 E6030000 		.4byte	0x3e6
 650 02da 08       		.uleb128 0x8
 651 02db 1C000000 		.4byte	.LVL26
 652 02df 3E040000 		.4byte	0x43e
 653 02e3 08       		.uleb128 0x8
 654 02e4 20000000 		.4byte	.LVL27
 655 02e8 49040000 		.4byte	0x449
ARM GAS  C:\Users\thoma\AppData\Local\Temp\ccQGdvu7.s 			page 15


 656 02ec 09       		.uleb128 0x9
 657 02ed 28000000 		.4byte	.LVL28
 658 02f1 54040000 		.4byte	0x454
 659 02f5 01030000 		.4byte	0x301
 660 02f9 0A       		.uleb128 0xa
 661 02fa 01       		.uleb128 0x1
 662 02fb 50       		.byte	0x50
 663 02fc 03       		.uleb128 0x3
 664 02fd 0B       		.byte	0xb
 665 02fe 80BB     		.2byte	0xbb80
 666 0300 00       		.byte	0
 667 0301 09       		.uleb128 0x9
 668 0302 30000000 		.4byte	.LVL29
 669 0306 5F040000 		.4byte	0x45f
 670 030a 16030000 		.4byte	0x316
 671 030e 0A       		.uleb128 0xa
 672 030f 01       		.uleb128 0x1
 673 0310 50       		.byte	0x50
 674 0311 03       		.uleb128 0x3
 675 0312 0A       		.byte	0xa
 676 0313 6009     		.2byte	0x960
 677 0315 00       		.byte	0
 678 0316 08       		.uleb128 0x8
 679 0317 34000000 		.4byte	.LVL30
 680 031b 0C020000 		.4byte	0x20c
 681 031f 09       		.uleb128 0x9
 682 0320 3A000000 		.4byte	.LVL31
 683 0324 6A040000 		.4byte	0x46a
 684 0328 36030000 		.4byte	0x336
 685 032c 0A       		.uleb128 0xa
 686 032d 01       		.uleb128 0x1
 687 032e 50       		.byte	0x50
 688 032f 05       		.uleb128 0x5
 689 0330 03       		.byte	0x3
 690 0331 00000000 		.4byte	isr_uart_rx_Handler
 691 0335 00       		.byte	0
 692 0336 09       		.uleb128 0x9
 693 0337 40000000 		.4byte	.LVL32
 694 033b 75040000 		.4byte	0x475
 695 033f 4D030000 		.4byte	0x34d
 696 0343 0A       		.uleb128 0xa
 697 0344 01       		.uleb128 0x1
 698 0345 50       		.byte	0x50
 699 0346 05       		.uleb128 0x5
 700 0347 03       		.byte	0x3
 701 0348 14000000 		.4byte	.LC2
 702 034c 00       		.byte	0
 703 034d 0B       		.uleb128 0xb
 704 034e 46000000 		.4byte	.LVL33
 705 0352 12040000 		.4byte	0x412
 706 0356 0A       		.uleb128 0xa
 707 0357 01       		.uleb128 0x1
 708 0358 50       		.byte	0x50
 709 0359 01       		.uleb128 0x1
 710 035a 31       		.byte	0x31
 711 035b 00       		.byte	0
 712 035c 00       		.byte	0
ARM GAS  C:\Users\thoma\AppData\Local\Temp\ccQGdvu7.s 			page 16


 713 035d 11       		.uleb128 0x11
 714 035e 43020000 		.4byte	.LASF29
 715 0362 05       		.byte	0x5
 716 0363 1207     		.2byte	0x712
 717 0365 69030000 		.4byte	0x369
 718 0369 12       		.uleb128 0x12
 719 036a AD000000 		.4byte	0xad
 720 036e 13       		.uleb128 0x13
 721 036f 6A00     		.ascii	"j\000"
 722 0371 01       		.byte	0x1
 723 0372 20       		.byte	0x20
 724 0373 C3000000 		.4byte	0xc3
 725 0377 05       		.uleb128 0x5
 726 0378 03       		.byte	0x3
 727 0379 00000000 		.4byte	j
 728 037d 14       		.uleb128 0x14
 729 037e F6010000 		.4byte	.LASF30
 730 0382 01       		.byte	0x1
 731 0383 21       		.byte	0x21
 732 0384 C3000000 		.4byte	0xc3
 733 0388 05       		.uleb128 0x5
 734 0389 03       		.byte	0x3
 735 038a 00000000 		.4byte	rxData
 736 038e 15       		.uleb128 0x15
 737 038f 31000000 		.4byte	.LASF31
 738 0393 31000000 		.4byte	.LASF31
 739 0397 06       		.byte	0x6
 740 0398 70       		.byte	0x70
 741 0399 15       		.uleb128 0x15
 742 039a 8D020000 		.4byte	.LASF32
 743 039e 8D020000 		.4byte	.LASF32
 744 03a2 07       		.byte	0x7
 745 03a3 3D       		.byte	0x3d
 746 03a4 15       		.uleb128 0x15
 747 03a5 33020000 		.4byte	.LASF33
 748 03a9 33020000 		.4byte	.LASF33
 749 03ad 07       		.byte	0x7
 750 03ae 3C       		.byte	0x3c
 751 03af 15       		.uleb128 0x15
 752 03b0 BE020000 		.4byte	.LASF34
 753 03b4 BE020000 		.4byte	.LASF34
 754 03b8 06       		.byte	0x6
 755 03b9 6F       		.byte	0x6f
 756 03ba 15       		.uleb128 0x15
 757 03bb E6020000 		.4byte	.LASF35
 758 03bf E6020000 		.4byte	.LASF35
 759 03c3 06       		.byte	0x6
 760 03c4 8A       		.byte	0x8a
 761 03c5 15       		.uleb128 0x15
 762 03c6 9A020000 		.4byte	.LASF36
 763 03ca 9A020000 		.4byte	.LASF36
 764 03ce 07       		.byte	0x7
 765 03cf 3E       		.byte	0x3e
 766 03d0 15       		.uleb128 0x15
 767 03d1 D3000000 		.4byte	.LASF37
 768 03d5 D3000000 		.4byte	.LASF37
 769 03d9 08       		.byte	0x8
ARM GAS  C:\Users\thoma\AppData\Local\Temp\ccQGdvu7.s 			page 17


 770 03da 29       		.byte	0x29
 771 03db 15       		.uleb128 0x15
 772 03dc 3A030000 		.4byte	.LASF38
 773 03e0 3A030000 		.4byte	.LASF38
 774 03e4 08       		.byte	0x8
 775 03e5 26       		.byte	0x26
 776 03e6 15       		.uleb128 0x15
 777 03e7 F8000000 		.4byte	.LASF39
 778 03eb F8000000 		.4byte	.LASF39
 779 03ef 07       		.byte	0x7
 780 03f0 38       		.byte	0x38
 781 03f1 15       		.uleb128 0x15
 782 03f2 16030000 		.4byte	.LASF40
 783 03f6 16030000 		.4byte	.LASF40
 784 03fa 07       		.byte	0x7
 785 03fb 3A       		.byte	0x3a
 786 03fc 15       		.uleb128 0x15
 787 03fd A6020000 		.4byte	.LASF41
 788 0401 A6020000 		.4byte	.LASF41
 789 0405 09       		.byte	0x9
 790 0406 3A       		.byte	0x3a
 791 0407 15       		.uleb128 0x15
 792 0408 6D030000 		.4byte	.LASF42
 793 040c 6D030000 		.4byte	.LASF42
 794 0410 0A       		.byte	0xa
 795 0411 26       		.byte	0x26
 796 0412 15       		.uleb128 0x15
 797 0413 00000000 		.4byte	.LASF43
 798 0417 00000000 		.4byte	.LASF43
 799 041b 0B       		.byte	0xb
 800 041c 26       		.byte	0x26
 801 041d 15       		.uleb128 0x15
 802 041e 88030000 		.4byte	.LASF44
 803 0422 88030000 		.4byte	.LASF44
 804 0426 0C       		.byte	0xc
 805 0427 26       		.byte	0x26
 806 0428 15       		.uleb128 0x15
 807 0429 55020000 		.4byte	.LASF45
 808 042d 55020000 		.4byte	.LASF45
 809 0431 0D       		.byte	0xd
 810 0432 5A       		.byte	0x5a
 811 0433 15       		.uleb128 0x15
 812 0434 46030000 		.4byte	.LASF46
 813 0438 46030000 		.4byte	.LASF46
 814 043c 0E       		.byte	0xe
 815 043d 92       		.byte	0x92
 816 043e 15       		.uleb128 0x15
 817 043f E0010000 		.4byte	.LASF47
 818 0443 E0010000 		.4byte	.LASF47
 819 0447 06       		.byte	0x6
 820 0448 54       		.byte	0x54
 821 0449 15       		.uleb128 0x15
 822 044a AA010000 		.4byte	.LASF48
 823 044e AA010000 		.4byte	.LASF48
 824 0452 09       		.byte	0x9
 825 0453 3D       		.byte	0x3d
 826 0454 15       		.uleb128 0x15
ARM GAS  C:\Users\thoma\AppData\Local\Temp\ccQGdvu7.s 			page 18


 827 0455 CE020000 		.4byte	.LASF49
 828 0459 CE020000 		.4byte	.LASF49
 829 045d 0E       		.byte	0xe
 830 045e BE       		.byte	0xbe
 831 045f 15       		.uleb128 0x15
 832 0460 17020000 		.4byte	.LASF50
 833 0464 17020000 		.4byte	.LASF50
 834 0468 0E       		.byte	0xe
 835 0469 C3       		.byte	0xc3
 836 046a 15       		.uleb128 0x15
 837 046b 0C000000 		.4byte	.LASF51
 838 046f 0C000000 		.4byte	.LASF51
 839 0473 0F       		.byte	0xf
 840 0474 18       		.byte	0x18
 841 0475 15       		.uleb128 0x15
 842 0476 79030000 		.4byte	.LASF52
 843 047a 79030000 		.4byte	.LASF52
 844 047e 06       		.byte	0x6
 845 047f 8B       		.byte	0x8b
 846 0480 00       		.byte	0
 847              		.section	.debug_abbrev,"",%progbits
 848              	.Ldebug_abbrev0:
 849 0000 01       		.uleb128 0x1
 850 0001 11       		.uleb128 0x11
 851 0002 01       		.byte	0x1
 852 0003 25       		.uleb128 0x25
 853 0004 0E       		.uleb128 0xe
 854 0005 13       		.uleb128 0x13
 855 0006 0B       		.uleb128 0xb
 856 0007 03       		.uleb128 0x3
 857 0008 0E       		.uleb128 0xe
 858 0009 1B       		.uleb128 0x1b
 859 000a 0E       		.uleb128 0xe
 860 000b 55       		.uleb128 0x55
 861 000c 17       		.uleb128 0x17
 862 000d 11       		.uleb128 0x11
 863 000e 01       		.uleb128 0x1
 864 000f 10       		.uleb128 0x10
 865 0010 17       		.uleb128 0x17
 866 0011 00       		.byte	0
 867 0012 00       		.byte	0
 868 0013 02       		.uleb128 0x2
 869 0014 24       		.uleb128 0x24
 870 0015 00       		.byte	0
 871 0016 0B       		.uleb128 0xb
 872 0017 0B       		.uleb128 0xb
 873 0018 3E       		.uleb128 0x3e
 874 0019 0B       		.uleb128 0xb
 875 001a 03       		.uleb128 0x3
 876 001b 0E       		.uleb128 0xe
 877 001c 00       		.byte	0
 878 001d 00       		.byte	0
 879 001e 03       		.uleb128 0x3
 880 001f 16       		.uleb128 0x16
 881 0020 00       		.byte	0
 882 0021 03       		.uleb128 0x3
 883 0022 0E       		.uleb128 0xe
ARM GAS  C:\Users\thoma\AppData\Local\Temp\ccQGdvu7.s 			page 19


 884 0023 3A       		.uleb128 0x3a
 885 0024 0B       		.uleb128 0xb
 886 0025 3B       		.uleb128 0x3b
 887 0026 0B       		.uleb128 0xb
 888 0027 49       		.uleb128 0x49
 889 0028 13       		.uleb128 0x13
 890 0029 00       		.byte	0
 891 002a 00       		.byte	0
 892 002b 04       		.uleb128 0x4
 893 002c 24       		.uleb128 0x24
 894 002d 00       		.byte	0
 895 002e 0B       		.uleb128 0xb
 896 002f 0B       		.uleb128 0xb
 897 0030 3E       		.uleb128 0x3e
 898 0031 0B       		.uleb128 0xb
 899 0032 03       		.uleb128 0x3
 900 0033 08       		.uleb128 0x8
 901 0034 00       		.byte	0
 902 0035 00       		.byte	0
 903 0036 05       		.uleb128 0x5
 904 0037 16       		.uleb128 0x16
 905 0038 00       		.byte	0
 906 0039 03       		.uleb128 0x3
 907 003a 0E       		.uleb128 0xe
 908 003b 3A       		.uleb128 0x3a
 909 003c 0B       		.uleb128 0xb
 910 003d 3B       		.uleb128 0x3b
 911 003e 05       		.uleb128 0x5
 912 003f 49       		.uleb128 0x49
 913 0040 13       		.uleb128 0x13
 914 0041 00       		.byte	0
 915 0042 00       		.byte	0
 916 0043 06       		.uleb128 0x6
 917 0044 2E       		.uleb128 0x2e
 918 0045 01       		.byte	0x1
 919 0046 3F       		.uleb128 0x3f
 920 0047 19       		.uleb128 0x19
 921 0048 03       		.uleb128 0x3
 922 0049 0E       		.uleb128 0xe
 923 004a 3A       		.uleb128 0x3a
 924 004b 0B       		.uleb128 0xb
 925 004c 3B       		.uleb128 0x3b
 926 004d 0B       		.uleb128 0xb
 927 004e 27       		.uleb128 0x27
 928 004f 19       		.uleb128 0x19
 929 0050 11       		.uleb128 0x11
 930 0051 01       		.uleb128 0x1
 931 0052 12       		.uleb128 0x12
 932 0053 06       		.uleb128 0x6
 933 0054 40       		.uleb128 0x40
 934 0055 18       		.uleb128 0x18
 935 0056 9742     		.uleb128 0x2117
 936 0058 19       		.uleb128 0x19
 937 0059 01       		.uleb128 0x1
 938 005a 13       		.uleb128 0x13
 939 005b 00       		.byte	0
 940 005c 00       		.byte	0
ARM GAS  C:\Users\thoma\AppData\Local\Temp\ccQGdvu7.s 			page 20


 941 005d 07       		.uleb128 0x7
 942 005e 34       		.uleb128 0x34
 943 005f 00       		.byte	0
 944 0060 03       		.uleb128 0x3
 945 0061 0E       		.uleb128 0xe
 946 0062 3A       		.uleb128 0x3a
 947 0063 0B       		.uleb128 0xb
 948 0064 3B       		.uleb128 0x3b
 949 0065 0B       		.uleb128 0xb
 950 0066 49       		.uleb128 0x49
 951 0067 13       		.uleb128 0x13
 952 0068 02       		.uleb128 0x2
 953 0069 17       		.uleb128 0x17
 954 006a 00       		.byte	0
 955 006b 00       		.byte	0
 956 006c 08       		.uleb128 0x8
 957 006d 898201   		.uleb128 0x4109
 958 0070 00       		.byte	0
 959 0071 11       		.uleb128 0x11
 960 0072 01       		.uleb128 0x1
 961 0073 31       		.uleb128 0x31
 962 0074 13       		.uleb128 0x13
 963 0075 00       		.byte	0
 964 0076 00       		.byte	0
 965 0077 09       		.uleb128 0x9
 966 0078 898201   		.uleb128 0x4109
 967 007b 01       		.byte	0x1
 968 007c 11       		.uleb128 0x11
 969 007d 01       		.uleb128 0x1
 970 007e 31       		.uleb128 0x31
 971 007f 13       		.uleb128 0x13
 972 0080 01       		.uleb128 0x1
 973 0081 13       		.uleb128 0x13
 974 0082 00       		.byte	0
 975 0083 00       		.byte	0
 976 0084 0A       		.uleb128 0xa
 977 0085 8A8201   		.uleb128 0x410a
 978 0088 00       		.byte	0
 979 0089 02       		.uleb128 0x2
 980 008a 18       		.uleb128 0x18
 981 008b 9142     		.uleb128 0x2111
 982 008d 18       		.uleb128 0x18
 983 008e 00       		.byte	0
 984 008f 00       		.byte	0
 985 0090 0B       		.uleb128 0xb
 986 0091 898201   		.uleb128 0x4109
 987 0094 01       		.byte	0x1
 988 0095 11       		.uleb128 0x11
 989 0096 01       		.uleb128 0x1
 990 0097 31       		.uleb128 0x31
 991 0098 13       		.uleb128 0x13
 992 0099 00       		.byte	0
 993 009a 00       		.byte	0
 994 009b 0C       		.uleb128 0xc
 995 009c 2E       		.uleb128 0x2e
 996 009d 01       		.byte	0x1
 997 009e 3F       		.uleb128 0x3f
ARM GAS  C:\Users\thoma\AppData\Local\Temp\ccQGdvu7.s 			page 21


 998 009f 19       		.uleb128 0x19
 999 00a0 03       		.uleb128 0x3
 1000 00a1 0E       		.uleb128 0xe
 1001 00a2 3A       		.uleb128 0x3a
 1002 00a3 0B       		.uleb128 0xb
 1003 00a4 3B       		.uleb128 0x3b
 1004 00a5 0B       		.uleb128 0xb
 1005 00a6 49       		.uleb128 0x49
 1006 00a7 13       		.uleb128 0x13
 1007 00a8 11       		.uleb128 0x11
 1008 00a9 01       		.uleb128 0x1
 1009 00aa 12       		.uleb128 0x12
 1010 00ab 06       		.uleb128 0x6
 1011 00ac 40       		.uleb128 0x40
 1012 00ad 18       		.uleb128 0x18
 1013 00ae 9742     		.uleb128 0x2117
 1014 00b0 19       		.uleb128 0x19
 1015 00b1 01       		.uleb128 0x1
 1016 00b2 13       		.uleb128 0x13
 1017 00b3 00       		.byte	0
 1018 00b4 00       		.byte	0
 1019 00b5 0D       		.uleb128 0xd
 1020 00b6 2E       		.uleb128 0x2e
 1021 00b7 01       		.byte	0x1
 1022 00b8 3F       		.uleb128 0x3f
 1023 00b9 19       		.uleb128 0x19
 1024 00ba 03       		.uleb128 0x3
 1025 00bb 0E       		.uleb128 0xe
 1026 00bc 3A       		.uleb128 0x3a
 1027 00bd 0B       		.uleb128 0xb
 1028 00be 3B       		.uleb128 0x3b
 1029 00bf 0B       		.uleb128 0xb
 1030 00c0 27       		.uleb128 0x27
 1031 00c1 19       		.uleb128 0x19
 1032 00c2 49       		.uleb128 0x49
 1033 00c3 13       		.uleb128 0x13
 1034 00c4 8701     		.uleb128 0x87
 1035 00c6 19       		.uleb128 0x19
 1036 00c7 11       		.uleb128 0x11
 1037 00c8 01       		.uleb128 0x1
 1038 00c9 12       		.uleb128 0x12
 1039 00ca 06       		.uleb128 0x6
 1040 00cb 40       		.uleb128 0x40
 1041 00cc 18       		.uleb128 0x18
 1042 00cd 9742     		.uleb128 0x2117
 1043 00cf 19       		.uleb128 0x19
 1044 00d0 01       		.uleb128 0x1
 1045 00d1 13       		.uleb128 0x13
 1046 00d2 00       		.byte	0
 1047 00d3 00       		.byte	0
 1048 00d4 0E       		.uleb128 0xe
 1049 00d5 34       		.uleb128 0x34
 1050 00d6 00       		.byte	0
 1051 00d7 03       		.uleb128 0x3
 1052 00d8 0E       		.uleb128 0xe
 1053 00d9 3A       		.uleb128 0x3a
 1054 00da 0B       		.uleb128 0xb
ARM GAS  C:\Users\thoma\AppData\Local\Temp\ccQGdvu7.s 			page 22


 1055 00db 3B       		.uleb128 0x3b
 1056 00dc 0B       		.uleb128 0xb
 1057 00dd 49       		.uleb128 0x49
 1058 00de 13       		.uleb128 0x13
 1059 00df 1C       		.uleb128 0x1c
 1060 00e0 0D       		.uleb128 0xd
 1061 00e1 00       		.byte	0
 1062 00e2 00       		.byte	0
 1063 00e3 0F       		.uleb128 0xf
 1064 00e4 34       		.uleb128 0x34
 1065 00e5 00       		.byte	0
 1066 00e6 03       		.uleb128 0x3
 1067 00e7 0E       		.uleb128 0xe
 1068 00e8 3A       		.uleb128 0x3a
 1069 00e9 0B       		.uleb128 0xb
 1070 00ea 3B       		.uleb128 0x3b
 1071 00eb 0B       		.uleb128 0xb
 1072 00ec 49       		.uleb128 0x49
 1073 00ed 13       		.uleb128 0x13
 1074 00ee 1C       		.uleb128 0x1c
 1075 00ef 05       		.uleb128 0x5
 1076 00f0 00       		.byte	0
 1077 00f1 00       		.byte	0
 1078 00f2 10       		.uleb128 0x10
 1079 00f3 34       		.uleb128 0x34
 1080 00f4 00       		.byte	0
 1081 00f5 03       		.uleb128 0x3
 1082 00f6 0E       		.uleb128 0xe
 1083 00f7 3A       		.uleb128 0x3a
 1084 00f8 0B       		.uleb128 0xb
 1085 00f9 3B       		.uleb128 0x3b
 1086 00fa 0B       		.uleb128 0xb
 1087 00fb 49       		.uleb128 0x49
 1088 00fc 13       		.uleb128 0x13
 1089 00fd 00       		.byte	0
 1090 00fe 00       		.byte	0
 1091 00ff 11       		.uleb128 0x11
 1092 0100 34       		.uleb128 0x34
 1093 0101 00       		.byte	0
 1094 0102 03       		.uleb128 0x3
 1095 0103 0E       		.uleb128 0xe
 1096 0104 3A       		.uleb128 0x3a
 1097 0105 0B       		.uleb128 0xb
 1098 0106 3B       		.uleb128 0x3b
 1099 0107 05       		.uleb128 0x5
 1100 0108 49       		.uleb128 0x49
 1101 0109 13       		.uleb128 0x13
 1102 010a 3F       		.uleb128 0x3f
 1103 010b 19       		.uleb128 0x19
 1104 010c 3C       		.uleb128 0x3c
 1105 010d 19       		.uleb128 0x19
 1106 010e 00       		.byte	0
 1107 010f 00       		.byte	0
 1108 0110 12       		.uleb128 0x12
 1109 0111 35       		.uleb128 0x35
 1110 0112 00       		.byte	0
 1111 0113 49       		.uleb128 0x49
ARM GAS  C:\Users\thoma\AppData\Local\Temp\ccQGdvu7.s 			page 23


 1112 0114 13       		.uleb128 0x13
 1113 0115 00       		.byte	0
 1114 0116 00       		.byte	0
 1115 0117 13       		.uleb128 0x13
 1116 0118 34       		.uleb128 0x34
 1117 0119 00       		.byte	0
 1118 011a 03       		.uleb128 0x3
 1119 011b 08       		.uleb128 0x8
 1120 011c 3A       		.uleb128 0x3a
 1121 011d 0B       		.uleb128 0xb
 1122 011e 3B       		.uleb128 0x3b
 1123 011f 0B       		.uleb128 0xb
 1124 0120 49       		.uleb128 0x49
 1125 0121 13       		.uleb128 0x13
 1126 0122 3F       		.uleb128 0x3f
 1127 0123 19       		.uleb128 0x19
 1128 0124 02       		.uleb128 0x2
 1129 0125 18       		.uleb128 0x18
 1130 0126 00       		.byte	0
 1131 0127 00       		.byte	0
 1132 0128 14       		.uleb128 0x14
 1133 0129 34       		.uleb128 0x34
 1134 012a 00       		.byte	0
 1135 012b 03       		.uleb128 0x3
 1136 012c 0E       		.uleb128 0xe
 1137 012d 3A       		.uleb128 0x3a
 1138 012e 0B       		.uleb128 0xb
 1139 012f 3B       		.uleb128 0x3b
 1140 0130 0B       		.uleb128 0xb
 1141 0131 49       		.uleb128 0x49
 1142 0132 13       		.uleb128 0x13
 1143 0133 3F       		.uleb128 0x3f
 1144 0134 19       		.uleb128 0x19
 1145 0135 02       		.uleb128 0x2
 1146 0136 18       		.uleb128 0x18
 1147 0137 00       		.byte	0
 1148 0138 00       		.byte	0
 1149 0139 15       		.uleb128 0x15
 1150 013a 2E       		.uleb128 0x2e
 1151 013b 00       		.byte	0
 1152 013c 3F       		.uleb128 0x3f
 1153 013d 19       		.uleb128 0x19
 1154 013e 3C       		.uleb128 0x3c
 1155 013f 19       		.uleb128 0x19
 1156 0140 6E       		.uleb128 0x6e
 1157 0141 0E       		.uleb128 0xe
 1158 0142 03       		.uleb128 0x3
 1159 0143 0E       		.uleb128 0xe
 1160 0144 3A       		.uleb128 0x3a
 1161 0145 0B       		.uleb128 0xb
 1162 0146 3B       		.uleb128 0x3b
 1163 0147 0B       		.uleb128 0xb
 1164 0148 00       		.byte	0
 1165 0149 00       		.byte	0
 1166 014a 00       		.byte	0
 1167              		.section	.debug_loc,"",%progbits
 1168              	.Ldebug_loc0:
ARM GAS  C:\Users\thoma\AppData\Local\Temp\ccQGdvu7.s 			page 24


 1169              	.LLST0:
 1170 0000 08000000 		.4byte	.LVL1
 1171 0004 12000000 		.4byte	.LVL2
 1172 0008 0100     		.2byte	0x1
 1173 000a 50       		.byte	0x50
 1174 000b 00000000 		.4byte	0
 1175 000f 00000000 		.4byte	0
 1176              		.section	.debug_aranges,"",%progbits
 1177 0000 34000000 		.4byte	0x34
 1178 0004 0200     		.2byte	0x2
 1179 0006 00000000 		.4byte	.Ldebug_info0
 1180 000a 04       		.byte	0x4
 1181 000b 00       		.byte	0
 1182 000c 0000     		.2byte	0
 1183 000e 0000     		.2byte	0
 1184 0010 00000000 		.4byte	.LFB64
 1185 0014 84000000 		.4byte	.LFE64-.LFB64
 1186 0018 00000000 		.4byte	.LFB63
 1187 001c 1A000000 		.4byte	.LFE63-.LFB63
 1188 0020 00000000 		.4byte	.LFB66
 1189 0024 1E000000 		.4byte	.LFE66-.LFB66
 1190 0028 00000000 		.4byte	.LFB65
 1191 002c 50000000 		.4byte	.LFE65-.LFB65
 1192 0030 00000000 		.4byte	0
 1193 0034 00000000 		.4byte	0
 1194              		.section	.debug_ranges,"",%progbits
 1195              	.Ldebug_ranges0:
 1196 0000 00000000 		.4byte	.LFB64
 1197 0004 84000000 		.4byte	.LFE64
 1198 0008 00000000 		.4byte	.LFB63
 1199 000c 1A000000 		.4byte	.LFE63
 1200 0010 00000000 		.4byte	.LFB66
 1201 0014 1E000000 		.4byte	.LFE66
 1202 0018 00000000 		.4byte	.LFB65
 1203 001c 50000000 		.4byte	.LFE65
 1204 0020 00000000 		.4byte	0
 1205 0024 00000000 		.4byte	0
 1206              		.section	.debug_line,"",%progbits
 1207              	.Ldebug_line0:
 1208 0000 FC010000 		.section	.debug_str,"MS",%progbits,1
 1208      02008B01 
 1208      00000201 
 1208      FB0E0D00 
 1208      01010101 
 1209              	.LASF43:
 1210 0000 4C454430 		.ascii	"LED03_Write\000"
 1210      335F5772 
 1210      69746500 
 1211              	.LASF51:
 1212 000c 6973725F 		.ascii	"isr_uart_rx_StartEx\000"
 1212      75617274 
 1212      5F72785F 
 1212      53746172 
 1212      74457800 
 1213              	.LASF3:
 1214 0020 5F5F7569 		.ascii	"__uint8_t\000"
 1214      6E74385F 
ARM GAS  C:\Users\thoma\AppData\Local\Temp\ccQGdvu7.s 			page 25


 1214      7400
 1215              	.LASF26:
 1216 002a 73746174 		.ascii	"status\000"
 1216      757300
 1217              	.LASF31:
 1218 0031 55415254 		.ascii	"UART_ReadRxStatus\000"
 1218      5F526561 
 1218      64527853 
 1218      74617475 
 1218      7300
 1219              	.LASF6:
 1220 0043 5F5F696E 		.ascii	"__int32_t\000"
 1220      7433325F 
 1220      7400
 1221              	.LASF7:
 1222 004d 6C6F6E67 		.ascii	"long int\000"
 1222      20696E74 
 1222      00
 1223              	.LASF28:
 1224 0056 76616C5F 		.ascii	"val_CMP\000"
 1224      434D5000 
 1225              	.LASF55:
 1226 005e 443A5C50 		.ascii	"D:\\Polytech\\MA1 2022-2023 ULB\\Q2\\ELEC-H310 -- D"
 1226      6F6C7974 
 1226      6563685C 
 1226      4D413120 
 1226      32303232 
 1227 008d 69676974 		.ascii	"igital Electronics\\Coding\\INFO_H310\\Lab03\\Lab03"
 1227      616C2045 
 1227      6C656374 
 1227      726F6E69 
 1227      63735C43 
 1228 00bc 5F4D7953 		.ascii	"_MySelf\\Design01.cydsn\000"
 1228      656C665C 
 1228      44657369 
 1228      676E3031 
 1228      2E637964 
 1229              	.LASF37:
 1230 00d3 4C454430 		.ascii	"LED01_Read\000"
 1230      315F5265 
 1230      616400
 1231              	.LASF23:
 1232 00de 6973725F 		.ascii	"isr_uart_rx_Handler\000"
 1232      75617274 
 1232      5F72785F 
 1232      48616E64 
 1232      6C657200 
 1233              	.LASF18:
 1234 00f2 666C6F61 		.ascii	"float\000"
 1234      7400
 1235              	.LASF39:
 1236 00f8 4C43445F 		.ascii	"LCD_Start\000"
 1236      53746172 
 1236      7400
 1237              	.LASF0:
 1238 0102 7369676E 		.ascii	"signed char\000"
 1238      65642063 
ARM GAS  C:\Users\thoma\AppData\Local\Temp\ccQGdvu7.s 			page 26


 1238      68617200 
 1239              	.LASF1:
 1240 010e 756E7369 		.ascii	"unsigned char\000"
 1240      676E6564 
 1240      20636861 
 1240      7200
 1241              	.LASF53:
 1242 011c 474E5520 		.ascii	"GNU C11 5.4.1 20160609 (release) [ARM/embedded-5-br"
 1242      43313120 
 1242      352E342E 
 1242      31203230 
 1242      31363036 
 1243 014f 616E6368 		.ascii	"anch revision 237715] -mcpu=cortex-m3 -mthumb -g -O"
 1243      20726576 
 1243      6973696F 
 1243      6E203233 
 1243      37373135 
 1244 0182 67202D66 		.ascii	"g -ffunction-sections -ffat-lto-objects\000"
 1244      66756E63 
 1244      74696F6E 
 1244      2D736563 
 1244      74696F6E 
 1245              	.LASF48:
 1246 01aa 4144435F 		.ascii	"ADC_StartConvert\000"
 1246      53746172 
 1246      74436F6E 
 1246      76657274 
 1246      00
 1247              	.LASF9:
 1248 01bb 6C6F6E67 		.ascii	"long unsigned int\000"
 1248      20756E73 
 1248      69676E65 
 1248      6420696E 
 1248      7400
 1249              	.LASF5:
 1250 01cd 73686F72 		.ascii	"short unsigned int\000"
 1250      7420756E 
 1250      7369676E 
 1250      65642069 
 1250      6E7400
 1251              	.LASF47:
 1252 01e0 55415254 		.ascii	"UART_Start\000"
 1252      5F537461 
 1252      727400
 1253              	.LASF27:
 1254 01eb 70776D5F 		.ascii	"pwm_period\000"
 1254      70657269 
 1254      6F6400
 1255              	.LASF30:
 1256 01f6 72784461 		.ascii	"rxData\000"
 1256      746100
 1257              	.LASF24:
 1258 01fd 53746172 		.ascii	"Start_F\000"
 1258      745F4600 
 1259              	.LASF4:
 1260 0205 5F5F7569 		.ascii	"__uint16_t\000"
 1260      6E743136 
ARM GAS  C:\Users\thoma\AppData\Local\Temp\ccQGdvu7.s 			page 27


 1260      5F7400
 1261              	.LASF19:
 1262 0210 646F7562 		.ascii	"double\000"
 1262      6C6500
 1263              	.LASF50:
 1264 0217 50574D5F 		.ascii	"PWM_WriteCompare\000"
 1264      57726974 
 1264      65436F6D 
 1264      70617265 
 1264      00
 1265              	.LASF8:
 1266 0228 5F5F7569 		.ascii	"__uint32_t\000"
 1266      6E743332 
 1266      5F7400
 1267              	.LASF33:
 1268 0233 4C43445F 		.ascii	"LCD_PrintString\000"
 1268      5072696E 
 1268      74537472 
 1268      696E6700 
 1269              	.LASF29:
 1270 0243 49544D5F 		.ascii	"ITM_RxBuffer\000"
 1270      52784275 
 1270      66666572 
 1270      00
 1271              	.LASF56:
 1272 0250 6D61696E 		.ascii	"main\000"
 1272      00
 1273              	.LASF45:
 1274 0255 54696D65 		.ascii	"Timer_Start\000"
 1274      725F5374 
 1274      61727400 
 1275              	.LASF12:
 1276 0261 756E7369 		.ascii	"unsigned int\000"
 1276      676E6564 
 1276      20696E74 
 1276      00
 1277              	.LASF11:
 1278 026e 6C6F6E67 		.ascii	"long long unsigned int\000"
 1278      206C6F6E 
 1278      6720756E 
 1278      7369676E 
 1278      65642069 
 1279              	.LASF13:
 1280 0285 75696E74 		.ascii	"uint8_t\000"
 1280      385F7400 
 1281              	.LASF32:
 1282 028d 4C43445F 		.ascii	"LCD_Position\000"
 1282      506F7369 
 1282      74696F6E 
 1282      00
 1283              	.LASF36:
 1284 029a 4C43445F 		.ascii	"LCD_PutChar\000"
 1284      50757443 
 1284      68617200 
 1285              	.LASF41:
 1286 02a6 4144435F 		.ascii	"ADC_Start\000"
 1286      53746172 
ARM GAS  C:\Users\thoma\AppData\Local\Temp\ccQGdvu7.s 			page 28


 1286      7400
 1287              	.LASF17:
 1288 02b0 75696E74 		.ascii	"uint8\000"
 1288      3800
 1289              	.LASF25:
 1290 02b6 4C45445F 		.ascii	"LED_off\000"
 1290      6F666600 
 1291              	.LASF34:
 1292 02be 55415254 		.ascii	"UART_ReadRxData\000"
 1292      5F526561 
 1292      64527844 
 1292      61746100 
 1293              	.LASF49:
 1294 02ce 50574D5F 		.ascii	"PWM_WritePeriod\000"
 1294      57726974 
 1294      65506572 
 1294      696F6400 
 1295              	.LASF15:
 1296 02de 696E7433 		.ascii	"int32_t\000"
 1296      325F7400 
 1297              	.LASF35:
 1298 02e6 55415254 		.ascii	"UART_PutChar\000"
 1298      5F507574 
 1298      43686172 
 1298      00
 1299              	.LASF22:
 1300 02f3 73697A65 		.ascii	"sizetype\000"
 1300      74797065 
 1300      00
 1301              	.LASF10:
 1302 02fc 6C6F6E67 		.ascii	"long long int\000"
 1302      206C6F6E 
 1302      6720696E 
 1302      7400
 1303              	.LASF54:
 1304 030a 6D61696E 		.ascii	"main.c\000"
 1304      2E6300
 1305              	.LASF20:
 1306 0311 63686172 		.ascii	"char\000"
 1306      00
 1307              	.LASF40:
 1308 0316 4C43445F 		.ascii	"LCD_WriteControl\000"
 1308      57726974 
 1308      65436F6E 
 1308      74726F6C 
 1308      00
 1309              	.LASF14:
 1310 0327 75696E74 		.ascii	"uint16_t\000"
 1310      31365F74 
 1310      00
 1311              	.LASF2:
 1312 0330 73686F72 		.ascii	"short int\000"
 1312      7420696E 
 1312      7400
 1313              	.LASF38:
 1314 033a 4C454430 		.ascii	"LED01_Write\000"
 1314      315F5772 
ARM GAS  C:\Users\thoma\AppData\Local\Temp\ccQGdvu7.s 			page 29


 1314      69746500 
 1315              	.LASF46:
 1316 0346 50574D5F 		.ascii	"PWM_Start\000"
 1316      53746172 
 1316      7400
 1317              	.LASF16:
 1318 0350 75696E74 		.ascii	"uint32_t\000"
 1318      33325F74 
 1318      00
 1319              	.LASF57:
 1320 0359 76616C5F 		.ascii	"val_adc\000"
 1320      61646300 
 1321              	.LASF21:
 1322 0361 6C6F6E67 		.ascii	"long double\000"
 1322      20646F75 
 1322      626C6500 
 1323              	.LASF42:
 1324 036d 4C454430 		.ascii	"LED02_Write\000"
 1324      325F5772 
 1324      69746500 
 1325              	.LASF52:
 1326 0379 55415254 		.ascii	"UART_PutString\000"
 1326      5F507574 
 1326      53747269 
 1326      6E6700
 1327              	.LASF44:
 1328 0388 4C454430 		.ascii	"LED04_Write\000"
 1328      345F5772 
 1328      69746500 
 1329              		.ident	"GCC: (GNU Tools for ARM Embedded Processors) 5.4.1 20160609 (release) [ARM/embedded-5-bran
