--------------- Build Started: 04/13/2023 21:52:33 Project: Design01, Configuration: ARM GCC 5.4-2016-q2-update Debug ---------------
cydsfit.exe -.appdatapath "C:\Users\thoma\AppData\Local\Cypress Semiconductor\PSoC Creator\4.4" -.fdsnotice -.fdswarpdepfile=warp_dependencies.txt -.fdselabdepfile=elab_dependencies.txt -.fdsbldfile=generated_files.txt -.fdsreffile=referenced_files.txt -p "D:\Polytech\MA1 2022-2023 ULB\Q2\ELEC-H310 -- Digital Electronics\Coding\INFO_H310\Lab02\Lab02_MySelf\Design01.cydsn\Design01.cyprj" -d CY8C5888LTI-LP097 -s "D:\Polytech\MA1 2022-2023 ULB\Q2\ELEC-H310 -- Digital Electronics\Coding\INFO_H310\Lab02\Lab02_MySelf\Design01.cydsn\Generated_Source\PSoC5" -- -yv2 -q10 -ygs -o2 -v3 -.fftcfgtype=LE
Elaborating Design...
ADD: sdb.M0065: information: Analog terminal "POT.analog_0" on TopDesign is unconnected.
 * D:\Polytech\MA1 2022-2023 ULB\Q2\ELEC-H310 -- Digital Electronics\Coding\INFO_H310\Lab02\Lab02_MySelf\Design01.cydsn\TopDesign\TopDesign.cysch (Signal: Net_15)
 * D:\Polytech\MA1 2022-2023 ULB\Q2\ELEC-H310 -- Digital Electronics\Coding\INFO_H310\Lab02\Lab02_MySelf\Design01.cydsn\TopDesign\TopDesign.cysch (Shape_18.1)
HDL Generation...
Synthesis...
Tech Mapping...
Analog Placement...
Info: apr.M0002: Analog signal "\ADC:Net_35\" is connected to one terminal only. (App=cydsfit)
Log: apr.M0058: The analog placement iterative improvement is 23% done. (App=cydsfit)
Log: apr.M0058: The analog placement iterative improvement is 41% done. (App=cydsfit)
Log: apr.M0058: The analog placement iterative improvement is 89% done. (App=cydsfit)
Analog Routing...
Analog Code Generation...
Digital Placement...
Digital Routing...
Bitstream Generation...
Bitstream Verification...
Static timing analysis...
API Generation...
Dependency Generation...
Cleanup...
arm-none-eabi-gcc.exe -mcpu=cortex-m3 -mthumb -I. -IGenerated_Source\PSoC5 -Wa,-alh=.\CortexM3\ARM_GCC_541\Debug/main.lst -g -D DEBUG -D CY_CORE_ID=0 -Wall -ffunction-sections -ffat-lto-objects -Og -c main.c -o .\CortexM3\ARM_GCC_541\Debug\main.o
arm-none-eabi-gcc.exe -mcpu=cortex-m3 -mthumb -I. -IGenerated_Source\PSoC5 -Wa,-alh=.\CortexM3\ARM_GCC_541\Debug/keypad.lst -g -D DEBUG -D CY_CORE_ID=0 -Wall -ffunction-sections -ffat-lto-objects -Og -c keypad.c -o .\CortexM3\ARM_GCC_541\Debug\keypad.o
arm-none-eabi-gcc.exe -mcpu=cortex-m3 -mthumb -I. -IGenerated_Source\PSoC5 -Wa,-alh=.\CortexM3\ARM_GCC_541\Debug/Timer.lst -g -D DEBUG -D CY_CORE_ID=0 -Wall -ffunction-sections -ffat-lto-objects -Og -c Generated_Source\PSoC5\Timer.c -o .\CortexM3\ARM_GCC_541\Debug\Timer.o
arm-none-eabi-gcc.exe -mcpu=cortex-m3 -mthumb -I. -IGenerated_Source\PSoC5 -Wa,-alh=.\CortexM3\ARM_GCC_541\Debug/Timer_PM.lst -g -D DEBUG -D CY_CORE_ID=0 -Wall -ffunction-sections -ffat-lto-objects -Og -c Generated_Source\PSoC5\Timer_PM.c -o .\CortexM3\ARM_GCC_541\Debug\Timer_PM.o
arm-none-eabi-ar.exe -rs .\CortexM3\ARM_GCC_541\Debug\Design01.a .\CortexM3\ARM_GCC_541\Debug\LED01.o .\CortexM3\ARM_GCC_541\Debug\LED02.o .\CortexM3\ARM_GCC_541\Debug\CyDmac.o .\CortexM3\ARM_GCC_541\Debug\CyFlash.o .\CortexM3\ARM_GCC_541\Debug\CyLib.o .\CortexM3\ARM_GCC_541\Debug\cyPm.o .\CortexM3\ARM_GCC_541\Debug\CySpc.o .\CortexM3\ARM_GCC_541\Debug\cyutils.o .\CortexM3\ARM_GCC_541\Debug\cy_em_eeprom.o .\CortexM3\ARM_GCC_541\Debug\LEFT.o .\CortexM3\ARM_GCC_541\Debug\RIGHT.o .\CortexM3\ARM_GCC_541\Debug\LED03.o .\CortexM3\ARM_GCC_541\Debug\LED04.o .\CortexM3\ARM_GCC_541\Debug\TOP.o .\CortexM3\ARM_GCC_541\Debug\DOWN.o .\CortexM3\ARM_GCC_541\Debug\LCD.o .\CortexM3\ARM_GCC_541\Debug\LCD_PM.o .\CortexM3\ARM_GCC_541\Debug\LCD_LCDPort.o .\CortexM3\ARM_GCC_541\Debug\ROW0.o .\CortexM3\ARM_GCC_541\Debug\ROW1.o .\CortexM3\ARM_GCC_541\Debug\ROW2.o .\CortexM3\ARM_GCC_541\Debug\ROW3.o .\CortexM3\ARM_GCC_541\Debug\POT.o .\CortexM3\ARM_GCC_541\Debug\ADC.o .\CortexM3\ARM_GCC_541\Debug\ADC_PM.o .\CortexM3\ARM_GCC_541\Debug\ADC_INT.o .\CortexM3\ARM_GCC_541\Debug\ADC_AMux.o .\CortexM3\ARM_GCC_541\Debug\ADC_Ext_CP_Clk.o .\CortexM3\ARM_GCC_541\Debug\ADC_IRQ.o .\CortexM3\ARM_GCC_541\Debug\ADC_theACLK.o .\CortexM3\ARM_GCC_541\Debug\Photores.o .\CortexM3\ARM_GCC_541\Debug\Timer.o .\CortexM3\ARM_GCC_541\Debug\Timer_PM.o .\CortexM3\ARM_GCC_541\Debug\DAC.o .\CortexM3\ARM_GCC_541\Debug\DAC_PM.o .\CortexM3\ARM_GCC_541\Debug\DAC_OUT.o .\CortexM3\ARM_GCC_541\Debug\COL1.o .\CortexM3\ARM_GCC_541\Debug\COL2.o .\CortexM3\ARM_GCC_541\Debug\COL3.o .\CortexM3\ARM_GCC_541\Debug\TimerDAC.o .\CortexM3\ARM_GCC_541\Debug\TimerDAC_PM.o .\CortexM3\ARM_GCC_541\Debug\isr_dac.o .\CortexM3\ARM_GCC_541\Debug\isr_led.o .\CortexM3\ARM_GCC_541\Debug\CyBootAsmGnu.o
arm-none-eabi-ar.exe: creating .\CortexM3\ARM_GCC_541\Debug\Design01.a
arm-none-eabi-gcc.exe -Wl,--start-group -o "D:\Polytech\MA1 2022-2023 ULB\Q2\ELEC-H310 -- Digital Electronics\Coding\INFO_H310\Lab02\Lab02_MySelf\Design01.cydsn\CortexM3\ARM_GCC_541\Debug\Design01.elf" .\CortexM3\ARM_GCC_541\Debug\main.o .\CortexM3\ARM_GCC_541\Debug\keypad.o .\CortexM3\ARM_GCC_541\Debug\cyfitter_cfg.o .\CortexM3\ARM_GCC_541\Debug\cymetadata.o .\CortexM3\ARM_GCC_541\Debug\Cm3Start.o .\CortexM3\ARM_GCC_541\Debug\Design01.a "D:\PSoC\PSoC Creator\4.4\PSoC Creator\psoc\content\cycomponentlibrary\CyComponentLibrary.cylib\CortexM3\ARM_GCC_541\Debug\CyComponentLibrary.a" -mcpu=cortex-m3 -mthumb -l m -L Generated_Source\PSoC5 -Wl,-Map,.\CortexM3\ARM_GCC_541\Debug/Design01.map -T Generated_Source\PSoC5\cm3gcc.ld -specs=nano.specs -Wl,--gc-sections -g -ffunction-sections -Og -ffat-lto-objects -Wl,--end-group
cyelftool.exe -C "D:\Polytech\MA1 2022-2023 ULB\Q2\ELEC-H310 -- Digital Electronics\Coding\INFO_H310\Lab02\Lab02_MySelf\Design01.cydsn\CortexM3\ARM_GCC_541\Debug\Design01.elf" --flash_row_size 256 --flash_size 262144 --flash_offset 0x00000000
No ELF section .cychecksum found, creating one
Application checksum calculated and stored in ELF section .cychecksum
Checksum calculated and stored in ELF section .cymeta
cyelftool.exe -S "D:\Polytech\MA1 2022-2023 ULB\Q2\ELEC-H310 -- Digital Electronics\Coding\INFO_H310\Lab02\Lab02_MySelf\Design01.cydsn\CortexM3\ARM_GCC_541\Debug\Design01.elf"
Flash used: 14494 of 262144 bytes (5,5 %).
SRAM used: 2969 of 65536 bytes (4,5 %). Stack: 2048 bytes. Heap: 128 bytes.
--------------- Build Succeeded: 04/13/2023 21:52:48 ---------------
