ARM GAS  C:\Users\thoma\AppData\Local\Temp\ccqpywrd.s 			page 1


   1              		.syntax unified
   2              		.cpu cortex-m3
   3              		.fpu softvfp
   4              		.eabi_attribute 20, 1
   5              		.eabi_attribute 21, 1
   6              		.eabi_attribute 23, 3
   7              		.eabi_attribute 24, 1
   8              		.eabi_attribute 25, 1
   9              		.eabi_attribute 26, 1
  10              		.eabi_attribute 30, 1
  11              		.eabi_attribute 34, 1
  12              		.eabi_attribute 18, 4
  13              		.thumb
  14              		.syntax unified
  15              		.file	"cymetadata.c"
  16              		.text
  17              	.Ltext0:
  18              		.cfi_sections	.debug_frame
  19              		.global	cy_metadata
  20              		.global	cy_meta_flashprotect
  21              		.global	cy_meta_wonvl
  22              		.global	cy_meta_custnvl
  23              		.global	cy_meta_configecc
  24              		.section	.cyconfigecc,"a",%progbits
  25              		.align	2
  26              		.type	cy_meta_configecc, %object
  27              		.size	cy_meta_configecc, 168
  28              	cy_meta_configecc:
  29 0000 01       		.byte	1
  30 0001 09       		.byte	9
  31 0002 01       		.byte	1
  32 0003 40       		.byte	64
  33 0004 04       		.byte	4
  34 0005 0A       		.byte	10
  35 0006 01       		.byte	1
  36 0007 40       		.byte	64
  37 0008 01       		.byte	1
  38 0009 0B       		.byte	11
  39 000a 01       		.byte	1
  40 000b 40       		.byte	64
  41 000c 01       		.byte	1
  42 000d 15       		.byte	21
  43 000e 01       		.byte	1
  44 000f 40       		.byte	64
  45 0010 01       		.byte	1
  46 0011 1B       		.byte	27
  47 0012 01       		.byte	1
  48 0013 40       		.byte	64
  49 0014 02       		.byte	2
  50 0015 44       		.byte	68
  51 0016 01       		.byte	1
  52 0017 40       		.byte	64
  53 0018 01       		.byte	1
  54 0019 45       		.byte	69
  55 001a 01       		.byte	1
  56 001b 40       		.byte	64
  57 001c 03       		.byte	3
ARM GAS  C:\Users\thoma\AppData\Local\Temp\ccqpywrd.s 			page 2


  58 001d 46       		.byte	70
  59 001e 01       		.byte	1
  60 001f 40       		.byte	64
  61 0020 03       		.byte	3
  62 0021 47       		.byte	71
  63 0022 01       		.byte	1
  64 0023 40       		.byte	64
  65 0024 02       		.byte	2
  66 0025 48       		.byte	72
  67 0026 01       		.byte	1
  68 0027 40       		.byte	64
  69 0028 01       		.byte	1
  70 0029 49       		.byte	73
  71 002a 01       		.byte	1
  72 002b 40       		.byte	64
  73 002c 01       		.byte	1
  74 002d 4C       		.byte	76
  75 002e 01       		.byte	1
  76 002f 40       		.byte	64
  77 0030 02       		.byte	2
  78 0031 4D       		.byte	77
  79 0032 01       		.byte	1
  80 0033 40       		.byte	64
  81 0034 B5       		.byte	-75
  82 0035 02       		.byte	2
  83 0036 B8       		.byte	-72
  84 0037 02       		.byte	2
  85 0038 BE       		.byte	-66
  86 0039 01       		.byte	1
  87 003a D8       		.byte	-40
  88 003b 04       		.byte	4
  89 003c DF       		.byte	-33
  90 003d 01       		.byte	1
  91 003e 1D       		.byte	29
  92 003f 02       		.byte	2
  93 0040 EC       		.byte	-20
  94 0041 10       		.byte	16
  95 0042 EC       		.byte	-20
  96 0043 10       		.byte	16
  97 0044 7C       		.byte	124
  98 0045 01       		.byte	1
  99 0046 DE       		.byte	-34
 100 0047 01       		.byte	1
 101 0048 94       		.byte	-108
 102 0049 01       		.byte	1
 103 004a 45       		.byte	69
 104 004b 08       		.byte	8
 105 004c 94       		.byte	-108
 106 004d 01       		.byte	1
 107 004e D0       		.byte	-48
 108 004f 01       		.byte	1
 109 0050 A5       		.byte	-91
 110 0051 08       		.byte	8
 111 0052 B4       		.byte	-76
 112 0053 01       		.byte	1
 113 0054 EC       		.byte	-20
 114 0055 08       		.byte	8
ARM GAS  C:\Users\thoma\AppData\Local\Temp\ccqpywrd.s 			page 3


 115 0056 25       		.byte	37
 116 0057 10       		.byte	16
 117 0058 C8       		.byte	-56
 118 0059 20       		.byte	32
 119 005a B5       		.byte	-75
 120 005b 10       		.byte	16
 121 005c A5       		.byte	-91
 122 005d 08       		.byte	8
 123 005e B5       		.byte	-75
 124 005f 08       		.byte	8
 125 0060 EC       		.byte	-20
 126 0061 08       		.byte	8
 127 0062 00       		.byte	0
 128 0063 00       		.byte	0
 129 0064 42       		.byte	66
 130 0065 00       		.byte	0
 131 0066 00       		.byte	0
 132 0067 63       		.byte	99
 133 0068 63       		.byte	99
 134 0069 00       		.byte	0
 135 006a 00       		.byte	0
 136 006b 00       		.byte	0
 137 006c 80       		.byte	-128
 138 006d 00       		.byte	0
 139 006e 00       		.byte	0
 140 006f 00       		.byte	0
 141 0070 3C       		.byte	60
 142 0071 00       		.byte	0
 143 0072 00       		.byte	0
 144 0073 00       		.byte	0
 145 0074 00       		.byte	0
 146 0075 00       		.byte	0
 147 0076 00       		.byte	0
 148 0077 00       		.byte	0
 149 0078 01       		.byte	1
 150 0079 00       		.byte	0
 151 007a 00       		.byte	0
 152 007b 01       		.byte	1
 153 007c 00       		.byte	0
 154 007d 00       		.byte	0
 155 007e 00       		.byte	0
 156 007f 00       		.byte	0
 157 0080 00       		.byte	0
 158 0081 00       		.byte	0
 159 0082 00       		.byte	0
 160 0083 00       		.byte	0
 161 0084 00       		.byte	0
 162 0085 0B       		.byte	11
 163 0086 0B       		.byte	11
 164 0087 00       		.byte	0
 165 0088 00       		.byte	0
 166 0089 00       		.byte	0
 167 008a 00       		.byte	0
 168 008b 00       		.byte	0
 169 008c 80       		.byte	-128
 170 008d 00       		.byte	0
 171 008e 00       		.byte	0
ARM GAS  C:\Users\thoma\AppData\Local\Temp\ccqpywrd.s 			page 4


 172 008f FF       		.byte	-1
 173 0090 7F       		.byte	127
 174 0091 00       		.byte	0
 175 0092 00       		.byte	0
 176 0093 00       		.byte	0
 177 0094 00       		.byte	0
 178 0095 00       		.byte	0
 179 0096 00       		.byte	0
 180 0097 00       		.byte	0
 181 0098 60       		.byte	96
 182 0099 00       		.byte	0
 183 009a 00       		.byte	0
 184 009b 60       		.byte	96
 185 009c 1A       		.byte	26
 186 009d 00       		.byte	0
 187 009e 00       		.byte	0
 188 009f 00       		.byte	0
 189 00a0 00       		.byte	0
 190 00a1 00       		.byte	0
 191 00a2 00       		.byte	0
 192 00a3 00       		.byte	0
 193 00a4 25       		.byte	37
 194 00a5 00       		.byte	0
 195 00a6 18       		.byte	24
 196 00a7 01       		.byte	1
 197              		.section	.cywolatch,"a",%progbits
 198              		.align	2
 199              		.type	cy_meta_wonvl, %object
 200              		.size	cy_meta_wonvl, 4
 201              	cy_meta_wonvl:
 202 0000 BC       		.byte	-68
 203 0001 90       		.byte	-112
 204 0002 AC       		.byte	-84
 205 0003 AF       		.byte	-81
 206              		.section	.cycustnvl,"a",%progbits
 207              		.align	2
 208              		.type	cy_meta_custnvl, %object
 209              		.size	cy_meta_custnvl, 4
 210              	cy_meta_custnvl:
 211 0000 00       		.byte	0
 212 0001 00       		.byte	0
 213 0002 40       		.byte	64
 214 0003 05       		.byte	5
 215              		.section	.cymeta,"a",%progbits
 216              		.align	2
 217              		.type	cy_metadata, %object
 218              		.size	cy_metadata, 12
 219              	cy_metadata:
 220 0000 00       		.byte	0
 221 0001 01       		.byte	1
 222 0002 2E       		.byte	46
 223 0003 16       		.byte	22
 224 0004 10       		.byte	16
 225 0005 69       		.byte	105
 226 0006 00       		.byte	0
 227 0007 01       		.byte	1
 228 0008 00       		.byte	0
ARM GAS  C:\Users\thoma\AppData\Local\Temp\ccqpywrd.s 			page 5


 229 0009 00       		.byte	0
 230 000a 00       		.byte	0
 231 000b 00       		.byte	0
 232              		.section	.cyflashprotect,"a",%progbits
 233              		.align	2
 234              		.type	cy_meta_flashprotect, %object
 235              		.size	cy_meta_flashprotect, 256
 236              	cy_meta_flashprotect:
 237 0000 00000000 		.space	256
 237      00000000 
 237      00000000 
 237      00000000 
 237      00000000 
 238              		.text
 239              	.Letext0:
 240              		.file 1 "d:\\psoc\\psoc creator\\4.4\\psoc creator\\import\\gnu\\arm\\5.4.1\\arm-none-eabi\\includ
 241              		.file 2 "d:\\psoc\\psoc creator\\4.4\\psoc creator\\import\\gnu\\arm\\5.4.1\\arm-none-eabi\\includ
 242              		.file 3 "Generated_Source\\PSoC5\\cymetadata.c"
 243              		.section	.debug_info,"",%progbits
 244              	.Ldebug_info0:
 245 0000 30010000 		.4byte	0x130
 246 0004 0400     		.2byte	0x4
 247 0006 00000000 		.4byte	.Ldebug_abbrev0
 248 000a 04       		.byte	0x4
 249 000b 01       		.uleb128 0x1
 250 000c 99000000 		.4byte	.LASF17
 251 0010 0C       		.byte	0xc
 252 0011 F3010000 		.4byte	.LASF18
 253 0015 0A000000 		.4byte	.LASF19
 254 0019 00000000 		.4byte	.Ldebug_line0
 255 001d 02       		.uleb128 0x2
 256 001e 01       		.byte	0x1
 257 001f 06       		.byte	0x6
 258 0020 E7010000 		.4byte	.LASF0
 259 0024 03       		.uleb128 0x3
 260 0025 00000000 		.4byte	.LASF9
 261 0029 01       		.byte	0x1
 262 002a 1D       		.byte	0x1d
 263 002b 2F000000 		.4byte	0x2f
 264 002f 02       		.uleb128 0x2
 265 0030 01       		.byte	0x1
 266 0031 08       		.byte	0x8
 267 0032 8B000000 		.4byte	.LASF1
 268 0036 02       		.uleb128 0x2
 269 0037 02       		.byte	0x2
 270 0038 05       		.byte	0x5
 271 0039 D4010000 		.4byte	.LASF2
 272 003d 02       		.uleb128 0x2
 273 003e 02       		.byte	0x2
 274 003f 07       		.byte	0x7
 275 0040 39010000 		.4byte	.LASF3
 276 0044 02       		.uleb128 0x2
 277 0045 04       		.byte	0x4
 278 0046 05       		.byte	0x5
 279 0047 DE010000 		.4byte	.LASF4
 280 004b 02       		.uleb128 0x2
 281 004c 04       		.byte	0x4
ARM GAS  C:\Users\thoma\AppData\Local\Temp\ccqpywrd.s 			page 6


 282 004d 07       		.byte	0x7
 283 004e 27010000 		.4byte	.LASF5
 284 0052 02       		.uleb128 0x2
 285 0053 08       		.byte	0x8
 286 0054 05       		.byte	0x5
 287 0055 C6010000 		.4byte	.LASF6
 288 0059 02       		.uleb128 0x2
 289 005a 08       		.byte	0x8
 290 005b 07       		.byte	0x7
 291 005c 7B010000 		.4byte	.LASF7
 292 0060 04       		.uleb128 0x4
 293 0061 04       		.byte	0x4
 294 0062 05       		.byte	0x5
 295 0063 696E7400 		.ascii	"int\000"
 296 0067 02       		.uleb128 0x2
 297 0068 04       		.byte	0x4
 298 0069 07       		.byte	0x7
 299 006a 6E010000 		.4byte	.LASF8
 300 006e 03       		.uleb128 0x3
 301 006f 92010000 		.4byte	.LASF10
 302 0073 02       		.byte	0x2
 303 0074 18       		.byte	0x18
 304 0075 24000000 		.4byte	0x24
 305 0079 05       		.uleb128 0x5
 306 007a 90000000 		.4byte	0x90
 307 007e 89000000 		.4byte	0x89
 308 0082 06       		.uleb128 0x6
 309 0083 89000000 		.4byte	0x89
 310 0087 A7       		.byte	0xa7
 311 0088 00       		.byte	0
 312 0089 02       		.uleb128 0x2
 313 008a 04       		.byte	0x4
 314 008b 07       		.byte	0x7
 315 008c BD010000 		.4byte	.LASF11
 316 0090 07       		.uleb128 0x7
 317 0091 6E000000 		.4byte	0x6e
 318 0095 08       		.uleb128 0x8
 319 0096 5C010000 		.4byte	.LASF12
 320 009a 03       		.byte	0x3
 321 009b 1F       		.byte	0x1f
 322 009c A6000000 		.4byte	0xa6
 323 00a0 05       		.uleb128 0x5
 324 00a1 03       		.byte	0x3
 325 00a2 00000000 		.4byte	cy_meta_configecc
 326 00a6 07       		.uleb128 0x7
 327 00a7 79000000 		.4byte	0x79
 328 00ab 05       		.uleb128 0x5
 329 00ac 90000000 		.4byte	0x90
 330 00b0 BB000000 		.4byte	0xbb
 331 00b4 06       		.uleb128 0x6
 332 00b5 89000000 		.4byte	0x89
 333 00b9 03       		.byte	0x3
 334 00ba 00       		.byte	0
 335 00bb 08       		.uleb128 0x8
 336 00bc 4C010000 		.4byte	.LASF13
 337 00c0 03       		.byte	0x3
 338 00c1 41       		.byte	0x41
ARM GAS  C:\Users\thoma\AppData\Local\Temp\ccqpywrd.s 			page 7


 339 00c2 CC000000 		.4byte	0xcc
 340 00c6 05       		.uleb128 0x5
 341 00c7 03       		.byte	0x3
 342 00c8 00000000 		.4byte	cy_meta_custnvl
 343 00cc 07       		.uleb128 0x7
 344 00cd AB000000 		.4byte	0xab
 345 00d1 08       		.uleb128 0x8
 346 00d2 AF010000 		.4byte	.LASF14
 347 00d6 03       		.byte	0x3
 348 00d7 4F       		.byte	0x4f
 349 00d8 E2000000 		.4byte	0xe2
 350 00dc 05       		.uleb128 0x5
 351 00dd 03       		.byte	0x3
 352 00de 00000000 		.4byte	cy_meta_wonvl
 353 00e2 07       		.uleb128 0x7
 354 00e3 AB000000 		.4byte	0xab
 355 00e7 05       		.uleb128 0x5
 356 00e8 90000000 		.4byte	0x90
 357 00ec F7000000 		.4byte	0xf7
 358 00f0 06       		.uleb128 0x6
 359 00f1 89000000 		.4byte	0x89
 360 00f5 FF       		.byte	0xff
 361 00f6 00       		.byte	0
 362 00f7 08       		.uleb128 0x8
 363 00f8 9A010000 		.4byte	.LASF15
 364 00fc 03       		.byte	0x3
 365 00fd 5D       		.byte	0x5d
 366 00fe 08010000 		.4byte	0x108
 367 0102 05       		.uleb128 0x5
 368 0103 03       		.byte	0x3
 369 0104 00000000 		.4byte	cy_meta_flashprotect
 370 0108 07       		.uleb128 0x7
 371 0109 E7000000 		.4byte	0xe7
 372 010d 05       		.uleb128 0x5
 373 010e 90000000 		.4byte	0x90
 374 0112 1D010000 		.4byte	0x11d
 375 0116 06       		.uleb128 0x6
 376 0117 89000000 		.4byte	0x89
 377 011b 0B       		.byte	0xb
 378 011c 00       		.byte	0
 379 011d 08       		.uleb128 0x8
 380 011e 7F000000 		.4byte	.LASF16
 381 0122 03       		.byte	0x3
 382 0123 8A       		.byte	0x8a
 383 0124 2E010000 		.4byte	0x12e
 384 0128 05       		.uleb128 0x5
 385 0129 03       		.byte	0x3
 386 012a 00000000 		.4byte	cy_metadata
 387 012e 07       		.uleb128 0x7
 388 012f 0D010000 		.4byte	0x10d
 389 0133 00       		.byte	0
 390              		.section	.debug_abbrev,"",%progbits
 391              	.Ldebug_abbrev0:
 392 0000 01       		.uleb128 0x1
 393 0001 11       		.uleb128 0x11
 394 0002 01       		.byte	0x1
 395 0003 25       		.uleb128 0x25
ARM GAS  C:\Users\thoma\AppData\Local\Temp\ccqpywrd.s 			page 8


 396 0004 0E       		.uleb128 0xe
 397 0005 13       		.uleb128 0x13
 398 0006 0B       		.uleb128 0xb
 399 0007 03       		.uleb128 0x3
 400 0008 0E       		.uleb128 0xe
 401 0009 1B       		.uleb128 0x1b
 402 000a 0E       		.uleb128 0xe
 403 000b 10       		.uleb128 0x10
 404 000c 17       		.uleb128 0x17
 405 000d 00       		.byte	0
 406 000e 00       		.byte	0
 407 000f 02       		.uleb128 0x2
 408 0010 24       		.uleb128 0x24
 409 0011 00       		.byte	0
 410 0012 0B       		.uleb128 0xb
 411 0013 0B       		.uleb128 0xb
 412 0014 3E       		.uleb128 0x3e
 413 0015 0B       		.uleb128 0xb
 414 0016 03       		.uleb128 0x3
 415 0017 0E       		.uleb128 0xe
 416 0018 00       		.byte	0
 417 0019 00       		.byte	0
 418 001a 03       		.uleb128 0x3
 419 001b 16       		.uleb128 0x16
 420 001c 00       		.byte	0
 421 001d 03       		.uleb128 0x3
 422 001e 0E       		.uleb128 0xe
 423 001f 3A       		.uleb128 0x3a
 424 0020 0B       		.uleb128 0xb
 425 0021 3B       		.uleb128 0x3b
 426 0022 0B       		.uleb128 0xb
 427 0023 49       		.uleb128 0x49
 428 0024 13       		.uleb128 0x13
 429 0025 00       		.byte	0
 430 0026 00       		.byte	0
 431 0027 04       		.uleb128 0x4
 432 0028 24       		.uleb128 0x24
 433 0029 00       		.byte	0
 434 002a 0B       		.uleb128 0xb
 435 002b 0B       		.uleb128 0xb
 436 002c 3E       		.uleb128 0x3e
 437 002d 0B       		.uleb128 0xb
 438 002e 03       		.uleb128 0x3
 439 002f 08       		.uleb128 0x8
 440 0030 00       		.byte	0
 441 0031 00       		.byte	0
 442 0032 05       		.uleb128 0x5
 443 0033 01       		.uleb128 0x1
 444 0034 01       		.byte	0x1
 445 0035 49       		.uleb128 0x49
 446 0036 13       		.uleb128 0x13
 447 0037 01       		.uleb128 0x1
 448 0038 13       		.uleb128 0x13
 449 0039 00       		.byte	0
 450 003a 00       		.byte	0
 451 003b 06       		.uleb128 0x6
 452 003c 21       		.uleb128 0x21
ARM GAS  C:\Users\thoma\AppData\Local\Temp\ccqpywrd.s 			page 9


 453 003d 00       		.byte	0
 454 003e 49       		.uleb128 0x49
 455 003f 13       		.uleb128 0x13
 456 0040 2F       		.uleb128 0x2f
 457 0041 0B       		.uleb128 0xb
 458 0042 00       		.byte	0
 459 0043 00       		.byte	0
 460 0044 07       		.uleb128 0x7
 461 0045 26       		.uleb128 0x26
 462 0046 00       		.byte	0
 463 0047 49       		.uleb128 0x49
 464 0048 13       		.uleb128 0x13
 465 0049 00       		.byte	0
 466 004a 00       		.byte	0
 467 004b 08       		.uleb128 0x8
 468 004c 34       		.uleb128 0x34
 469 004d 00       		.byte	0
 470 004e 03       		.uleb128 0x3
 471 004f 0E       		.uleb128 0xe
 472 0050 3A       		.uleb128 0x3a
 473 0051 0B       		.uleb128 0xb
 474 0052 3B       		.uleb128 0x3b
 475 0053 0B       		.uleb128 0xb
 476 0054 49       		.uleb128 0x49
 477 0055 13       		.uleb128 0x13
 478 0056 3F       		.uleb128 0x3f
 479 0057 19       		.uleb128 0x19
 480 0058 02       		.uleb128 0x2
 481 0059 18       		.uleb128 0x18
 482 005a 00       		.byte	0
 483 005b 00       		.byte	0
 484 005c 00       		.byte	0
 485              		.section	.debug_aranges,"",%progbits
 486 0000 14000000 		.4byte	0x14
 487 0004 0200     		.2byte	0x2
 488 0006 00000000 		.4byte	.Ldebug_info0
 489 000a 04       		.byte	0x4
 490 000b 00       		.byte	0
 491 000c 0000     		.2byte	0
 492 000e 0000     		.2byte	0
 493 0010 00000000 		.4byte	0
 494 0014 00000000 		.4byte	0
 495              		.section	.debug_line,"",%progbits
 496              	.Ldebug_line0:
 497 0000 0F010000 		.section	.debug_str,"MS",%progbits,1
 497      02000901 
 497      00000201 
 497      FB0E0D00 
 497      01010101 
 498              	.LASF9:
 499 0000 5F5F7569 		.ascii	"__uint8_t\000"
 499      6E74385F 
 499      7400
 500              	.LASF19:
 501 000a 443A5C50 		.ascii	"D:\\Polytech\\MA1 2022-2023 ULB\\Q2\\ELEC-H310 -- D"
 501      6F6C7974 
 501      6563685C 
ARM GAS  C:\Users\thoma\AppData\Local\Temp\ccqpywrd.s 			page 10


 501      4D413120 
 501      32303232 
 502 0039 69676974 		.ascii	"igital Electronics\\Coding\\INFO_H310\\Lab01\\Lab01"
 502      616C2045 
 502      6C656374 
 502      726F6E69 
 502      63735C43 
 503 0068 5F4D7953 		.ascii	"_MySelf\\Design01.cydsn\000"
 503      656C665C 
 503      44657369 
 503      676E3031 
 503      2E637964 
 504              	.LASF16:
 505 007f 63795F6D 		.ascii	"cy_metadata\000"
 505      65746164 
 505      61746100 
 506              	.LASF1:
 507 008b 756E7369 		.ascii	"unsigned char\000"
 507      676E6564 
 507      20636861 
 507      7200
 508              	.LASF17:
 509 0099 474E5520 		.ascii	"GNU C11 5.4.1 20160609 (release) [ARM/embedded-5-br"
 509      43313120 
 509      352E342E 
 509      31203230 
 509      31363036 
 510 00cc 616E6368 		.ascii	"anch revision 237715] -mcpu=cortex-m3 -mthumb -g -O"
 510      20726576 
 510      6973696F 
 510      6E203233 
 510      37373135 
 511 00ff 67202D66 		.ascii	"g -ffunction-sections -ffat-lto-objects\000"
 511      66756E63 
 511      74696F6E 
 511      2D736563 
 511      74696F6E 
 512              	.LASF5:
 513 0127 6C6F6E67 		.ascii	"long unsigned int\000"
 513      20756E73 
 513      69676E65 
 513      6420696E 
 513      7400
 514              	.LASF3:
 515 0139 73686F72 		.ascii	"short unsigned int\000"
 515      7420756E 
 515      7369676E 
 515      65642069 
 515      6E7400
 516              	.LASF13:
 517 014c 63795F6D 		.ascii	"cy_meta_custnvl\000"
 517      6574615F 
 517      63757374 
 517      6E766C00 
 518              	.LASF12:
 519 015c 63795F6D 		.ascii	"cy_meta_configecc\000"
 519      6574615F 
ARM GAS  C:\Users\thoma\AppData\Local\Temp\ccqpywrd.s 			page 11


 519      636F6E66 
 519      69676563 
 519      6300
 520              	.LASF8:
 521 016e 756E7369 		.ascii	"unsigned int\000"
 521      676E6564 
 521      20696E74 
 521      00
 522              	.LASF7:
 523 017b 6C6F6E67 		.ascii	"long long unsigned int\000"
 523      206C6F6E 
 523      6720756E 
 523      7369676E 
 523      65642069 
 524              	.LASF10:
 525 0192 75696E74 		.ascii	"uint8_t\000"
 525      385F7400 
 526              	.LASF15:
 527 019a 63795F6D 		.ascii	"cy_meta_flashprotect\000"
 527      6574615F 
 527      666C6173 
 527      6870726F 
 527      74656374 
 528              	.LASF14:
 529 01af 63795F6D 		.ascii	"cy_meta_wonvl\000"
 529      6574615F 
 529      776F6E76 
 529      6C00
 530              	.LASF11:
 531 01bd 73697A65 		.ascii	"sizetype\000"
 531      74797065 
 531      00
 532              	.LASF6:
 533 01c6 6C6F6E67 		.ascii	"long long int\000"
 533      206C6F6E 
 533      6720696E 
 533      7400
 534              	.LASF2:
 535 01d4 73686F72 		.ascii	"short int\000"
 535      7420696E 
 535      7400
 536              	.LASF4:
 537 01de 6C6F6E67 		.ascii	"long int\000"
 537      20696E74 
 537      00
 538              	.LASF0:
 539 01e7 7369676E 		.ascii	"signed char\000"
 539      65642063 
 539      68617200 
 540              	.LASF18:
 541 01f3 47656E65 		.ascii	"Generated_Source\\PSoC5\\cymetadata.c\000"
 541      72617465 
 541      645F536F 
 541      75726365 
 541      5C50536F 
 542              		.ident	"GCC: (GNU Tools for ARM Embedded Processors) 5.4.1 20160609 (release) [ARM/embedded-5-bran
