ARM GAS  C:\Users\thoma\AppData\Local\Temp\ccYbUoSw.s 			page 1


   1              		.syntax unified
   2              		.cpu cortex-m3
   3              		.fpu softvfp
   4              		.eabi_attribute 20, 1
   5              		.eabi_attribute 21, 1
   6              		.eabi_attribute 23, 3
   7              		.eabi_attribute 24, 1
   8              		.eabi_attribute 25, 1
   9              		.eabi_attribute 26, 1
  10              		.eabi_attribute 30, 1
  11              		.eabi_attribute 34, 1
  12              		.eabi_attribute 18, 4
  13              		.thumb
  14              		.syntax unified
  15              		.file	"main.c"
  16              		.text
  17              	.Ltext0:
  18              		.cfi_sections	.debug_frame
  19              		.section	.text.Start_F,"ax",%progbits
  20              		.align	2
  21              		.global	Start_F
  22              		.thumb
  23              		.thumb_func
  24              		.type	Start_F, %function
  25              	Start_F:
  26              	.LFB63:
  27              		.file 1 "main.c"
   1:main.c        **** /* ========================================
   2:main.c        ****  *
   3:main.c        ****  * Copyright YOUR COMPANY, THE YEAR
   4:main.c        ****  * All Rights Reserved
   5:main.c        ****  * UNPUBLISHED, LICENSED SOFTWARE.
   6:main.c        ****  *
   7:main.c        ****  * CONFIDENTIAL AND PROPRIETARY INFORMATION
   8:main.c        ****  * WHICH IS THE PROPERTY OF your company.
   9:main.c        ****  *
  10:main.c        ****  * ========================================
  11:main.c        **** */
  12:main.c        **** #include "project.h"
  13:main.c        **** #include "keypad.h"
  14:main.c        **** 
  15:main.c        **** int Start_F(){
  28              		.loc 1 15 0
  29              		.cfi_startproc
  30              		@ args = 0, pretend = 0, frame = 0
  31              		@ frame_needed = 0, uses_anonymous_args = 0
  32 0000 08B5     		push	{r3, lr}
  33              		.cfi_def_cfa_offset 8
  34              		.cfi_offset 3, -8
  35              		.cfi_offset 14, -4
  16:main.c        ****     
  17:main.c        ****     LCD_Start();
  36              		.loc 1 17 0
  37 0002 FFF7FEFF 		bl	LCD_Start
  38              	.LVL0:
  18:main.c        ****     LCD_DisplayOn();
  39              		.loc 1 18 0
ARM GAS  C:\Users\thoma\AppData\Local\Temp\ccYbUoSw.s 			page 2


  40 0006 0C20     		movs	r0, #12
  41 0008 FFF7FEFF 		bl	LCD_WriteControl
  42              	.LVL1:
  19:main.c        ****     LCD_ClearDisplay();
  43              		.loc 1 19 0
  44 000c 0120     		movs	r0, #1
  45 000e FFF7FEFF 		bl	LCD_WriteControl
  46              	.LVL2:
  20:main.c        ****     //end for LCD
  21:main.c        ****     
  22:main.c        ****     ADC_Start(); 
  47              		.loc 1 22 0
  48 0012 FFF7FEFF 		bl	ADC_Start
  49              	.LVL3:
  23:main.c        ****     return 0; 
  24:main.c        **** }
  50              		.loc 1 24 0
  51 0016 0020     		movs	r0, #0
  52 0018 08BD     		pop	{r3, pc}
  53              		.cfi_endproc
  54              	.LFE63:
  55              		.size	Start_F, .-Start_F
  56 001a 00BF     		.section	.text.beacon,"ax",%progbits
  57              		.align	2
  58              		.global	beacon
  59              		.thumb
  60              		.thumb_func
  61              		.type	beacon, %function
  62              	beacon:
  63              	.LFB64:
  25:main.c        **** 
  26:main.c        **** int beacon(){
  64              		.loc 1 26 0
  65              		.cfi_startproc
  66              		@ args = 0, pretend = 0, frame = 0
  67              		@ frame_needed = 0, uses_anonymous_args = 0
  68 0000 08B5     		push	{r3, lr}
  69              		.cfi_def_cfa_offset 8
  70              		.cfi_offset 3, -8
  71              		.cfi_offset 14, -4
  27:main.c        ****         
  28:main.c        ****     // Test LEDs 
  29:main.c        ****     LED01_Write( ~ LED01_Read());
  72              		.loc 1 29 0
  73 0002 FFF7FEFF 		bl	LED01_Read
  74              	.LVL4:
  75 0006 C043     		mvns	r0, r0
  76 0008 C0B2     		uxtb	r0, r0
  77 000a FFF7FEFF 		bl	LED01_Write
  78              	.LVL5:
  30:main.c        ****     LED02_Write( ~ LED02_Read());
  79              		.loc 1 30 0
  80 000e FFF7FEFF 		bl	LED02_Read
  81              	.LVL6:
  82 0012 C043     		mvns	r0, r0
  83 0014 C0B2     		uxtb	r0, r0
  84 0016 FFF7FEFF 		bl	LED02_Write
ARM GAS  C:\Users\thoma\AppData\Local\Temp\ccYbUoSw.s 			page 3


  85              	.LVL7:
  31:main.c        **** //    CyDelay(500);
  32:main.c        ****     return 0; 
  33:main.c        **** }
  86              		.loc 1 33 0
  87 001a 0020     		movs	r0, #0
  88 001c 08BD     		pop	{r3, pc}
  89              		.cfi_endproc
  90              	.LFE64:
  91              		.size	beacon, .-beacon
  92 001e 00BF     		.section	.text.verif_cross,"ax",%progbits
  93              		.align	2
  94              		.global	verif_cross
  95              		.thumb
  96              		.thumb_func
  97              		.type	verif_cross, %function
  98              	verif_cross:
  99              	.LFB65:
  34:main.c        **** 
  35:main.c        **** int verif_cross(){
 100              		.loc 1 35 0
 101              		.cfi_startproc
 102              		@ args = 0, pretend = 0, frame = 0
 103              		@ frame_needed = 0, uses_anonymous_args = 0
 104 0000 08B5     		push	{r3, lr}
 105              		.cfi_def_cfa_offset 8
 106              		.cfi_offset 3, -8
 107              		.cfi_offset 14, -4
  36:main.c        ****     LED03_Write( DOWN_Read());
 108              		.loc 1 36 0
 109 0002 FFF7FEFF 		bl	DOWN_Read
 110              	.LVL8:
 111 0006 FFF7FEFF 		bl	LED03_Write
 112              	.LVL9:
  37:main.c        ****     LED04_Write( TOP_Read()); 
 113              		.loc 1 37 0
 114 000a FFF7FEFF 		bl	TOP_Read
 115              	.LVL10:
 116 000e FFF7FEFF 		bl	LED04_Write
 117              	.LVL11:
  38:main.c        ****     CyDelay(100);
 118              		.loc 1 38 0
 119 0012 6420     		movs	r0, #100
 120 0014 FFF7FEFF 		bl	CyDelay
 121              	.LVL12:
  39:main.c        ****     return 0; 
  40:main.c        **** }
 122              		.loc 1 40 0
 123 0018 0020     		movs	r0, #0
 124 001a 08BD     		pop	{r3, pc}
 125              		.cfi_endproc
 126              	.LFE65:
 127              		.size	verif_cross, .-verif_cross
 128              		.section	.text.print_key,"ax",%progbits
 129              		.align	2
 130              		.global	print_key
 131              		.thumb
ARM GAS  C:\Users\thoma\AppData\Local\Temp\ccYbUoSw.s 			page 4


 132              		.thumb_func
 133              		.type	print_key, %function
 134              	print_key:
 135              	.LFB66:
  41:main.c        **** 
  42:main.c        **** int print_key(){
 136              		.loc 1 42 0
 137              		.cfi_startproc
 138              		@ args = 0, pretend = 0, frame = 0
 139              		@ frame_needed = 0, uses_anonymous_args = 0
 140 0000 08B5     		push	{r3, lr}
 141              		.cfi_def_cfa_offset 8
 142              		.cfi_offset 3, -8
 143              		.cfi_offset 14, -4
  43:main.c        ****    
  44:main.c        ****     
  45:main.c        ****    LCD_Position(0,1); 
 144              		.loc 1 45 0
 145 0002 0121     		movs	r1, #1
 146 0004 0020     		movs	r0, #0
 147 0006 FFF7FEFF 		bl	LCD_Position
 148              	.LVL13:
  46:main.c        ****    LCD_PutChar( keypadScan() );
 149              		.loc 1 46 0
 150 000a FFF7FEFF 		bl	keypadScan
 151              	.LVL14:
 152 000e FFF7FEFF 		bl	LCD_PutChar
 153              	.LVL15:
  47:main.c        ****    CyDelay(100); 
 154              		.loc 1 47 0
 155 0012 6420     		movs	r0, #100
 156 0014 FFF7FEFF 		bl	CyDelay
 157              	.LVL16:
  48:main.c        ****     
  49:main.c        ****     return 0; 
  50:main.c        **** }
 158              		.loc 1 50 0
 159 0018 0020     		movs	r0, #0
 160 001a 08BD     		pop	{r3, pc}
 161              		.cfi_endproc
 162              	.LFE66:
 163              		.size	print_key, .-print_key
 164              		.section	.text.print_keypad,"ax",%progbits
 165              		.align	2
 166              		.global	print_keypad
 167              		.thumb
 168              		.thumb_func
 169              		.type	print_keypad, %function
 170              	print_keypad:
 171              	.LFB68:
  51:main.c        **** 
  52:main.c        **** int LED_off(); 
  53:main.c        **** int LED_control(int); 
  54:main.c        **** int Pot_control(uint32_t); 
  55:main.c        **** int Light_control(uint32_t); 
  56:main.c        **** 
  57:main.c        **** int main(void)
ARM GAS  C:\Users\thoma\AppData\Local\Temp\ccYbUoSw.s 			page 5


  58:main.c        **** {
  59:main.c        ****     CyGlobalIntEnable; /* Enable global interrupts. */
  60:main.c        **** 
  61:main.c        ****     /* Place your initialization/startup code here (e.g. MyInst_Start()) */
  62:main.c        ****     
  63:main.c        ****     Start_F(); 
  64:main.c        ****     
  65:main.c        ****     LED_off();
  66:main.c        ****     ADC_StartConvert(); 
  67:main.c        ****     
  68:main.c        ****     uint32_t potVal = 0; 
  69:main.c        ****     for(;;)
  70:main.c        ****     {
  71:main.c        ****         Light_control(potVal); 
  72:main.c        ****     }
  73:main.c        **** }
  74:main.c        **** 
  75:main.c        **** int print_keypad(){
 172              		.loc 1 75 0
 173              		.cfi_startproc
 174              		@ args = 0, pretend = 0, frame = 0
 175              		@ frame_needed = 0, uses_anonymous_args = 0
 176 0000 08B5     		push	{r3, lr}
 177              		.cfi_def_cfa_offset 8
 178              		.cfi_offset 3, -8
 179              		.cfi_offset 14, -4
  76:main.c        ****     if(keypadScan() != 'z'){
 180              		.loc 1 76 0
 181 0002 FFF7FEFF 		bl	keypadScan
 182              	.LVL17:
 183 0006 7A28     		cmp	r0, #122
 184 0008 0AD0     		beq	.L10
  77:main.c        ****         LCD_ClearDisplay(); 
 185              		.loc 1 77 0
 186 000a 0120     		movs	r0, #1
 187 000c FFF7FEFF 		bl	LCD_WriteControl
 188              	.LVL18:
  78:main.c        ****         LCD_Position(0,1); 
 189              		.loc 1 78 0
 190 0010 0121     		movs	r1, #1
 191 0012 0020     		movs	r0, #0
 192 0014 FFF7FEFF 		bl	LCD_Position
 193              	.LVL19:
  79:main.c        ****         LCD_PutChar( keypadScan());
 194              		.loc 1 79 0
 195 0018 FFF7FEFF 		bl	keypadScan
 196              	.LVL20:
 197 001c FFF7FEFF 		bl	LCD_PutChar
 198              	.LVL21:
 199              	.L10:
  80:main.c        ****     }
  81:main.c        ****     CyDelay(100);  
 200              		.loc 1 81 0
 201 0020 6420     		movs	r0, #100
 202 0022 FFF7FEFF 		bl	CyDelay
 203              	.LVL22:
  82:main.c        ****    
ARM GAS  C:\Users\thoma\AppData\Local\Temp\ccYbUoSw.s 			page 6


  83:main.c        ****     return 0; 
  84:main.c        **** }
 204              		.loc 1 84 0
 205 0026 0020     		movs	r0, #0
 206 0028 08BD     		pop	{r3, pc}
 207              		.cfi_endproc
 208              	.LFE68:
 209              		.size	print_keypad, .-print_keypad
 210 002a 00BF     		.section	.text.LED_off,"ax",%progbits
 211              		.align	2
 212              		.global	LED_off
 213              		.thumb
 214              		.thumb_func
 215              		.type	LED_off, %function
 216              	LED_off:
 217              	.LFB69:
  85:main.c        **** 
  86:main.c        **** int LED_off(){
 218              		.loc 1 86 0
 219              		.cfi_startproc
 220              		@ args = 0, pretend = 0, frame = 0
 221              		@ frame_needed = 0, uses_anonymous_args = 0
 222 0000 08B5     		push	{r3, lr}
 223              		.cfi_def_cfa_offset 8
 224              		.cfi_offset 3, -8
 225              		.cfi_offset 14, -4
  87:main.c        ****     LED01_Write(0);
 226              		.loc 1 87 0
 227 0002 0020     		movs	r0, #0
 228 0004 FFF7FEFF 		bl	LED01_Write
 229              	.LVL23:
  88:main.c        ****     LED02_Write(0);
 230              		.loc 1 88 0
 231 0008 0020     		movs	r0, #0
 232 000a FFF7FEFF 		bl	LED02_Write
 233              	.LVL24:
  89:main.c        ****     LED03_Write(0);
 234              		.loc 1 89 0
 235 000e 0020     		movs	r0, #0
 236 0010 FFF7FEFF 		bl	LED03_Write
 237              	.LVL25:
  90:main.c        ****     LED04_Write(0);
 238              		.loc 1 90 0
 239 0014 0020     		movs	r0, #0
 240 0016 FFF7FEFF 		bl	LED04_Write
 241              	.LVL26:
  91:main.c        ****     
  92:main.c        ****     return 0; 
  93:main.c        **** }
 242              		.loc 1 93 0
 243 001a 0020     		movs	r0, #0
 244 001c 08BD     		pop	{r3, pc}
 245              		.cfi_endproc
 246              	.LFE69:
 247              		.size	LED_off, .-LED_off
 248 001e 00BF     		.section	.text.LED_control,"ax",%progbits
 249              		.align	2
ARM GAS  C:\Users\thoma\AppData\Local\Temp\ccYbUoSw.s 			page 7


 250              		.global	LED_control
 251              		.thumb
 252              		.thumb_func
 253              		.type	LED_control, %function
 254              	LED_control:
 255              	.LFB70:
  94:main.c        **** 
  95:main.c        **** int LED_control(int potVal){
 256              		.loc 1 95 0
 257              		.cfi_startproc
 258              		@ args = 0, pretend = 0, frame = 0
 259              		@ frame_needed = 0, uses_anonymous_args = 0
 260              	.LVL27:
 261 0000 08B5     		push	{r3, lr}
 262              		.cfi_def_cfa_offset 8
 263              		.cfi_offset 3, -8
 264              		.cfi_offset 14, -4
  96:main.c        ****     
  97:main.c        ****     if(potVal > 0 && potVal < 1000){
 265              		.loc 1 97 0
 266 0002 421E     		subs	r2, r0, #1
 267 0004 40F2E633 		movw	r3, #998
 268 0008 9A42     		cmp	r2, r3
 269 000a 0CD8     		bhi	.L15
  98:main.c        ****         LED01_Write(0); LED02_Write(0); LED03_Write(0); LED04_Write(0); 
 270              		.loc 1 98 0
 271 000c 0020     		movs	r0, #0
 272              	.LVL28:
 273 000e FFF7FEFF 		bl	LED01_Write
 274              	.LVL29:
 275 0012 0020     		movs	r0, #0
 276 0014 FFF7FEFF 		bl	LED02_Write
 277              	.LVL30:
 278 0018 0020     		movs	r0, #0
 279 001a FFF7FEFF 		bl	LED03_Write
 280              	.LVL31:
 281 001e 0020     		movs	r0, #0
 282 0020 FFF7FEFF 		bl	LED04_Write
 283              	.LVL32:
 284 0024 44E0     		b	.L16
 285              	.LVL33:
 286              	.L15:
  99:main.c        ****     }
 100:main.c        ****     else if(potVal >= 1000 && potVal < 2000){
 287              		.loc 1 100 0
 288 0026 A0F57A73 		sub	r3, r0, #1000
 289 002a B3F57A7F 		cmp	r3, #1000
 290 002e 0CD2     		bcs	.L17
 101:main.c        ****         LED01_Write(1); LED02_Write(0); LED03_Write(0); LED04_Write(0); 
 291              		.loc 1 101 0
 292 0030 0120     		movs	r0, #1
 293              	.LVL34:
 294 0032 FFF7FEFF 		bl	LED01_Write
 295              	.LVL35:
 296 0036 0020     		movs	r0, #0
 297 0038 FFF7FEFF 		bl	LED02_Write
 298              	.LVL36:
ARM GAS  C:\Users\thoma\AppData\Local\Temp\ccYbUoSw.s 			page 8


 299 003c 0020     		movs	r0, #0
 300 003e FFF7FEFF 		bl	LED03_Write
 301              	.LVL37:
 302 0042 0020     		movs	r0, #0
 303 0044 FFF7FEFF 		bl	LED04_Write
 304              	.LVL38:
 305 0048 32E0     		b	.L16
 306              	.LVL39:
 307              	.L17:
 102:main.c        ****     }
 103:main.c        ****     else if(potVal >= 2000 && potVal < 3000){
 308              		.loc 1 103 0
 309 004a A0F5FA63 		sub	r3, r0, #2000
 310 004e B3F57A7F 		cmp	r3, #1000
 311 0052 0CD2     		bcs	.L18
 104:main.c        ****         LED01_Write(1); LED02_Write(1); LED03_Write(0); LED04_Write(0); 
 312              		.loc 1 104 0
 313 0054 0120     		movs	r0, #1
 314              	.LVL40:
 315 0056 FFF7FEFF 		bl	LED01_Write
 316              	.LVL41:
 317 005a 0120     		movs	r0, #1
 318 005c FFF7FEFF 		bl	LED02_Write
 319              	.LVL42:
 320 0060 0020     		movs	r0, #0
 321 0062 FFF7FEFF 		bl	LED03_Write
 322              	.LVL43:
 323 0066 0020     		movs	r0, #0
 324 0068 FFF7FEFF 		bl	LED04_Write
 325              	.LVL44:
 326 006c 20E0     		b	.L16
 327              	.LVL45:
 328              	.L18:
 105:main.c        ****     }
 106:main.c        ****     else if(potVal >= 3000 && potVal < 4000){
 329              		.loc 1 106 0
 330 006e A0F6B833 		subw	r3, r0, #3000
 331 0072 B3F57A7F 		cmp	r3, #1000
 332 0076 0CD2     		bcs	.L19
 107:main.c        ****         LED01_Write(1); LED02_Write(1); LED03_Write(1); LED04_Write(0); 
 333              		.loc 1 107 0
 334 0078 0120     		movs	r0, #1
 335              	.LVL46:
 336 007a FFF7FEFF 		bl	LED01_Write
 337              	.LVL47:
 338 007e 0120     		movs	r0, #1
 339 0080 FFF7FEFF 		bl	LED02_Write
 340              	.LVL48:
 341 0084 0120     		movs	r0, #1
 342 0086 FFF7FEFF 		bl	LED03_Write
 343              	.LVL49:
 344 008a 0020     		movs	r0, #0
 345 008c FFF7FEFF 		bl	LED04_Write
 346              	.LVL50:
 347 0090 0EE0     		b	.L16
 348              	.LVL51:
 349              	.L19:
ARM GAS  C:\Users\thoma\AppData\Local\Temp\ccYbUoSw.s 			page 9


 108:main.c        ****     }
 109:main.c        ****     else if(potVal >= 4000){
 350              		.loc 1 109 0
 351 0092 B0F57A6F 		cmp	r0, #4000
 352 0096 0BDB     		blt	.L16
 110:main.c        ****         LED01_Write(1); LED02_Write(1); LED03_Write(1); LED04_Write(1); 
 353              		.loc 1 110 0
 354 0098 0120     		movs	r0, #1
 355              	.LVL52:
 356 009a FFF7FEFF 		bl	LED01_Write
 357              	.LVL53:
 358 009e 0120     		movs	r0, #1
 359 00a0 FFF7FEFF 		bl	LED02_Write
 360              	.LVL54:
 361 00a4 0120     		movs	r0, #1
 362 00a6 FFF7FEFF 		bl	LED03_Write
 363              	.LVL55:
 364 00aa 0120     		movs	r0, #1
 365 00ac FFF7FEFF 		bl	LED04_Write
 366              	.LVL56:
 367              	.L16:
 111:main.c        ****     }    
 112:main.c        ****     
 113:main.c        ****     
 114:main.c        ****     return 0; 
 115:main.c        **** }
 368              		.loc 1 115 0
 369 00b0 0020     		movs	r0, #0
 370 00b2 08BD     		pop	{r3, pc}
 371              		.cfi_endproc
 372              	.LFE70:
 373              		.size	LED_control, .-LED_control
 374              		.section	.text.Pot_control,"ax",%progbits
 375              		.align	2
 376              		.global	Pot_control
 377              		.thumb
 378              		.thumb_func
 379              		.type	Pot_control, %function
 380              	Pot_control:
 381              	.LFB71:
 116:main.c        **** 
 117:main.c        **** int Pot_control(uint32_t potVal){
 382              		.loc 1 117 0
 383              		.cfi_startproc
 384              		@ args = 0, pretend = 0, frame = 0
 385              		@ frame_needed = 0, uses_anonymous_args = 0
 386              	.LVL57:
 387 0000 10B5     		push	{r4, lr}
 388              		.cfi_def_cfa_offset 8
 389              		.cfi_offset 4, -8
 390              		.cfi_offset 14, -4
 391 0002 0446     		mov	r4, r0
 118:main.c        **** 
 119:main.c        ****    CyDelay(100);
 392              		.loc 1 119 0
 393 0004 6420     		movs	r0, #100
 394              	.LVL58:
ARM GAS  C:\Users\thoma\AppData\Local\Temp\ccYbUoSw.s 			page 10


 395 0006 FFF7FEFF 		bl	CyDelay
 396              	.LVL59:
 120:main.c        ****    if(ADC_IsEndConversion(ADC_WAIT_FOR_RESULT)){
 397              		.loc 1 120 0
 398 000a 0020     		movs	r0, #0
 399 000c FFF7FEFF 		bl	ADC_IsEndConversion
 400              	.LVL60:
 401 0010 10B1     		cbz	r0, .L22
 121:main.c        ****         potVal = ADC_GetResult32();
 402              		.loc 1 121 0
 403 0012 FFF7FEFF 		bl	ADC_GetResult32
 404              	.LVL61:
 405 0016 0446     		mov	r4, r0
 406              	.LVL62:
 407              	.L22:
 122:main.c        ****     }
 123:main.c        ****     LCD_ClearDisplay();
 408              		.loc 1 123 0
 409 0018 0120     		movs	r0, #1
 410 001a FFF7FEFF 		bl	LCD_WriteControl
 411              	.LVL63:
 124:main.c        ****     LCD_Position(0,0);
 412              		.loc 1 124 0
 413 001e 0021     		movs	r1, #0
 414 0020 0846     		mov	r0, r1
 415 0022 FFF7FEFF 		bl	LCD_Position
 416              	.LVL64:
 125:main.c        ****     potVal = (potVal*5000/(0xFFFF)); //Get a value between 0 and 5000 mV
 417              		.loc 1 125 0
 418 0026 41F28830 		movw	r0, #5000
 419 002a 00FB04F0 		mul	r0, r0, r4
 420 002e 074C     		ldr	r4, .L24
 421              	.LVL65:
 422 0030 A4FB0034 		umull	r3, r4, r4, r0
 423 0034 E40B     		lsrs	r4, r4, #15
 424              	.LVL66:
 126:main.c        ****     LCD_PrintNumber(potVal);
 425              		.loc 1 126 0
 426 0036 A0B2     		uxth	r0, r4
 427 0038 FFF7FEFF 		bl	LCD_PrintU32Number
 428              	.LVL67:
 127:main.c        ****     LCD_PrintString(" mV");
 429              		.loc 1 127 0
 430 003c 0448     		ldr	r0, .L24+4
 431 003e FFF7FEFF 		bl	LCD_PrintString
 432              	.LVL68:
 128:main.c        ****         
 129:main.c        ****     LED_control(potVal); 
 433              		.loc 1 129 0
 434 0042 2046     		mov	r0, r4
 435 0044 FFF7FEFF 		bl	LED_control
 436              	.LVL69:
 130:main.c        ****     
 131:main.c        ****     return 0; 
 132:main.c        **** }
 437              		.loc 1 132 0
 438 0048 0020     		movs	r0, #0
ARM GAS  C:\Users\thoma\AppData\Local\Temp\ccYbUoSw.s 			page 11


 439 004a 10BD     		pop	{r4, pc}
 440              	.LVL70:
 441              	.L25:
 442              		.align	2
 443              	.L24:
 444 004c 01800080 		.word	-2147450879
 445 0050 00000000 		.word	.LC0
 446              		.cfi_endproc
 447              	.LFE71:
 448              		.size	Pot_control, .-Pot_control
 449              		.section	.text.Light_control,"ax",%progbits
 450              		.align	2
 451              		.global	Light_control
 452              		.thumb
 453              		.thumb_func
 454              		.type	Light_control, %function
 455              	Light_control:
 456              	.LFB72:
 133:main.c        **** 
 134:main.c        **** int Light_control(uint32_t potVal){
 457              		.loc 1 134 0
 458              		.cfi_startproc
 459              		@ args = 0, pretend = 0, frame = 0
 460              		@ frame_needed = 0, uses_anonymous_args = 0
 461              	.LVL71:
 462 0000 10B5     		push	{r4, lr}
 463              		.cfi_def_cfa_offset 8
 464              		.cfi_offset 4, -8
 465              		.cfi_offset 14, -4
 466 0002 0446     		mov	r4, r0
 135:main.c        **** 
 136:main.c        ****    CyDelay(100);
 467              		.loc 1 136 0
 468 0004 6420     		movs	r0, #100
 469              	.LVL72:
 470 0006 FFF7FEFF 		bl	CyDelay
 471              	.LVL73:
 137:main.c        ****    if(ADC_IsEndConversion(ADC_WAIT_FOR_RESULT)){
 472              		.loc 1 137 0
 473 000a 0020     		movs	r0, #0
 474 000c FFF7FEFF 		bl	ADC_IsEndConversion
 475              	.LVL74:
 476 0010 10B1     		cbz	r0, .L27
 138:main.c        ****         potVal = ADC_GetResult32();
 477              		.loc 1 138 0
 478 0012 FFF7FEFF 		bl	ADC_GetResult32
 479              	.LVL75:
 480 0016 0446     		mov	r4, r0
 481              	.LVL76:
 482              	.L27:
 139:main.c        ****     }
 140:main.c        ****     LCD_ClearDisplay();
 483              		.loc 1 140 0
 484 0018 0120     		movs	r0, #1
 485 001a FFF7FEFF 		bl	LCD_WriteControl
 486              	.LVL77:
 141:main.c        ****     LCD_Position(0,0);
ARM GAS  C:\Users\thoma\AppData\Local\Temp\ccYbUoSw.s 			page 12


 487              		.loc 1 141 0
 488 001e 0021     		movs	r1, #0
 489 0020 0846     		mov	r0, r1
 490 0022 FFF7FEFF 		bl	LCD_Position
 491              	.LVL78:
 142:main.c        ****     potVal = (potVal*100/(0xFFFF)); //Get a value between 0 and 5000 mV
 492              		.loc 1 142 0
 493 0026 6420     		movs	r0, #100
 494 0028 00FB04F0 		mul	r0, r0, r4
 495 002c 0C4C     		ldr	r4, .L29
 496              	.LVL79:
 497 002e A4FB0034 		umull	r3, r4, r4, r0
 498 0032 E40B     		lsrs	r4, r4, #15
 499              	.LVL80:
 143:main.c        ****     LCD_PrintNumber(potVal);
 500              		.loc 1 143 0
 501 0034 A0B2     		uxth	r0, r4
 502 0036 FFF7FEFF 		bl	LCD_PrintU32Number
 503              	.LVL81:
 144:main.c        ****     LCD_PrintString(" mV");
 504              		.loc 1 144 0
 505 003a 0A48     		ldr	r0, .L29+4
 506 003c FFF7FEFF 		bl	LCD_PrintString
 507              	.LVL82:
 145:main.c        ****     LCD_Position(1,7); 
 508              		.loc 1 145 0
 509 0040 0721     		movs	r1, #7
 510 0042 0120     		movs	r0, #1
 511 0044 FFF7FEFF 		bl	LCD_Position
 512              	.LVL83:
 146:main.c        ****     LCD_PutChar('L');
 513              		.loc 1 146 0
 514 0048 4C20     		movs	r0, #76
 515 004a FFF7FEFF 		bl	LCD_PutChar
 516              	.LVL84:
 147:main.c        ****         
 148:main.c        ****     LED_control(5000 - potVal * 50 );
 517              		.loc 1 148 0
 518 004e 41F28830 		movw	r0, #5000
 519 0052 3223     		movs	r3, #50
 520 0054 03FB1400 		mls	r0, r3, r4, r0
 521 0058 FFF7FEFF 		bl	LED_control
 522              	.LVL85:
 149:main.c        ****     return 0; 
 150:main.c        **** }
 523              		.loc 1 150 0
 524 005c 0020     		movs	r0, #0
 525 005e 10BD     		pop	{r4, pc}
 526              	.LVL86:
 527              	.L30:
 528              		.align	2
 529              	.L29:
 530 0060 01800080 		.word	-2147450879
 531 0064 00000000 		.word	.LC0
 532              		.cfi_endproc
 533              	.LFE72:
 534              		.size	Light_control, .-Light_control
ARM GAS  C:\Users\thoma\AppData\Local\Temp\ccYbUoSw.s 			page 13


 535              		.section	.text.main,"ax",%progbits
 536              		.align	2
 537              		.global	main
 538              		.thumb
 539              		.thumb_func
 540              		.type	main, %function
 541              	main:
 542              	.LFB67:
  58:main.c        ****     CyGlobalIntEnable; /* Enable global interrupts. */
 543              		.loc 1 58 0
 544              		.cfi_startproc
 545              		@ args = 0, pretend = 0, frame = 0
 546              		@ frame_needed = 0, uses_anonymous_args = 0
 547 0000 08B5     		push	{r3, lr}
 548              		.cfi_def_cfa_offset 8
 549              		.cfi_offset 3, -8
 550              		.cfi_offset 14, -4
  59:main.c        **** 
 551              		.loc 1 59 0
 552              		.syntax unified
 553              	@ 59 "main.c" 1
 554 0002 62B6     		CPSIE   i
 555              	@ 0 "" 2
  63:main.c        ****     
 556              		.loc 1 63 0
 557              		.thumb
 558              		.syntax unified
 559 0004 FFF7FEFF 		bl	Start_F
 560              	.LVL87:
  65:main.c        ****     ADC_StartConvert(); 
 561              		.loc 1 65 0
 562 0008 FFF7FEFF 		bl	LED_off
 563              	.LVL88:
  66:main.c        ****     
 564              		.loc 1 66 0
 565 000c FFF7FEFF 		bl	ADC_StartConvert
 566              	.LVL89:
 567              	.L32:
  71:main.c        ****     }
 568              		.loc 1 71 0 discriminator 1
 569 0010 0020     		movs	r0, #0
 570 0012 FFF7FEFF 		bl	Light_control
 571              	.LVL90:
 572 0016 FBE7     		b	.L32
 573              		.cfi_endproc
 574              	.LFE67:
 575              		.size	main, .-main
 576              		.section	.rodata.str1.4,"aMS",%progbits,1
 577              		.align	2
 578              	.LC0:
 579 0000 206D5600 		.ascii	" mV\000"
 580              		.text
 581              	.Letext0:
 582              		.file 2 "d:\\psoc\\psoc creator\\4.4\\psoc creator\\import\\gnu\\arm\\5.4.1\\arm-none-eabi\\includ
 583              		.file 3 "d:\\psoc\\psoc creator\\4.4\\psoc creator\\import\\gnu\\arm\\5.4.1\\arm-none-eabi\\includ
 584              		.file 4 "Generated_Source\\PSoC5/cytypes.h"
 585              		.file 5 "Generated_Source\\PSoC5/LCD.h"
ARM GAS  C:\Users\thoma\AppData\Local\Temp\ccYbUoSw.s 			page 14


 586              		.file 6 "Generated_Source\\PSoC5/ADC.h"
 587              		.file 7 "Generated_Source\\PSoC5/LED01.h"
 588              		.file 8 "Generated_Source\\PSoC5/LED02.h"
 589              		.file 9 "Generated_Source\\PSoC5/DOWN.h"
 590              		.file 10 "Generated_Source\\PSoC5/LED03.h"
 591              		.file 11 "Generated_Source\\PSoC5/TOP.h"
 592              		.file 12 "Generated_Source\\PSoC5/LED04.h"
 593              		.file 13 "Generated_Source\\PSoC5/CyLib.h"
 594              		.file 14 "keypad.h"
 595              		.file 15 "Generated_Source\\PSoC5/core_cm3.h"
 596              		.section	.debug_info,"",%progbits
 597              	.Ldebug_info0:
 598 0000 5E070000 		.4byte	0x75e
 599 0004 0400     		.2byte	0x4
 600 0006 00000000 		.4byte	.Ldebug_abbrev0
 601 000a 04       		.byte	0x4
 602 000b 01       		.uleb128 0x1
 603 000c 09010000 		.4byte	.LASF49
 604 0010 0C       		.byte	0xc
 605 0011 D9020000 		.4byte	.LASF50
 606 0015 24000000 		.4byte	.LASF51
 607 0019 00000000 		.4byte	.Ldebug_ranges0+0
 608 001d 00000000 		.4byte	0
 609 0021 00000000 		.4byte	.Ldebug_line0
 610 0025 02       		.uleb128 0x2
 611 0026 01       		.byte	0x1
 612 0027 06       		.byte	0x6
 613 0028 E3000000 		.4byte	.LASF0
 614 002c 02       		.uleb128 0x2
 615 002d 01       		.byte	0x1
 616 002e 08       		.byte	0x8
 617 002f FB000000 		.4byte	.LASF1
 618 0033 02       		.uleb128 0x2
 619 0034 02       		.byte	0x2
 620 0035 05       		.byte	0x5
 621 0036 F0020000 		.4byte	.LASF2
 622 003a 02       		.uleb128 0x2
 623 003b 02       		.byte	0x2
 624 003c 07       		.byte	0x7
 625 003d BC010000 		.4byte	.LASF3
 626 0041 03       		.uleb128 0x3
 627 0042 A0000000 		.4byte	.LASF5
 628 0046 02       		.byte	0x2
 629 0047 3F       		.byte	0x3f
 630 0048 4C000000 		.4byte	0x4c
 631 004c 02       		.uleb128 0x2
 632 004d 04       		.byte	0x4
 633 004e 05       		.byte	0x5
 634 004f 0F030000 		.4byte	.LASF4
 635 0053 03       		.uleb128 0x3
 636 0054 10020000 		.4byte	.LASF6
 637 0058 02       		.byte	0x2
 638 0059 41       		.byte	0x41
 639 005a 5E000000 		.4byte	0x5e
 640 005e 02       		.uleb128 0x2
 641 005f 04       		.byte	0x4
 642 0060 07       		.byte	0x7
ARM GAS  C:\Users\thoma\AppData\Local\Temp\ccYbUoSw.s 			page 15


 643 0061 FE010000 		.4byte	.LASF7
 644 0065 02       		.uleb128 0x2
 645 0066 08       		.byte	0x8
 646 0067 05       		.byte	0x5
 647 0068 CB020000 		.4byte	.LASF8
 648 006c 02       		.uleb128 0x2
 649 006d 08       		.byte	0x8
 650 006e 07       		.byte	0x7
 651 006f 5B020000 		.4byte	.LASF9
 652 0073 04       		.uleb128 0x4
 653 0074 04       		.byte	0x4
 654 0075 05       		.byte	0x5
 655 0076 696E7400 		.ascii	"int\000"
 656 007a 02       		.uleb128 0x2
 657 007b 04       		.byte	0x4
 658 007c 07       		.byte	0x7
 659 007d 45020000 		.4byte	.LASF10
 660 0081 03       		.uleb128 0x3
 661 0082 BA020000 		.4byte	.LASF11
 662 0086 03       		.byte	0x3
 663 0087 2C       		.byte	0x2c
 664 0088 41000000 		.4byte	0x41
 665 008c 03       		.uleb128 0x3
 666 008d 06030000 		.4byte	.LASF12
 667 0091 03       		.byte	0x3
 668 0092 30       		.byte	0x30
 669 0093 53000000 		.4byte	0x53
 670 0097 05       		.uleb128 0x5
 671 0098 2B020000 		.4byte	.LASF13
 672 009c 04       		.byte	0x4
 673 009d E901     		.2byte	0x1e9
 674 009f 3A000000 		.4byte	0x3a
 675 00a3 02       		.uleb128 0x2
 676 00a4 04       		.byte	0x4
 677 00a5 04       		.byte	0x4
 678 00a6 D3000000 		.4byte	.LASF14
 679 00aa 02       		.uleb128 0x2
 680 00ab 08       		.byte	0x8
 681 00ac 04       		.byte	0x4
 682 00ad C1000000 		.4byte	.LASF15
 683 00b1 02       		.uleb128 0x2
 684 00b2 01       		.byte	0x1
 685 00b3 08       		.byte	0x8
 686 00b4 E0020000 		.4byte	.LASF16
 687 00b8 02       		.uleb128 0x2
 688 00b9 08       		.byte	0x8
 689 00ba 04       		.byte	0x4
 690 00bb 24030000 		.4byte	.LASF17
 691 00bf 02       		.uleb128 0x2
 692 00c0 04       		.byte	0x4
 693 00c1 07       		.byte	0x7
 694 00c2 C2020000 		.4byte	.LASF18
 695 00c6 06       		.uleb128 0x6
 696 00c7 F6010000 		.4byte	.LASF19
 697 00cb 01       		.byte	0x1
 698 00cc 0F       		.byte	0xf
 699 00cd 73000000 		.4byte	0x73
ARM GAS  C:\Users\thoma\AppData\Local\Temp\ccYbUoSw.s 			page 16


 700 00d1 00000000 		.4byte	.LFB63
 701 00d5 1A000000 		.4byte	.LFE63-.LFB63
 702 00d9 01       		.uleb128 0x1
 703 00da 9C       		.byte	0x9c
 704 00db 18010000 		.4byte	0x118
 705 00df 07       		.uleb128 0x7
 706 00e0 06000000 		.4byte	.LVL0
 707 00e4 85060000 		.4byte	0x685
 708 00e8 08       		.uleb128 0x8
 709 00e9 0C000000 		.4byte	.LVL1
 710 00ed 90060000 		.4byte	0x690
 711 00f1 FB000000 		.4byte	0xfb
 712 00f5 09       		.uleb128 0x9
 713 00f6 01       		.uleb128 0x1
 714 00f7 50       		.byte	0x50
 715 00f8 01       		.uleb128 0x1
 716 00f9 3C       		.byte	0x3c
 717 00fa 00       		.byte	0
 718 00fb 08       		.uleb128 0x8
 719 00fc 12000000 		.4byte	.LVL2
 720 0100 90060000 		.4byte	0x690
 721 0104 0E010000 		.4byte	0x10e
 722 0108 09       		.uleb128 0x9
 723 0109 01       		.uleb128 0x1
 724 010a 50       		.byte	0x50
 725 010b 01       		.uleb128 0x1
 726 010c 31       		.byte	0x31
 727 010d 00       		.byte	0
 728 010e 07       		.uleb128 0x7
 729 010f 16000000 		.4byte	.LVL3
 730 0113 9B060000 		.4byte	0x69b
 731 0117 00       		.byte	0
 732 0118 06       		.uleb128 0x6
 733 0119 0C000000 		.4byte	.LASF20
 734 011d 01       		.byte	0x1
 735 011e 1A       		.byte	0x1a
 736 011f 73000000 		.4byte	0x73
 737 0123 00000000 		.4byte	.LFB64
 738 0127 1E000000 		.4byte	.LFE64-.LFB64
 739 012b 01       		.uleb128 0x1
 740 012c 9C       		.byte	0x9c
 741 012d 56010000 		.4byte	0x156
 742 0131 07       		.uleb128 0x7
 743 0132 06000000 		.4byte	.LVL4
 744 0136 A6060000 		.4byte	0x6a6
 745 013a 07       		.uleb128 0x7
 746 013b 0E000000 		.4byte	.LVL5
 747 013f B1060000 		.4byte	0x6b1
 748 0143 07       		.uleb128 0x7
 749 0144 12000000 		.4byte	.LVL6
 750 0148 BC060000 		.4byte	0x6bc
 751 014c 07       		.uleb128 0x7
 752 014d 1A000000 		.4byte	.LVL7
 753 0151 C7060000 		.4byte	0x6c7
 754 0155 00       		.byte	0
 755 0156 06       		.uleb128 0x6
 756 0157 7D020000 		.4byte	.LASF21
ARM GAS  C:\Users\thoma\AppData\Local\Temp\ccYbUoSw.s 			page 17


 757 015b 01       		.byte	0x1
 758 015c 23       		.byte	0x23
 759 015d 73000000 		.4byte	0x73
 760 0161 00000000 		.4byte	.LFB65
 761 0165 1C000000 		.4byte	.LFE65-.LFB65
 762 0169 01       		.uleb128 0x1
 763 016a 9C       		.byte	0x9c
 764 016b A4010000 		.4byte	0x1a4
 765 016f 07       		.uleb128 0x7
 766 0170 06000000 		.4byte	.LVL8
 767 0174 D2060000 		.4byte	0x6d2
 768 0178 07       		.uleb128 0x7
 769 0179 0A000000 		.4byte	.LVL9
 770 017d DD060000 		.4byte	0x6dd
 771 0181 07       		.uleb128 0x7
 772 0182 0E000000 		.4byte	.LVL10
 773 0186 E8060000 		.4byte	0x6e8
 774 018a 07       		.uleb128 0x7
 775 018b 12000000 		.4byte	.LVL11
 776 018f F3060000 		.4byte	0x6f3
 777 0193 0A       		.uleb128 0xa
 778 0194 18000000 		.4byte	.LVL12
 779 0198 FE060000 		.4byte	0x6fe
 780 019c 09       		.uleb128 0x9
 781 019d 01       		.uleb128 0x1
 782 019e 50       		.byte	0x50
 783 019f 02       		.uleb128 0x2
 784 01a0 08       		.byte	0x8
 785 01a1 64       		.byte	0x64
 786 01a2 00       		.byte	0
 787 01a3 00       		.byte	0
 788 01a4 06       		.uleb128 0x6
 789 01a5 EC010000 		.4byte	.LASF22
 790 01a9 01       		.byte	0x1
 791 01aa 2A       		.byte	0x2a
 792 01ab 73000000 		.4byte	0x73
 793 01af 00000000 		.4byte	.LFB66
 794 01b3 1C000000 		.4byte	.LFE66-.LFB66
 795 01b7 01       		.uleb128 0x1
 796 01b8 9C       		.byte	0x9c
 797 01b9 F8010000 		.4byte	0x1f8
 798 01bd 08       		.uleb128 0x8
 799 01be 0A000000 		.4byte	.LVL13
 800 01c2 09070000 		.4byte	0x709
 801 01c6 D5010000 		.4byte	0x1d5
 802 01ca 09       		.uleb128 0x9
 803 01cb 01       		.uleb128 0x1
 804 01cc 50       		.byte	0x50
 805 01cd 01       		.uleb128 0x1
 806 01ce 30       		.byte	0x30
 807 01cf 09       		.uleb128 0x9
 808 01d0 01       		.uleb128 0x1
 809 01d1 51       		.byte	0x51
 810 01d2 01       		.uleb128 0x1
 811 01d3 31       		.byte	0x31
 812 01d4 00       		.byte	0
 813 01d5 07       		.uleb128 0x7
ARM GAS  C:\Users\thoma\AppData\Local\Temp\ccYbUoSw.s 			page 18


 814 01d6 0E000000 		.4byte	.LVL14
 815 01da 14070000 		.4byte	0x714
 816 01de 07       		.uleb128 0x7
 817 01df 12000000 		.4byte	.LVL15
 818 01e3 1F070000 		.4byte	0x71f
 819 01e7 0A       		.uleb128 0xa
 820 01e8 18000000 		.4byte	.LVL16
 821 01ec FE060000 		.4byte	0x6fe
 822 01f0 09       		.uleb128 0x9
 823 01f1 01       		.uleb128 0x1
 824 01f2 50       		.byte	0x50
 825 01f3 02       		.uleb128 0x2
 826 01f4 08       		.byte	0x8
 827 01f5 64       		.byte	0x64
 828 01f6 00       		.byte	0
 829 01f7 00       		.byte	0
 830 01f8 06       		.uleb128 0x6
 831 01f9 B4000000 		.4byte	.LASF23
 832 01fd 01       		.byte	0x1
 833 01fe 4B       		.byte	0x4b
 834 01ff 73000000 		.4byte	0x73
 835 0203 00000000 		.4byte	.LFB68
 836 0207 2A000000 		.4byte	.LFE68-.LFB68
 837 020b 01       		.uleb128 0x1
 838 020c 9C       		.byte	0x9c
 839 020d 68020000 		.4byte	0x268
 840 0211 07       		.uleb128 0x7
 841 0212 06000000 		.4byte	.LVL17
 842 0216 14070000 		.4byte	0x714
 843 021a 08       		.uleb128 0x8
 844 021b 10000000 		.4byte	.LVL18
 845 021f 90060000 		.4byte	0x690
 846 0223 2D020000 		.4byte	0x22d
 847 0227 09       		.uleb128 0x9
 848 0228 01       		.uleb128 0x1
 849 0229 50       		.byte	0x50
 850 022a 01       		.uleb128 0x1
 851 022b 31       		.byte	0x31
 852 022c 00       		.byte	0
 853 022d 08       		.uleb128 0x8
 854 022e 18000000 		.4byte	.LVL19
 855 0232 09070000 		.4byte	0x709
 856 0236 45020000 		.4byte	0x245
 857 023a 09       		.uleb128 0x9
 858 023b 01       		.uleb128 0x1
 859 023c 50       		.byte	0x50
 860 023d 01       		.uleb128 0x1
 861 023e 30       		.byte	0x30
 862 023f 09       		.uleb128 0x9
 863 0240 01       		.uleb128 0x1
 864 0241 51       		.byte	0x51
 865 0242 01       		.uleb128 0x1
 866 0243 31       		.byte	0x31
 867 0244 00       		.byte	0
 868 0245 07       		.uleb128 0x7
 869 0246 1C000000 		.4byte	.LVL20
 870 024a 14070000 		.4byte	0x714
ARM GAS  C:\Users\thoma\AppData\Local\Temp\ccYbUoSw.s 			page 19


 871 024e 07       		.uleb128 0x7
 872 024f 20000000 		.4byte	.LVL21
 873 0253 1F070000 		.4byte	0x71f
 874 0257 0A       		.uleb128 0xa
 875 0258 26000000 		.4byte	.LVL22
 876 025c FE060000 		.4byte	0x6fe
 877 0260 09       		.uleb128 0x9
 878 0261 01       		.uleb128 0x1
 879 0262 50       		.byte	0x50
 880 0263 02       		.uleb128 0x2
 881 0264 08       		.byte	0x8
 882 0265 64       		.byte	0x64
 883 0266 00       		.byte	0
 884 0267 00       		.byte	0
 885 0268 06       		.uleb128 0x6
 886 0269 B2020000 		.4byte	.LASF24
 887 026d 01       		.byte	0x1
 888 026e 56       		.byte	0x56
 889 026f 73000000 		.4byte	0x73
 890 0273 00000000 		.4byte	.LFB69
 891 0277 1E000000 		.4byte	.LFE69-.LFB69
 892 027b 01       		.uleb128 0x1
 893 027c 9C       		.byte	0x9c
 894 027d CA020000 		.4byte	0x2ca
 895 0281 08       		.uleb128 0x8
 896 0282 08000000 		.4byte	.LVL23
 897 0286 B1060000 		.4byte	0x6b1
 898 028a 94020000 		.4byte	0x294
 899 028e 09       		.uleb128 0x9
 900 028f 01       		.uleb128 0x1
 901 0290 50       		.byte	0x50
 902 0291 01       		.uleb128 0x1
 903 0292 30       		.byte	0x30
 904 0293 00       		.byte	0
 905 0294 08       		.uleb128 0x8
 906 0295 0E000000 		.4byte	.LVL24
 907 0299 C7060000 		.4byte	0x6c7
 908 029d A7020000 		.4byte	0x2a7
 909 02a1 09       		.uleb128 0x9
 910 02a2 01       		.uleb128 0x1
 911 02a3 50       		.byte	0x50
 912 02a4 01       		.uleb128 0x1
 913 02a5 30       		.byte	0x30
 914 02a6 00       		.byte	0
 915 02a7 08       		.uleb128 0x8
 916 02a8 14000000 		.4byte	.LVL25
 917 02ac DD060000 		.4byte	0x6dd
 918 02b0 BA020000 		.4byte	0x2ba
 919 02b4 09       		.uleb128 0x9
 920 02b5 01       		.uleb128 0x1
 921 02b6 50       		.byte	0x50
 922 02b7 01       		.uleb128 0x1
 923 02b8 30       		.byte	0x30
 924 02b9 00       		.byte	0
 925 02ba 0A       		.uleb128 0xa
 926 02bb 1A000000 		.4byte	.LVL26
 927 02bf F3060000 		.4byte	0x6f3
ARM GAS  C:\Users\thoma\AppData\Local\Temp\ccYbUoSw.s 			page 20


 928 02c3 09       		.uleb128 0x9
 929 02c4 01       		.uleb128 0x1
 930 02c5 50       		.byte	0x50
 931 02c6 01       		.uleb128 0x1
 932 02c7 30       		.byte	0x30
 933 02c8 00       		.byte	0
 934 02c9 00       		.byte	0
 935 02ca 0B       		.uleb128 0xb
 936 02cb 18030000 		.4byte	.LASF25
 937 02cf 01       		.byte	0x1
 938 02d0 5F       		.byte	0x5f
 939 02d1 73000000 		.4byte	0x73
 940 02d5 00000000 		.4byte	.LFB70
 941 02d9 B4000000 		.4byte	.LFE70-.LFB70
 942 02dd 01       		.uleb128 0x1
 943 02de 9C       		.byte	0x9c
 944 02df 6B040000 		.4byte	0x46b
 945 02e3 0C       		.uleb128 0xc
 946 02e4 99000000 		.4byte	.LASF27
 947 02e8 01       		.byte	0x1
 948 02e9 5F       		.byte	0x5f
 949 02ea 73000000 		.4byte	0x73
 950 02ee 00000000 		.4byte	.LLST0
 951 02f2 08       		.uleb128 0x8
 952 02f3 12000000 		.4byte	.LVL29
 953 02f7 B1060000 		.4byte	0x6b1
 954 02fb 05030000 		.4byte	0x305
 955 02ff 09       		.uleb128 0x9
 956 0300 01       		.uleb128 0x1
 957 0301 50       		.byte	0x50
 958 0302 01       		.uleb128 0x1
 959 0303 30       		.byte	0x30
 960 0304 00       		.byte	0
 961 0305 08       		.uleb128 0x8
 962 0306 18000000 		.4byte	.LVL30
 963 030a C7060000 		.4byte	0x6c7
 964 030e 18030000 		.4byte	0x318
 965 0312 09       		.uleb128 0x9
 966 0313 01       		.uleb128 0x1
 967 0314 50       		.byte	0x50
 968 0315 01       		.uleb128 0x1
 969 0316 30       		.byte	0x30
 970 0317 00       		.byte	0
 971 0318 08       		.uleb128 0x8
 972 0319 1E000000 		.4byte	.LVL31
 973 031d DD060000 		.4byte	0x6dd
 974 0321 2B030000 		.4byte	0x32b
 975 0325 09       		.uleb128 0x9
 976 0326 01       		.uleb128 0x1
 977 0327 50       		.byte	0x50
 978 0328 01       		.uleb128 0x1
 979 0329 30       		.byte	0x30
 980 032a 00       		.byte	0
 981 032b 08       		.uleb128 0x8
 982 032c 24000000 		.4byte	.LVL32
 983 0330 F3060000 		.4byte	0x6f3
 984 0334 3E030000 		.4byte	0x33e
ARM GAS  C:\Users\thoma\AppData\Local\Temp\ccYbUoSw.s 			page 21


 985 0338 09       		.uleb128 0x9
 986 0339 01       		.uleb128 0x1
 987 033a 50       		.byte	0x50
 988 033b 01       		.uleb128 0x1
 989 033c 30       		.byte	0x30
 990 033d 00       		.byte	0
 991 033e 08       		.uleb128 0x8
 992 033f 36000000 		.4byte	.LVL35
 993 0343 B1060000 		.4byte	0x6b1
 994 0347 51030000 		.4byte	0x351
 995 034b 09       		.uleb128 0x9
 996 034c 01       		.uleb128 0x1
 997 034d 50       		.byte	0x50
 998 034e 01       		.uleb128 0x1
 999 034f 31       		.byte	0x31
 1000 0350 00       		.byte	0
 1001 0351 08       		.uleb128 0x8
 1002 0352 3C000000 		.4byte	.LVL36
 1003 0356 C7060000 		.4byte	0x6c7
 1004 035a 64030000 		.4byte	0x364
 1005 035e 09       		.uleb128 0x9
 1006 035f 01       		.uleb128 0x1
 1007 0360 50       		.byte	0x50
 1008 0361 01       		.uleb128 0x1
 1009 0362 30       		.byte	0x30
 1010 0363 00       		.byte	0
 1011 0364 08       		.uleb128 0x8
 1012 0365 42000000 		.4byte	.LVL37
 1013 0369 DD060000 		.4byte	0x6dd
 1014 036d 77030000 		.4byte	0x377
 1015 0371 09       		.uleb128 0x9
 1016 0372 01       		.uleb128 0x1
 1017 0373 50       		.byte	0x50
 1018 0374 01       		.uleb128 0x1
 1019 0375 30       		.byte	0x30
 1020 0376 00       		.byte	0
 1021 0377 08       		.uleb128 0x8
 1022 0378 48000000 		.4byte	.LVL38
 1023 037c F3060000 		.4byte	0x6f3
 1024 0380 8A030000 		.4byte	0x38a
 1025 0384 09       		.uleb128 0x9
 1026 0385 01       		.uleb128 0x1
 1027 0386 50       		.byte	0x50
 1028 0387 01       		.uleb128 0x1
 1029 0388 30       		.byte	0x30
 1030 0389 00       		.byte	0
 1031 038a 08       		.uleb128 0x8
 1032 038b 5A000000 		.4byte	.LVL41
 1033 038f B1060000 		.4byte	0x6b1
 1034 0393 9D030000 		.4byte	0x39d
 1035 0397 09       		.uleb128 0x9
 1036 0398 01       		.uleb128 0x1
 1037 0399 50       		.byte	0x50
 1038 039a 01       		.uleb128 0x1
 1039 039b 31       		.byte	0x31
 1040 039c 00       		.byte	0
 1041 039d 08       		.uleb128 0x8
ARM GAS  C:\Users\thoma\AppData\Local\Temp\ccYbUoSw.s 			page 22


 1042 039e 60000000 		.4byte	.LVL42
 1043 03a2 C7060000 		.4byte	0x6c7
 1044 03a6 B0030000 		.4byte	0x3b0
 1045 03aa 09       		.uleb128 0x9
 1046 03ab 01       		.uleb128 0x1
 1047 03ac 50       		.byte	0x50
 1048 03ad 01       		.uleb128 0x1
 1049 03ae 31       		.byte	0x31
 1050 03af 00       		.byte	0
 1051 03b0 08       		.uleb128 0x8
 1052 03b1 66000000 		.4byte	.LVL43
 1053 03b5 DD060000 		.4byte	0x6dd
 1054 03b9 C3030000 		.4byte	0x3c3
 1055 03bd 09       		.uleb128 0x9
 1056 03be 01       		.uleb128 0x1
 1057 03bf 50       		.byte	0x50
 1058 03c0 01       		.uleb128 0x1
 1059 03c1 30       		.byte	0x30
 1060 03c2 00       		.byte	0
 1061 03c3 08       		.uleb128 0x8
 1062 03c4 6C000000 		.4byte	.LVL44
 1063 03c8 F3060000 		.4byte	0x6f3
 1064 03cc D6030000 		.4byte	0x3d6
 1065 03d0 09       		.uleb128 0x9
 1066 03d1 01       		.uleb128 0x1
 1067 03d2 50       		.byte	0x50
 1068 03d3 01       		.uleb128 0x1
 1069 03d4 30       		.byte	0x30
 1070 03d5 00       		.byte	0
 1071 03d6 08       		.uleb128 0x8
 1072 03d7 7E000000 		.4byte	.LVL47
 1073 03db B1060000 		.4byte	0x6b1
 1074 03df E9030000 		.4byte	0x3e9
 1075 03e3 09       		.uleb128 0x9
 1076 03e4 01       		.uleb128 0x1
 1077 03e5 50       		.byte	0x50
 1078 03e6 01       		.uleb128 0x1
 1079 03e7 31       		.byte	0x31
 1080 03e8 00       		.byte	0
 1081 03e9 08       		.uleb128 0x8
 1082 03ea 84000000 		.4byte	.LVL48
 1083 03ee C7060000 		.4byte	0x6c7
 1084 03f2 FC030000 		.4byte	0x3fc
 1085 03f6 09       		.uleb128 0x9
 1086 03f7 01       		.uleb128 0x1
 1087 03f8 50       		.byte	0x50
 1088 03f9 01       		.uleb128 0x1
 1089 03fa 31       		.byte	0x31
 1090 03fb 00       		.byte	0
 1091 03fc 08       		.uleb128 0x8
 1092 03fd 8A000000 		.4byte	.LVL49
 1093 0401 DD060000 		.4byte	0x6dd
 1094 0405 0F040000 		.4byte	0x40f
 1095 0409 09       		.uleb128 0x9
 1096 040a 01       		.uleb128 0x1
 1097 040b 50       		.byte	0x50
 1098 040c 01       		.uleb128 0x1
ARM GAS  C:\Users\thoma\AppData\Local\Temp\ccYbUoSw.s 			page 23


 1099 040d 31       		.byte	0x31
 1100 040e 00       		.byte	0
 1101 040f 08       		.uleb128 0x8
 1102 0410 90000000 		.4byte	.LVL50
 1103 0414 F3060000 		.4byte	0x6f3
 1104 0418 22040000 		.4byte	0x422
 1105 041c 09       		.uleb128 0x9
 1106 041d 01       		.uleb128 0x1
 1107 041e 50       		.byte	0x50
 1108 041f 01       		.uleb128 0x1
 1109 0420 30       		.byte	0x30
 1110 0421 00       		.byte	0
 1111 0422 08       		.uleb128 0x8
 1112 0423 9E000000 		.4byte	.LVL53
 1113 0427 B1060000 		.4byte	0x6b1
 1114 042b 35040000 		.4byte	0x435
 1115 042f 09       		.uleb128 0x9
 1116 0430 01       		.uleb128 0x1
 1117 0431 50       		.byte	0x50
 1118 0432 01       		.uleb128 0x1
 1119 0433 31       		.byte	0x31
 1120 0434 00       		.byte	0
 1121 0435 08       		.uleb128 0x8
 1122 0436 A4000000 		.4byte	.LVL54
 1123 043a C7060000 		.4byte	0x6c7
 1124 043e 48040000 		.4byte	0x448
 1125 0442 09       		.uleb128 0x9
 1126 0443 01       		.uleb128 0x1
 1127 0444 50       		.byte	0x50
 1128 0445 01       		.uleb128 0x1
 1129 0446 31       		.byte	0x31
 1130 0447 00       		.byte	0
 1131 0448 08       		.uleb128 0x8
 1132 0449 AA000000 		.4byte	.LVL55
 1133 044d DD060000 		.4byte	0x6dd
 1134 0451 5B040000 		.4byte	0x45b
 1135 0455 09       		.uleb128 0x9
 1136 0456 01       		.uleb128 0x1
 1137 0457 50       		.byte	0x50
 1138 0458 01       		.uleb128 0x1
 1139 0459 31       		.byte	0x31
 1140 045a 00       		.byte	0
 1141 045b 0A       		.uleb128 0xa
 1142 045c B0000000 		.4byte	.LVL56
 1143 0460 F3060000 		.4byte	0x6f3
 1144 0464 09       		.uleb128 0x9
 1145 0465 01       		.uleb128 0x1
 1146 0466 50       		.byte	0x50
 1147 0467 01       		.uleb128 0x1
 1148 0468 31       		.byte	0x31
 1149 0469 00       		.byte	0
 1150 046a 00       		.byte	0
 1151 046b 0B       		.uleb128 0xb
 1152 046c EF000000 		.4byte	.LASF26
 1153 0470 01       		.byte	0x1
 1154 0471 75       		.byte	0x75
 1155 0472 73000000 		.4byte	0x73
ARM GAS  C:\Users\thoma\AppData\Local\Temp\ccYbUoSw.s 			page 24


 1156 0476 00000000 		.4byte	.LFB71
 1157 047a 54000000 		.4byte	.LFE71-.LFB71
 1158 047e 01       		.uleb128 0x1
 1159 047f 9C       		.byte	0x9c
 1160 0480 2E050000 		.4byte	0x52e
 1161 0484 0C       		.uleb128 0xc
 1162 0485 99000000 		.4byte	.LASF27
 1163 0489 01       		.byte	0x1
 1164 048a 75       		.byte	0x75
 1165 048b 8C000000 		.4byte	0x8c
 1166 048f CA000000 		.4byte	.LLST1
 1167 0493 08       		.uleb128 0x8
 1168 0494 0A000000 		.4byte	.LVL59
 1169 0498 FE060000 		.4byte	0x6fe
 1170 049c A7040000 		.4byte	0x4a7
 1171 04a0 09       		.uleb128 0x9
 1172 04a1 01       		.uleb128 0x1
 1173 04a2 50       		.byte	0x50
 1174 04a3 02       		.uleb128 0x2
 1175 04a4 08       		.byte	0x8
 1176 04a5 64       		.byte	0x64
 1177 04a6 00       		.byte	0
 1178 04a7 08       		.uleb128 0x8
 1179 04a8 10000000 		.4byte	.LVL60
 1180 04ac 2A070000 		.4byte	0x72a
 1181 04b0 BA040000 		.4byte	0x4ba
 1182 04b4 09       		.uleb128 0x9
 1183 04b5 01       		.uleb128 0x1
 1184 04b6 50       		.byte	0x50
 1185 04b7 01       		.uleb128 0x1
 1186 04b8 30       		.byte	0x30
 1187 04b9 00       		.byte	0
 1188 04ba 07       		.uleb128 0x7
 1189 04bb 16000000 		.4byte	.LVL61
 1190 04bf 35070000 		.4byte	0x735
 1191 04c3 08       		.uleb128 0x8
 1192 04c4 1E000000 		.4byte	.LVL63
 1193 04c8 90060000 		.4byte	0x690
 1194 04cc D6040000 		.4byte	0x4d6
 1195 04d0 09       		.uleb128 0x9
 1196 04d1 01       		.uleb128 0x1
 1197 04d2 50       		.byte	0x50
 1198 04d3 01       		.uleb128 0x1
 1199 04d4 31       		.byte	0x31
 1200 04d5 00       		.byte	0
 1201 04d6 08       		.uleb128 0x8
 1202 04d7 26000000 		.4byte	.LVL64
 1203 04db 09070000 		.4byte	0x709
 1204 04df EE040000 		.4byte	0x4ee
 1205 04e3 09       		.uleb128 0x9
 1206 04e4 01       		.uleb128 0x1
 1207 04e5 50       		.byte	0x50
 1208 04e6 01       		.uleb128 0x1
 1209 04e7 30       		.byte	0x30
 1210 04e8 09       		.uleb128 0x9
 1211 04e9 01       		.uleb128 0x1
 1212 04ea 51       		.byte	0x51
ARM GAS  C:\Users\thoma\AppData\Local\Temp\ccYbUoSw.s 			page 25


 1213 04eb 01       		.uleb128 0x1
 1214 04ec 30       		.byte	0x30
 1215 04ed 00       		.byte	0
 1216 04ee 08       		.uleb128 0x8
 1217 04ef 3C000000 		.4byte	.LVL67
 1218 04f3 40070000 		.4byte	0x740
 1219 04f7 06050000 		.4byte	0x506
 1220 04fb 09       		.uleb128 0x9
 1221 04fc 01       		.uleb128 0x1
 1222 04fd 50       		.byte	0x50
 1223 04fe 06       		.uleb128 0x6
 1224 04ff 74       		.byte	0x74
 1225 0500 00       		.sleb128 0
 1226 0501 0A       		.byte	0xa
 1227 0502 FFFF     		.2byte	0xffff
 1228 0504 1A       		.byte	0x1a
 1229 0505 00       		.byte	0
 1230 0506 08       		.uleb128 0x8
 1231 0507 42000000 		.4byte	.LVL68
 1232 050b 4B070000 		.4byte	0x74b
 1233 050f 1D050000 		.4byte	0x51d
 1234 0513 09       		.uleb128 0x9
 1235 0514 01       		.uleb128 0x1
 1236 0515 50       		.byte	0x50
 1237 0516 05       		.uleb128 0x5
 1238 0517 03       		.byte	0x3
 1239 0518 00000000 		.4byte	.LC0
 1240 051c 00       		.byte	0
 1241 051d 0A       		.uleb128 0xa
 1242 051e 48000000 		.4byte	.LVL69
 1243 0522 CA020000 		.4byte	0x2ca
 1244 0526 09       		.uleb128 0x9
 1245 0527 01       		.uleb128 0x1
 1246 0528 50       		.byte	0x50
 1247 0529 02       		.uleb128 0x2
 1248 052a 74       		.byte	0x74
 1249 052b 00       		.sleb128 0
 1250 052c 00       		.byte	0
 1251 052d 00       		.byte	0
 1252 052e 0B       		.uleb128 0xb
 1253 052f 37020000 		.4byte	.LASF28
 1254 0533 01       		.byte	0x1
 1255 0534 86       		.byte	0x86
 1256 0535 73000000 		.4byte	0x73
 1257 0539 00000000 		.4byte	.LFB72
 1258 053d 68000000 		.4byte	.LFE72-.LFB72
 1259 0541 01       		.uleb128 0x1
 1260 0542 9C       		.byte	0x9c
 1261 0543 24060000 		.4byte	0x624
 1262 0547 0C       		.uleb128 0xc
 1263 0548 99000000 		.4byte	.LASF27
 1264 054c 01       		.byte	0x1
 1265 054d 86       		.byte	0x86
 1266 054e 8C000000 		.4byte	0x8c
 1267 0552 F3000000 		.4byte	.LLST2
 1268 0556 08       		.uleb128 0x8
 1269 0557 0A000000 		.4byte	.LVL73
ARM GAS  C:\Users\thoma\AppData\Local\Temp\ccYbUoSw.s 			page 26


 1270 055b FE060000 		.4byte	0x6fe
 1271 055f 6A050000 		.4byte	0x56a
 1272 0563 09       		.uleb128 0x9
 1273 0564 01       		.uleb128 0x1
 1274 0565 50       		.byte	0x50
 1275 0566 02       		.uleb128 0x2
 1276 0567 08       		.byte	0x8
 1277 0568 64       		.byte	0x64
 1278 0569 00       		.byte	0
 1279 056a 08       		.uleb128 0x8
 1280 056b 10000000 		.4byte	.LVL74
 1281 056f 2A070000 		.4byte	0x72a
 1282 0573 7D050000 		.4byte	0x57d
 1283 0577 09       		.uleb128 0x9
 1284 0578 01       		.uleb128 0x1
 1285 0579 50       		.byte	0x50
 1286 057a 01       		.uleb128 0x1
 1287 057b 30       		.byte	0x30
 1288 057c 00       		.byte	0
 1289 057d 07       		.uleb128 0x7
 1290 057e 16000000 		.4byte	.LVL75
 1291 0582 35070000 		.4byte	0x735
 1292 0586 08       		.uleb128 0x8
 1293 0587 1E000000 		.4byte	.LVL77
 1294 058b 90060000 		.4byte	0x690
 1295 058f 99050000 		.4byte	0x599
 1296 0593 09       		.uleb128 0x9
 1297 0594 01       		.uleb128 0x1
 1298 0595 50       		.byte	0x50
 1299 0596 01       		.uleb128 0x1
 1300 0597 31       		.byte	0x31
 1301 0598 00       		.byte	0
 1302 0599 08       		.uleb128 0x8
 1303 059a 26000000 		.4byte	.LVL78
 1304 059e 09070000 		.4byte	0x709
 1305 05a2 B1050000 		.4byte	0x5b1
 1306 05a6 09       		.uleb128 0x9
 1307 05a7 01       		.uleb128 0x1
 1308 05a8 50       		.byte	0x50
 1309 05a9 01       		.uleb128 0x1
 1310 05aa 30       		.byte	0x30
 1311 05ab 09       		.uleb128 0x9
 1312 05ac 01       		.uleb128 0x1
 1313 05ad 51       		.byte	0x51
 1314 05ae 01       		.uleb128 0x1
 1315 05af 30       		.byte	0x30
 1316 05b0 00       		.byte	0
 1317 05b1 08       		.uleb128 0x8
 1318 05b2 3A000000 		.4byte	.LVL81
 1319 05b6 40070000 		.4byte	0x740
 1320 05ba C9050000 		.4byte	0x5c9
 1321 05be 09       		.uleb128 0x9
 1322 05bf 01       		.uleb128 0x1
 1323 05c0 50       		.byte	0x50
 1324 05c1 06       		.uleb128 0x6
 1325 05c2 74       		.byte	0x74
 1326 05c3 00       		.sleb128 0
ARM GAS  C:\Users\thoma\AppData\Local\Temp\ccYbUoSw.s 			page 27


 1327 05c4 0A       		.byte	0xa
 1328 05c5 FFFF     		.2byte	0xffff
 1329 05c7 1A       		.byte	0x1a
 1330 05c8 00       		.byte	0
 1331 05c9 08       		.uleb128 0x8
 1332 05ca 40000000 		.4byte	.LVL82
 1333 05ce 4B070000 		.4byte	0x74b
 1334 05d2 E0050000 		.4byte	0x5e0
 1335 05d6 09       		.uleb128 0x9
 1336 05d7 01       		.uleb128 0x1
 1337 05d8 50       		.byte	0x50
 1338 05d9 05       		.uleb128 0x5
 1339 05da 03       		.byte	0x3
 1340 05db 00000000 		.4byte	.LC0
 1341 05df 00       		.byte	0
 1342 05e0 08       		.uleb128 0x8
 1343 05e1 48000000 		.4byte	.LVL83
 1344 05e5 09070000 		.4byte	0x709
 1345 05e9 F8050000 		.4byte	0x5f8
 1346 05ed 09       		.uleb128 0x9
 1347 05ee 01       		.uleb128 0x1
 1348 05ef 50       		.byte	0x50
 1349 05f0 01       		.uleb128 0x1
 1350 05f1 31       		.byte	0x31
 1351 05f2 09       		.uleb128 0x9
 1352 05f3 01       		.uleb128 0x1
 1353 05f4 51       		.byte	0x51
 1354 05f5 01       		.uleb128 0x1
 1355 05f6 37       		.byte	0x37
 1356 05f7 00       		.byte	0
 1357 05f8 08       		.uleb128 0x8
 1358 05f9 4E000000 		.4byte	.LVL84
 1359 05fd 1F070000 		.4byte	0x71f
 1360 0601 0C060000 		.4byte	0x60c
 1361 0605 09       		.uleb128 0x9
 1362 0606 01       		.uleb128 0x1
 1363 0607 50       		.byte	0x50
 1364 0608 02       		.uleb128 0x2
 1365 0609 08       		.byte	0x8
 1366 060a 4C       		.byte	0x4c
 1367 060b 00       		.byte	0
 1368 060c 0A       		.uleb128 0xa
 1369 060d 5C000000 		.4byte	.LVL85
 1370 0611 CA020000 		.4byte	0x2ca
 1371 0615 09       		.uleb128 0x9
 1372 0616 01       		.uleb128 0x1
 1373 0617 50       		.byte	0x50
 1374 0618 09       		.uleb128 0x9
 1375 0619 0A       		.byte	0xa
 1376 061a 8813     		.2byte	0x1388
 1377 061c 74       		.byte	0x74
 1378 061d 00       		.sleb128 0
 1379 061e 08       		.byte	0x8
 1380 061f 32       		.byte	0x32
 1381 0620 1E       		.byte	0x1e
 1382 0621 1C       		.byte	0x1c
 1383 0622 00       		.byte	0
ARM GAS  C:\Users\thoma\AppData\Local\Temp\ccYbUoSw.s 			page 28


 1384 0623 00       		.byte	0
 1385 0624 0D       		.uleb128 0xd
 1386 0625 32020000 		.4byte	.LASF52
 1387 0629 01       		.byte	0x1
 1388 062a 39       		.byte	0x39
 1389 062b 73000000 		.4byte	0x73
 1390 062f 00000000 		.4byte	.LFB67
 1391 0633 18000000 		.4byte	.LFE67-.LFB67
 1392 0637 01       		.uleb128 0x1
 1393 0638 9C       		.byte	0x9c
 1394 0639 74060000 		.4byte	0x674
 1395 063d 0E       		.uleb128 0xe
 1396 063e 99000000 		.4byte	.LASF27
 1397 0642 01       		.byte	0x1
 1398 0643 44       		.byte	0x44
 1399 0644 8C000000 		.4byte	0x8c
 1400 0648 00       		.byte	0
 1401 0649 07       		.uleb128 0x7
 1402 064a 08000000 		.4byte	.LVL87
 1403 064e C6000000 		.4byte	0xc6
 1404 0652 07       		.uleb128 0x7
 1405 0653 0C000000 		.4byte	.LVL88
 1406 0657 68020000 		.4byte	0x268
 1407 065b 07       		.uleb128 0x7
 1408 065c 10000000 		.4byte	.LVL89
 1409 0660 56070000 		.4byte	0x756
 1410 0664 0A       		.uleb128 0xa
 1411 0665 16000000 		.4byte	.LVL90
 1412 0669 2E050000 		.4byte	0x52e
 1413 066d 09       		.uleb128 0x9
 1414 066e 01       		.uleb128 0x1
 1415 066f 50       		.byte	0x50
 1416 0670 01       		.uleb128 0x1
 1417 0671 30       		.byte	0x30
 1418 0672 00       		.byte	0
 1419 0673 00       		.byte	0
 1420 0674 0F       		.uleb128 0xf
 1421 0675 CF010000 		.4byte	.LASF53
 1422 0679 0F       		.byte	0xf
 1423 067a 1207     		.2byte	0x712
 1424 067c 80060000 		.4byte	0x680
 1425 0680 10       		.uleb128 0x10
 1426 0681 81000000 		.4byte	0x81
 1427 0685 11       		.uleb128 0x11
 1428 0686 D9000000 		.4byte	.LASF29
 1429 068a D9000000 		.4byte	.LASF29
 1430 068e 05       		.byte	0x5
 1431 068f 38       		.byte	0x38
 1432 0690 11       		.uleb128 0x11
 1433 0691 13000000 		.4byte	.LASF30
 1434 0695 13000000 		.4byte	.LASF30
 1435 0699 05       		.byte	0x5
 1436 069a 3A       		.byte	0x3a
 1437 069b 11       		.uleb128 0x11
 1438 069c A8020000 		.4byte	.LASF31
 1439 06a0 A8020000 		.4byte	.LASF31
 1440 06a4 06       		.byte	0x6
ARM GAS  C:\Users\thoma\AppData\Local\Temp\ccYbUoSw.s 			page 29


 1441 06a5 3A       		.byte	0x3a
 1442 06a6 11       		.uleb128 0x11
 1443 06a7 C8000000 		.4byte	.LASF32
 1444 06ab C8000000 		.4byte	.LASF32
 1445 06af 07       		.byte	0x7
 1446 06b0 29       		.byte	0x29
 1447 06b1 11       		.uleb128 0x11
 1448 06b2 FA020000 		.4byte	.LASF33
 1449 06b6 FA020000 		.4byte	.LASF33
 1450 06ba 07       		.byte	0x7
 1451 06bb 26       		.byte	0x26
 1452 06bc 11       		.uleb128 0x11
 1453 06bd 72020000 		.4byte	.LASF34
 1454 06c1 72020000 		.4byte	.LASF34
 1455 06c5 08       		.byte	0x8
 1456 06c6 29       		.byte	0x29
 1457 06c7 11       		.uleb128 0x11
 1458 06c8 30030000 		.4byte	.LASF35
 1459 06cc 30030000 		.4byte	.LASF35
 1460 06d0 08       		.byte	0x8
 1461 06d1 26       		.byte	0x26
 1462 06d2 11       		.uleb128 0x11
 1463 06d3 AA000000 		.4byte	.LASF36
 1464 06d7 AA000000 		.4byte	.LASF36
 1465 06db 09       		.byte	0x9
 1466 06dc 29       		.byte	0x29
 1467 06dd 11       		.uleb128 0x11
 1468 06de 00000000 		.4byte	.LASF37
 1469 06e2 00000000 		.4byte	.LASF37
 1470 06e6 0A       		.byte	0xa
 1471 06e7 26       		.byte	0x26
 1472 06e8 11       		.uleb128 0x11
 1473 06e9 52020000 		.4byte	.LASF38
 1474 06ed 52020000 		.4byte	.LASF38
 1475 06f1 0B       		.byte	0xb
 1476 06f2 29       		.byte	0x29
 1477 06f3 11       		.uleb128 0x11
 1478 06f4 51030000 		.4byte	.LASF39
 1479 06f8 51030000 		.4byte	.LASF39
 1480 06fc 0C       		.byte	0xc
 1481 06fd 26       		.byte	0x26
 1482 06fe 11       		.uleb128 0x11
 1483 06ff 49030000 		.4byte	.LASF40
 1484 0703 49030000 		.4byte	.LASF40
 1485 0707 0D       		.byte	0xd
 1486 0708 76       		.byte	0x76
 1487 0709 11       		.uleb128 0x11
 1488 070a 3C030000 		.4byte	.LASF41
 1489 070e 3C030000 		.4byte	.LASF41
 1490 0712 05       		.byte	0x5
 1491 0713 3D       		.byte	0x3d
 1492 0714 11       		.uleb128 0x11
 1493 0715 E5020000 		.4byte	.LASF42
 1494 0719 E5020000 		.4byte	.LASF42
 1495 071d 0E       		.byte	0xe
 1496 071e 0F       		.byte	0xf
 1497 071f 11       		.uleb128 0x11
ARM GAS  C:\Users\thoma\AppData\Local\Temp\ccYbUoSw.s 			page 30


 1498 0720 9C020000 		.4byte	.LASF43
 1499 0724 9C020000 		.4byte	.LASF43
 1500 0728 05       		.byte	0x5
 1501 0729 3E       		.byte	0x3e
 1502 072a 11       		.uleb128 0x11
 1503 072b A8010000 		.4byte	.LASF44
 1504 072f A8010000 		.4byte	.LASF44
 1505 0733 06       		.byte	0x6
 1506 0734 3F       		.byte	0x3f
 1507 0735 11       		.uleb128 0x11
 1508 0736 DC010000 		.4byte	.LASF45
 1509 073a DC010000 		.4byte	.LASF45
 1510 073e 06       		.byte	0x6
 1511 073f 42       		.byte	0x42
 1512 0740 11       		.uleb128 0x11
 1513 0741 89020000 		.4byte	.LASF46
 1514 0745 89020000 		.4byte	.LASF46
 1515 0749 05       		.byte	0x5
 1516 074a 61       		.byte	0x61
 1517 074b 11       		.uleb128 0x11
 1518 074c 1B020000 		.4byte	.LASF47
 1519 0750 1B020000 		.4byte	.LASF47
 1520 0754 05       		.byte	0x5
 1521 0755 3C       		.byte	0x3c
 1522 0756 11       		.uleb128 0x11
 1523 0757 97010000 		.4byte	.LASF48
 1524 075b 97010000 		.4byte	.LASF48
 1525 075f 06       		.byte	0x6
 1526 0760 3D       		.byte	0x3d
 1527 0761 00       		.byte	0
 1528              		.section	.debug_abbrev,"",%progbits
 1529              	.Ldebug_abbrev0:
 1530 0000 01       		.uleb128 0x1
 1531 0001 11       		.uleb128 0x11
 1532 0002 01       		.byte	0x1
 1533 0003 25       		.uleb128 0x25
 1534 0004 0E       		.uleb128 0xe
 1535 0005 13       		.uleb128 0x13
 1536 0006 0B       		.uleb128 0xb
 1537 0007 03       		.uleb128 0x3
 1538 0008 0E       		.uleb128 0xe
 1539 0009 1B       		.uleb128 0x1b
 1540 000a 0E       		.uleb128 0xe
 1541 000b 55       		.uleb128 0x55
 1542 000c 17       		.uleb128 0x17
 1543 000d 11       		.uleb128 0x11
 1544 000e 01       		.uleb128 0x1
 1545 000f 10       		.uleb128 0x10
 1546 0010 17       		.uleb128 0x17
 1547 0011 00       		.byte	0
 1548 0012 00       		.byte	0
 1549 0013 02       		.uleb128 0x2
 1550 0014 24       		.uleb128 0x24
 1551 0015 00       		.byte	0
 1552 0016 0B       		.uleb128 0xb
 1553 0017 0B       		.uleb128 0xb
 1554 0018 3E       		.uleb128 0x3e
ARM GAS  C:\Users\thoma\AppData\Local\Temp\ccYbUoSw.s 			page 31


 1555 0019 0B       		.uleb128 0xb
 1556 001a 03       		.uleb128 0x3
 1557 001b 0E       		.uleb128 0xe
 1558 001c 00       		.byte	0
 1559 001d 00       		.byte	0
 1560 001e 03       		.uleb128 0x3
 1561 001f 16       		.uleb128 0x16
 1562 0020 00       		.byte	0
 1563 0021 03       		.uleb128 0x3
 1564 0022 0E       		.uleb128 0xe
 1565 0023 3A       		.uleb128 0x3a
 1566 0024 0B       		.uleb128 0xb
 1567 0025 3B       		.uleb128 0x3b
 1568 0026 0B       		.uleb128 0xb
 1569 0027 49       		.uleb128 0x49
 1570 0028 13       		.uleb128 0x13
 1571 0029 00       		.byte	0
 1572 002a 00       		.byte	0
 1573 002b 04       		.uleb128 0x4
 1574 002c 24       		.uleb128 0x24
 1575 002d 00       		.byte	0
 1576 002e 0B       		.uleb128 0xb
 1577 002f 0B       		.uleb128 0xb
 1578 0030 3E       		.uleb128 0x3e
 1579 0031 0B       		.uleb128 0xb
 1580 0032 03       		.uleb128 0x3
 1581 0033 08       		.uleb128 0x8
 1582 0034 00       		.byte	0
 1583 0035 00       		.byte	0
 1584 0036 05       		.uleb128 0x5
 1585 0037 16       		.uleb128 0x16
 1586 0038 00       		.byte	0
 1587 0039 03       		.uleb128 0x3
 1588 003a 0E       		.uleb128 0xe
 1589 003b 3A       		.uleb128 0x3a
 1590 003c 0B       		.uleb128 0xb
 1591 003d 3B       		.uleb128 0x3b
 1592 003e 05       		.uleb128 0x5
 1593 003f 49       		.uleb128 0x49
 1594 0040 13       		.uleb128 0x13
 1595 0041 00       		.byte	0
 1596 0042 00       		.byte	0
 1597 0043 06       		.uleb128 0x6
 1598 0044 2E       		.uleb128 0x2e
 1599 0045 01       		.byte	0x1
 1600 0046 3F       		.uleb128 0x3f
 1601 0047 19       		.uleb128 0x19
 1602 0048 03       		.uleb128 0x3
 1603 0049 0E       		.uleb128 0xe
 1604 004a 3A       		.uleb128 0x3a
 1605 004b 0B       		.uleb128 0xb
 1606 004c 3B       		.uleb128 0x3b
 1607 004d 0B       		.uleb128 0xb
 1608 004e 49       		.uleb128 0x49
 1609 004f 13       		.uleb128 0x13
 1610 0050 11       		.uleb128 0x11
 1611 0051 01       		.uleb128 0x1
ARM GAS  C:\Users\thoma\AppData\Local\Temp\ccYbUoSw.s 			page 32


 1612 0052 12       		.uleb128 0x12
 1613 0053 06       		.uleb128 0x6
 1614 0054 40       		.uleb128 0x40
 1615 0055 18       		.uleb128 0x18
 1616 0056 9742     		.uleb128 0x2117
 1617 0058 19       		.uleb128 0x19
 1618 0059 01       		.uleb128 0x1
 1619 005a 13       		.uleb128 0x13
 1620 005b 00       		.byte	0
 1621 005c 00       		.byte	0
 1622 005d 07       		.uleb128 0x7
 1623 005e 898201   		.uleb128 0x4109
 1624 0061 00       		.byte	0
 1625 0062 11       		.uleb128 0x11
 1626 0063 01       		.uleb128 0x1
 1627 0064 31       		.uleb128 0x31
 1628 0065 13       		.uleb128 0x13
 1629 0066 00       		.byte	0
 1630 0067 00       		.byte	0
 1631 0068 08       		.uleb128 0x8
 1632 0069 898201   		.uleb128 0x4109
 1633 006c 01       		.byte	0x1
 1634 006d 11       		.uleb128 0x11
 1635 006e 01       		.uleb128 0x1
 1636 006f 31       		.uleb128 0x31
 1637 0070 13       		.uleb128 0x13
 1638 0071 01       		.uleb128 0x1
 1639 0072 13       		.uleb128 0x13
 1640 0073 00       		.byte	0
 1641 0074 00       		.byte	0
 1642 0075 09       		.uleb128 0x9
 1643 0076 8A8201   		.uleb128 0x410a
 1644 0079 00       		.byte	0
 1645 007a 02       		.uleb128 0x2
 1646 007b 18       		.uleb128 0x18
 1647 007c 9142     		.uleb128 0x2111
 1648 007e 18       		.uleb128 0x18
 1649 007f 00       		.byte	0
 1650 0080 00       		.byte	0
 1651 0081 0A       		.uleb128 0xa
 1652 0082 898201   		.uleb128 0x4109
 1653 0085 01       		.byte	0x1
 1654 0086 11       		.uleb128 0x11
 1655 0087 01       		.uleb128 0x1
 1656 0088 31       		.uleb128 0x31
 1657 0089 13       		.uleb128 0x13
 1658 008a 00       		.byte	0
 1659 008b 00       		.byte	0
 1660 008c 0B       		.uleb128 0xb
 1661 008d 2E       		.uleb128 0x2e
 1662 008e 01       		.byte	0x1
 1663 008f 3F       		.uleb128 0x3f
 1664 0090 19       		.uleb128 0x19
 1665 0091 03       		.uleb128 0x3
 1666 0092 0E       		.uleb128 0xe
 1667 0093 3A       		.uleb128 0x3a
 1668 0094 0B       		.uleb128 0xb
ARM GAS  C:\Users\thoma\AppData\Local\Temp\ccYbUoSw.s 			page 33


 1669 0095 3B       		.uleb128 0x3b
 1670 0096 0B       		.uleb128 0xb
 1671 0097 27       		.uleb128 0x27
 1672 0098 19       		.uleb128 0x19
 1673 0099 49       		.uleb128 0x49
 1674 009a 13       		.uleb128 0x13
 1675 009b 11       		.uleb128 0x11
 1676 009c 01       		.uleb128 0x1
 1677 009d 12       		.uleb128 0x12
 1678 009e 06       		.uleb128 0x6
 1679 009f 40       		.uleb128 0x40
 1680 00a0 18       		.uleb128 0x18
 1681 00a1 9742     		.uleb128 0x2117
 1682 00a3 19       		.uleb128 0x19
 1683 00a4 01       		.uleb128 0x1
 1684 00a5 13       		.uleb128 0x13
 1685 00a6 00       		.byte	0
 1686 00a7 00       		.byte	0
 1687 00a8 0C       		.uleb128 0xc
 1688 00a9 05       		.uleb128 0x5
 1689 00aa 00       		.byte	0
 1690 00ab 03       		.uleb128 0x3
 1691 00ac 0E       		.uleb128 0xe
 1692 00ad 3A       		.uleb128 0x3a
 1693 00ae 0B       		.uleb128 0xb
 1694 00af 3B       		.uleb128 0x3b
 1695 00b0 0B       		.uleb128 0xb
 1696 00b1 49       		.uleb128 0x49
 1697 00b2 13       		.uleb128 0x13
 1698 00b3 02       		.uleb128 0x2
 1699 00b4 17       		.uleb128 0x17
 1700 00b5 00       		.byte	0
 1701 00b6 00       		.byte	0
 1702 00b7 0D       		.uleb128 0xd
 1703 00b8 2E       		.uleb128 0x2e
 1704 00b9 01       		.byte	0x1
 1705 00ba 3F       		.uleb128 0x3f
 1706 00bb 19       		.uleb128 0x19
 1707 00bc 03       		.uleb128 0x3
 1708 00bd 0E       		.uleb128 0xe
 1709 00be 3A       		.uleb128 0x3a
 1710 00bf 0B       		.uleb128 0xb
 1711 00c0 3B       		.uleb128 0x3b
 1712 00c1 0B       		.uleb128 0xb
 1713 00c2 27       		.uleb128 0x27
 1714 00c3 19       		.uleb128 0x19
 1715 00c4 49       		.uleb128 0x49
 1716 00c5 13       		.uleb128 0x13
 1717 00c6 8701     		.uleb128 0x87
 1718 00c8 19       		.uleb128 0x19
 1719 00c9 11       		.uleb128 0x11
 1720 00ca 01       		.uleb128 0x1
 1721 00cb 12       		.uleb128 0x12
 1722 00cc 06       		.uleb128 0x6
 1723 00cd 40       		.uleb128 0x40
 1724 00ce 18       		.uleb128 0x18
 1725 00cf 9742     		.uleb128 0x2117
ARM GAS  C:\Users\thoma\AppData\Local\Temp\ccYbUoSw.s 			page 34


 1726 00d1 19       		.uleb128 0x19
 1727 00d2 01       		.uleb128 0x1
 1728 00d3 13       		.uleb128 0x13
 1729 00d4 00       		.byte	0
 1730 00d5 00       		.byte	0
 1731 00d6 0E       		.uleb128 0xe
 1732 00d7 34       		.uleb128 0x34
 1733 00d8 00       		.byte	0
 1734 00d9 03       		.uleb128 0x3
 1735 00da 0E       		.uleb128 0xe
 1736 00db 3A       		.uleb128 0x3a
 1737 00dc 0B       		.uleb128 0xb
 1738 00dd 3B       		.uleb128 0x3b
 1739 00de 0B       		.uleb128 0xb
 1740 00df 49       		.uleb128 0x49
 1741 00e0 13       		.uleb128 0x13
 1742 00e1 1C       		.uleb128 0x1c
 1743 00e2 0B       		.uleb128 0xb
 1744 00e3 00       		.byte	0
 1745 00e4 00       		.byte	0
 1746 00e5 0F       		.uleb128 0xf
 1747 00e6 34       		.uleb128 0x34
 1748 00e7 00       		.byte	0
 1749 00e8 03       		.uleb128 0x3
 1750 00e9 0E       		.uleb128 0xe
 1751 00ea 3A       		.uleb128 0x3a
 1752 00eb 0B       		.uleb128 0xb
 1753 00ec 3B       		.uleb128 0x3b
 1754 00ed 05       		.uleb128 0x5
 1755 00ee 49       		.uleb128 0x49
 1756 00ef 13       		.uleb128 0x13
 1757 00f0 3F       		.uleb128 0x3f
 1758 00f1 19       		.uleb128 0x19
 1759 00f2 3C       		.uleb128 0x3c
 1760 00f3 19       		.uleb128 0x19
 1761 00f4 00       		.byte	0
 1762 00f5 00       		.byte	0
 1763 00f6 10       		.uleb128 0x10
 1764 00f7 35       		.uleb128 0x35
 1765 00f8 00       		.byte	0
 1766 00f9 49       		.uleb128 0x49
 1767 00fa 13       		.uleb128 0x13
 1768 00fb 00       		.byte	0
 1769 00fc 00       		.byte	0
 1770 00fd 11       		.uleb128 0x11
 1771 00fe 2E       		.uleb128 0x2e
 1772 00ff 00       		.byte	0
 1773 0100 3F       		.uleb128 0x3f
 1774 0101 19       		.uleb128 0x19
 1775 0102 3C       		.uleb128 0x3c
 1776 0103 19       		.uleb128 0x19
 1777 0104 6E       		.uleb128 0x6e
 1778 0105 0E       		.uleb128 0xe
 1779 0106 03       		.uleb128 0x3
 1780 0107 0E       		.uleb128 0xe
 1781 0108 3A       		.uleb128 0x3a
 1782 0109 0B       		.uleb128 0xb
ARM GAS  C:\Users\thoma\AppData\Local\Temp\ccYbUoSw.s 			page 35


 1783 010a 3B       		.uleb128 0x3b
 1784 010b 0B       		.uleb128 0xb
 1785 010c 00       		.byte	0
 1786 010d 00       		.byte	0
 1787 010e 00       		.byte	0
 1788              		.section	.debug_loc,"",%progbits
 1789              	.Ldebug_loc0:
 1790              	.LLST0:
 1791 0000 00000000 		.4byte	.LVL27
 1792 0004 0E000000 		.4byte	.LVL28
 1793 0008 0100     		.2byte	0x1
 1794 000a 50       		.byte	0x50
 1795 000b 0E000000 		.4byte	.LVL28
 1796 000f 11000000 		.4byte	.LVL29-1
 1797 0013 0300     		.2byte	0x3
 1798 0015 72       		.byte	0x72
 1799 0016 01       		.sleb128 1
 1800 0017 9F       		.byte	0x9f
 1801 0018 11000000 		.4byte	.LVL29-1
 1802 001c 26000000 		.4byte	.LVL33
 1803 0020 0400     		.2byte	0x4
 1804 0022 F3       		.byte	0xf3
 1805 0023 01       		.uleb128 0x1
 1806 0024 50       		.byte	0x50
 1807 0025 9F       		.byte	0x9f
 1808 0026 26000000 		.4byte	.LVL33
 1809 002a 32000000 		.4byte	.LVL34
 1810 002e 0100     		.2byte	0x1
 1811 0030 50       		.byte	0x50
 1812 0031 32000000 		.4byte	.LVL34
 1813 0035 35000000 		.4byte	.LVL35-1
 1814 0039 0400     		.2byte	0x4
 1815 003b 73       		.byte	0x73
 1816 003c E807     		.sleb128 1000
 1817 003e 9F       		.byte	0x9f
 1818 003f 35000000 		.4byte	.LVL35-1
 1819 0043 4A000000 		.4byte	.LVL39
 1820 0047 0400     		.2byte	0x4
 1821 0049 F3       		.byte	0xf3
 1822 004a 01       		.uleb128 0x1
 1823 004b 50       		.byte	0x50
 1824 004c 9F       		.byte	0x9f
 1825 004d 4A000000 		.4byte	.LVL39
 1826 0051 56000000 		.4byte	.LVL40
 1827 0055 0100     		.2byte	0x1
 1828 0057 50       		.byte	0x50
 1829 0058 56000000 		.4byte	.LVL40
 1830 005c 59000000 		.4byte	.LVL41-1
 1831 0060 0400     		.2byte	0x4
 1832 0062 73       		.byte	0x73
 1833 0063 D00F     		.sleb128 2000
 1834 0065 9F       		.byte	0x9f
 1835 0066 59000000 		.4byte	.LVL41-1
 1836 006a 6E000000 		.4byte	.LVL45
 1837 006e 0400     		.2byte	0x4
 1838 0070 F3       		.byte	0xf3
 1839 0071 01       		.uleb128 0x1
ARM GAS  C:\Users\thoma\AppData\Local\Temp\ccYbUoSw.s 			page 36


 1840 0072 50       		.byte	0x50
 1841 0073 9F       		.byte	0x9f
 1842 0074 6E000000 		.4byte	.LVL45
 1843 0078 7A000000 		.4byte	.LVL46
 1844 007c 0100     		.2byte	0x1
 1845 007e 50       		.byte	0x50
 1846 007f 7A000000 		.4byte	.LVL46
 1847 0083 7D000000 		.4byte	.LVL47-1
 1848 0087 0400     		.2byte	0x4
 1849 0089 73       		.byte	0x73
 1850 008a B817     		.sleb128 3000
 1851 008c 9F       		.byte	0x9f
 1852 008d 7D000000 		.4byte	.LVL47-1
 1853 0091 92000000 		.4byte	.LVL51
 1854 0095 0400     		.2byte	0x4
 1855 0097 F3       		.byte	0xf3
 1856 0098 01       		.uleb128 0x1
 1857 0099 50       		.byte	0x50
 1858 009a 9F       		.byte	0x9f
 1859 009b 92000000 		.4byte	.LVL51
 1860 009f 9A000000 		.4byte	.LVL52
 1861 00a3 0100     		.2byte	0x1
 1862 00a5 50       		.byte	0x50
 1863 00a6 9A000000 		.4byte	.LVL52
 1864 00aa 9D000000 		.4byte	.LVL53-1
 1865 00ae 0400     		.2byte	0x4
 1866 00b0 73       		.byte	0x73
 1867 00b1 B817     		.sleb128 3000
 1868 00b3 9F       		.byte	0x9f
 1869 00b4 9D000000 		.4byte	.LVL53-1
 1870 00b8 B4000000 		.4byte	.LFE70
 1871 00bc 0400     		.2byte	0x4
 1872 00be F3       		.byte	0xf3
 1873 00bf 01       		.uleb128 0x1
 1874 00c0 50       		.byte	0x50
 1875 00c1 9F       		.byte	0x9f
 1876 00c2 00000000 		.4byte	0
 1877 00c6 00000000 		.4byte	0
 1878              	.LLST1:
 1879 00ca 00000000 		.4byte	.LVL57
 1880 00ce 06000000 		.4byte	.LVL58
 1881 00d2 0100     		.2byte	0x1
 1882 00d4 50       		.byte	0x50
 1883 00d5 06000000 		.4byte	.LVL58
 1884 00d9 30000000 		.4byte	.LVL65
 1885 00dd 0100     		.2byte	0x1
 1886 00df 54       		.byte	0x54
 1887 00e0 36000000 		.4byte	.LVL66
 1888 00e4 4C000000 		.4byte	.LVL70
 1889 00e8 0100     		.2byte	0x1
 1890 00ea 54       		.byte	0x54
 1891 00eb 00000000 		.4byte	0
 1892 00ef 00000000 		.4byte	0
 1893              	.LLST2:
 1894 00f3 00000000 		.4byte	.LVL71
 1895 00f7 06000000 		.4byte	.LVL72
 1896 00fb 0100     		.2byte	0x1
ARM GAS  C:\Users\thoma\AppData\Local\Temp\ccYbUoSw.s 			page 37


 1897 00fd 50       		.byte	0x50
 1898 00fe 06000000 		.4byte	.LVL72
 1899 0102 2E000000 		.4byte	.LVL79
 1900 0106 0100     		.2byte	0x1
 1901 0108 54       		.byte	0x54
 1902 0109 34000000 		.4byte	.LVL80
 1903 010d 60000000 		.4byte	.LVL86
 1904 0111 0100     		.2byte	0x1
 1905 0113 54       		.byte	0x54
 1906 0114 00000000 		.4byte	0
 1907 0118 00000000 		.4byte	0
 1908              		.section	.debug_aranges,"",%progbits
 1909 0000 64000000 		.4byte	0x64
 1910 0004 0200     		.2byte	0x2
 1911 0006 00000000 		.4byte	.Ldebug_info0
 1912 000a 04       		.byte	0x4
 1913 000b 00       		.byte	0
 1914 000c 0000     		.2byte	0
 1915 000e 0000     		.2byte	0
 1916 0010 00000000 		.4byte	.LFB63
 1917 0014 1A000000 		.4byte	.LFE63-.LFB63
 1918 0018 00000000 		.4byte	.LFB64
 1919 001c 1E000000 		.4byte	.LFE64-.LFB64
 1920 0020 00000000 		.4byte	.LFB65
 1921 0024 1C000000 		.4byte	.LFE65-.LFB65
 1922 0028 00000000 		.4byte	.LFB66
 1923 002c 1C000000 		.4byte	.LFE66-.LFB66
 1924 0030 00000000 		.4byte	.LFB68
 1925 0034 2A000000 		.4byte	.LFE68-.LFB68
 1926 0038 00000000 		.4byte	.LFB69
 1927 003c 1E000000 		.4byte	.LFE69-.LFB69
 1928 0040 00000000 		.4byte	.LFB70
 1929 0044 B4000000 		.4byte	.LFE70-.LFB70
 1930 0048 00000000 		.4byte	.LFB71
 1931 004c 54000000 		.4byte	.LFE71-.LFB71
 1932 0050 00000000 		.4byte	.LFB72
 1933 0054 68000000 		.4byte	.LFE72-.LFB72
 1934 0058 00000000 		.4byte	.LFB67
 1935 005c 18000000 		.4byte	.LFE67-.LFB67
 1936 0060 00000000 		.4byte	0
 1937 0064 00000000 		.4byte	0
 1938              		.section	.debug_ranges,"",%progbits
 1939              	.Ldebug_ranges0:
 1940 0000 00000000 		.4byte	.LFB63
 1941 0004 1A000000 		.4byte	.LFE63
 1942 0008 00000000 		.4byte	.LFB64
 1943 000c 1E000000 		.4byte	.LFE64
 1944 0010 00000000 		.4byte	.LFB65
 1945 0014 1C000000 		.4byte	.LFE65
 1946 0018 00000000 		.4byte	.LFB66
 1947 001c 1C000000 		.4byte	.LFE66
 1948 0020 00000000 		.4byte	.LFB68
 1949 0024 2A000000 		.4byte	.LFE68
 1950 0028 00000000 		.4byte	.LFB69
 1951 002c 1E000000 		.4byte	.LFE69
 1952 0030 00000000 		.4byte	.LFB70
 1953 0034 B4000000 		.4byte	.LFE70
ARM GAS  C:\Users\thoma\AppData\Local\Temp\ccYbUoSw.s 			page 38


 1954 0038 00000000 		.4byte	.LFB71
 1955 003c 54000000 		.4byte	.LFE71
 1956 0040 00000000 		.4byte	.LFB72
 1957 0044 68000000 		.4byte	.LFE72
 1958 0048 00000000 		.4byte	.LFB67
 1959 004c 18000000 		.4byte	.LFE67
 1960 0050 00000000 		.4byte	0
 1961 0054 00000000 		.4byte	0
 1962              		.section	.debug_line,"",%progbits
 1963              	.Ldebug_line0:
 1964 0000 6C020000 		.section	.debug_str,"MS",%progbits,1
 1964      02008601 
 1964      00000201 
 1964      FB0E0D00 
 1964      01010101 
 1965              	.LASF37:
 1966 0000 4C454430 		.ascii	"LED03_Write\000"
 1966      335F5772 
 1966      69746500 
 1967              	.LASF20:
 1968 000c 62656163 		.ascii	"beacon\000"
 1968      6F6E00
 1969              	.LASF30:
 1970 0013 4C43445F 		.ascii	"LCD_WriteControl\000"
 1970      57726974 
 1970      65436F6E 
 1970      74726F6C 
 1970      00
 1971              	.LASF51:
 1972 0024 443A5C50 		.ascii	"D:\\Polytech\\MA1 2022-2023 ULB\\Q2\\ELEC-H310 -- D"
 1972      6F6C7974 
 1972      6563685C 
 1972      4D413120 
 1972      32303232 
 1973 0053 69676974 		.ascii	"igital Electronics\\Coding\\INFO_H310\\Lab01\\Lab01"
 1973      616C2045 
 1973      6C656374 
 1973      726F6E69 
 1973      63735C43 
 1974 0082 5F4D7953 		.ascii	"_MySelf\\Design01.cydsn\000"
 1974      656C665C 
 1974      44657369 
 1974      676E3031 
 1974      2E637964 
 1975              	.LASF27:
 1976 0099 706F7456 		.ascii	"potVal\000"
 1976      616C00
 1977              	.LASF5:
 1978 00a0 5F5F696E 		.ascii	"__int32_t\000"
 1978      7433325F 
 1978      7400
 1979              	.LASF36:
 1980 00aa 444F574E 		.ascii	"DOWN_Read\000"
 1980      5F526561 
 1980      6400
 1981              	.LASF23:
 1982 00b4 7072696E 		.ascii	"print_keypad\000"
ARM GAS  C:\Users\thoma\AppData\Local\Temp\ccYbUoSw.s 			page 39


 1982      745F6B65 
 1982      79706164 
 1982      00
 1983              	.LASF15:
 1984 00c1 646F7562 		.ascii	"double\000"
 1984      6C6500
 1985              	.LASF32:
 1986 00c8 4C454430 		.ascii	"LED01_Read\000"
 1986      315F5265 
 1986      616400
 1987              	.LASF14:
 1988 00d3 666C6F61 		.ascii	"float\000"
 1988      7400
 1989              	.LASF29:
 1990 00d9 4C43445F 		.ascii	"LCD_Start\000"
 1990      53746172 
 1990      7400
 1991              	.LASF0:
 1992 00e3 7369676E 		.ascii	"signed char\000"
 1992      65642063 
 1992      68617200 
 1993              	.LASF26:
 1994 00ef 506F745F 		.ascii	"Pot_control\000"
 1994      636F6E74 
 1994      726F6C00 
 1995              	.LASF1:
 1996 00fb 756E7369 		.ascii	"unsigned char\000"
 1996      676E6564 
 1996      20636861 
 1996      7200
 1997              	.LASF49:
 1998 0109 474E5520 		.ascii	"GNU C11 5.4.1 20160609 (release) [ARM/embedded-5-br"
 1998      43313120 
 1998      352E342E 
 1998      31203230 
 1998      31363036 
 1999 013c 616E6368 		.ascii	"anch revision 237715] -mcpu=cortex-m3 -mthumb -g -O"
 1999      20726576 
 1999      6973696F 
 1999      6E203233 
 1999      37373135 
 2000 016f 67202D66 		.ascii	"g -ffunction-sections -ffat-lto-objects\000"
 2000      66756E63 
 2000      74696F6E 
 2000      2D736563 
 2000      74696F6E 
 2001              	.LASF48:
 2002 0197 4144435F 		.ascii	"ADC_StartConvert\000"
 2002      53746172 
 2002      74436F6E 
 2002      76657274 
 2002      00
 2003              	.LASF44:
 2004 01a8 4144435F 		.ascii	"ADC_IsEndConversion\000"
 2004      4973456E 
 2004      64436F6E 
 2004      76657273 
ARM GAS  C:\Users\thoma\AppData\Local\Temp\ccYbUoSw.s 			page 40


 2004      696F6E00 
 2005              	.LASF3:
 2006 01bc 73686F72 		.ascii	"short unsigned int\000"
 2006      7420756E 
 2006      7369676E 
 2006      65642069 
 2006      6E7400
 2007              	.LASF53:
 2008 01cf 49544D5F 		.ascii	"ITM_RxBuffer\000"
 2008      52784275 
 2008      66666572 
 2008      00
 2009              	.LASF45:
 2010 01dc 4144435F 		.ascii	"ADC_GetResult32\000"
 2010      47657452 
 2010      6573756C 
 2010      74333200 
 2011              	.LASF22:
 2012 01ec 7072696E 		.ascii	"print_key\000"
 2012      745F6B65 
 2012      7900
 2013              	.LASF19:
 2014 01f6 53746172 		.ascii	"Start_F\000"
 2014      745F4600 
 2015              	.LASF7:
 2016 01fe 6C6F6E67 		.ascii	"long unsigned int\000"
 2016      20756E73 
 2016      69676E65 
 2016      6420696E 
 2016      7400
 2017              	.LASF6:
 2018 0210 5F5F7569 		.ascii	"__uint32_t\000"
 2018      6E743332 
 2018      5F7400
 2019              	.LASF47:
 2020 021b 4C43445F 		.ascii	"LCD_PrintString\000"
 2020      5072696E 
 2020      74537472 
 2020      696E6700 
 2021              	.LASF13:
 2022 022b 75696E74 		.ascii	"uint16\000"
 2022      313600
 2023              	.LASF52:
 2024 0232 6D61696E 		.ascii	"main\000"
 2024      00
 2025              	.LASF28:
 2026 0237 4C696768 		.ascii	"Light_control\000"
 2026      745F636F 
 2026      6E74726F 
 2026      6C00
 2027              	.LASF10:
 2028 0245 756E7369 		.ascii	"unsigned int\000"
 2028      676E6564 
 2028      20696E74 
 2028      00
 2029              	.LASF38:
 2030 0252 544F505F 		.ascii	"TOP_Read\000"
ARM GAS  C:\Users\thoma\AppData\Local\Temp\ccYbUoSw.s 			page 41


 2030      52656164 
 2030      00
 2031              	.LASF9:
 2032 025b 6C6F6E67 		.ascii	"long long unsigned int\000"
 2032      206C6F6E 
 2032      6720756E 
 2032      7369676E 
 2032      65642069 
 2033              	.LASF34:
 2034 0272 4C454430 		.ascii	"LED02_Read\000"
 2034      325F5265 
 2034      616400
 2035              	.LASF21:
 2036 027d 76657269 		.ascii	"verif_cross\000"
 2036      665F6372 
 2036      6F737300 
 2037              	.LASF46:
 2038 0289 4C43445F 		.ascii	"LCD_PrintU32Number\000"
 2038      5072696E 
 2038      74553332 
 2038      4E756D62 
 2038      657200
 2039              	.LASF43:
 2040 029c 4C43445F 		.ascii	"LCD_PutChar\000"
 2040      50757443 
 2040      68617200 
 2041              	.LASF31:
 2042 02a8 4144435F 		.ascii	"ADC_Start\000"
 2042      53746172 
 2042      7400
 2043              	.LASF24:
 2044 02b2 4C45445F 		.ascii	"LED_off\000"
 2044      6F666600 
 2045              	.LASF11:
 2046 02ba 696E7433 		.ascii	"int32_t\000"
 2046      325F7400 
 2047              	.LASF18:
 2048 02c2 73697A65 		.ascii	"sizetype\000"
 2048      74797065 
 2048      00
 2049              	.LASF8:
 2050 02cb 6C6F6E67 		.ascii	"long long int\000"
 2050      206C6F6E 
 2050      6720696E 
 2050      7400
 2051              	.LASF50:
 2052 02d9 6D61696E 		.ascii	"main.c\000"
 2052      2E6300
 2053              	.LASF16:
 2054 02e0 63686172 		.ascii	"char\000"
 2054      00
 2055              	.LASF42:
 2056 02e5 6B657970 		.ascii	"keypadScan\000"
 2056      61645363 
 2056      616E00
 2057              	.LASF2:
 2058 02f0 73686F72 		.ascii	"short int\000"
ARM GAS  C:\Users\thoma\AppData\Local\Temp\ccYbUoSw.s 			page 42


 2058      7420696E 
 2058      7400
 2059              	.LASF33:
 2060 02fa 4C454430 		.ascii	"LED01_Write\000"
 2060      315F5772 
 2060      69746500 
 2061              	.LASF12:
 2062 0306 75696E74 		.ascii	"uint32_t\000"
 2062      33325F74 
 2062      00
 2063              	.LASF4:
 2064 030f 6C6F6E67 		.ascii	"long int\000"
 2064      20696E74 
 2064      00
 2065              	.LASF25:
 2066 0318 4C45445F 		.ascii	"LED_control\000"
 2066      636F6E74 
 2066      726F6C00 
 2067              	.LASF17:
 2068 0324 6C6F6E67 		.ascii	"long double\000"
 2068      20646F75 
 2068      626C6500 
 2069              	.LASF35:
 2070 0330 4C454430 		.ascii	"LED02_Write\000"
 2070      325F5772 
 2070      69746500 
 2071              	.LASF41:
 2072 033c 4C43445F 		.ascii	"LCD_Position\000"
 2072      506F7369 
 2072      74696F6E 
 2072      00
 2073              	.LASF40:
 2074 0349 43794465 		.ascii	"CyDelay\000"
 2074      6C617900 
 2075              	.LASF39:
 2076 0351 4C454430 		.ascii	"LED04_Write\000"
 2076      345F5772 
 2076      69746500 
 2077              		.ident	"GCC: (GNU Tools for ARM Embedded Processors) 5.4.1 20160609 (release) [ARM/embedded-5-bran
